
**** Build of configuration Debug for project Lab4Exercise1 ****

/opt/ti/ccs1040/ccs/utils/bin/gmake -k -j 4 all -O 
 
Building file: "../main.c"
Invoking: Arm Compiler
"/opt/ti/ccs1040/ccs/tools/compiler/ti-cgt-arm_20.2.5.LTS/bin/armcl" -mv7M3 --code_state=16 -me --include_path="/home/martin/Documents/School/Winter2023/CMPT464/Labs/Lab4Exercise1" --include_path="/home/martin/Documents/School/Winter2023/CMPT464/Labs/Lab4Exercise1" --include_path="/opt/ti/tirtos_cc13xx_cc26xx_2_21_01_08/products/cc13xxware_2_04_03_17272" --include_path="/opt/ti/ccs1040/ccs/tools/compiler/ti-cgt-arm_20.2.5.LTS/include" -g --c99 --gcc --diag_warning=225 --diag_warning=255 --diag_wrap=off --display_error_number --gen_func_subsections=on--abi=eabi --preproc_with_compile --preproc_dependency="main.d_raw"  "../main.c"
subdir_rules.mk:7: recipe for target 'main.obj' failed
error #24015-D: bad argument to option --gen_func_subsections: should be one of {on,off}
gmake: *** [main.obj] Error 1
error #24015-D: bad argument to option --gen_func_subsections: should be one of {on,off}
gmake: *** [startup_ccs.obj] Error 1
error #24015-D: bad argument to option --gen_func_subsections: should be one of {on,off}
gmake: *** [uart_module.obj] Error 1
error #24015-D: bad argument to option --gen_func_subsections: should be one of {on,off}
gmake: *** [ccfg.obj] Error 1
Building file: "../startup_ccs.c"
Invoking: Arm Compiler
"/opt/ti/ccs1040/ccs/tools/compiler/ti-cgt-arm_20.2.5.LTS/bin/armcl" -mv7M3 --code_state=16 -me --include_path="/home/martin/Documents/School/Winter2023/CMPT464/Labs/Lab4Exercise1" --include_path="/home/martin/Documents/School/Winter2023/CMPT464/Labs/Lab4Exercise1" --include_path="/opt/ti/tirtos_cc13xx_cc26xx_2_21_01_08/products/cc13xxware_2_04_03_17272" --include_path="/opt/ti/ccs1040/ccs/tools/compiler/ti-cgt-arm_20.2.5.LTS/include" -g --c99 --gcc --diag_warning=225 --diag_warning=255 --diag_wrap=off --display_error_number --gen_func_subsections=on--abi=eabi --preproc_with_compile --preproc_dependency="startup_ccs.d_raw"  "../startup_ccs.c"
subdir_rules.mk:7: recipe for target 'startup_ccs.obj' failed
Building file: "../uart_module.c"
Invoking: Arm Compiler
"/opt/ti/ccs1040/ccs/tools/compiler/ti-cgt-arm_20.2.5.LTS/bin/armcl" -mv7M3 --code_state=16 -me --include_path="/home/martin/Documents/School/Winter2023/CMPT464/Labs/Lab4Exercise1" --include_path="/home/martin/Documents/School/Winter2023/CMPT464/Labs/Lab4Exercise1" --include_path="/opt/ti/tirtos_cc13xx_cc26xx_2_21_01_08/products/cc13xxware_2_04_03_17272" --include_path="/opt/ti/ccs1040/ccs/tools/compiler/ti-cgt-arm_20.2.5.LTS/include" -g --c99 --gcc --diag_warning=225 --diag_warning=255 --diag_wrap=off --display_error_number --gen_func_subsections=on--abi=eabi --preproc_with_compile --preproc_dependency="uart_module.d_raw"  "../uart_module.c"
subdir_rules.mk:7: recipe for target 'uart_module.obj' failed
error #24015-D: bad argument to option --gen_func_subsections: should be one of {on,off}
gmake: *** [timer_module.obj] Error 1
Building file: "../ccfg.c"
Invoking: Arm Compiler
"/opt/ti/ccs1040/ccs/tools/compiler/ti-cgt-arm_20.2.5.LTS/bin/armcl" -mv7M3 --code_state=16 -me --include_path="/home/martin/Documents/School/Winter2023/CMPT464/Labs/Lab4Exercise1" --include_path="/home/martin/Documents/School/Winter2023/CMPT464/Labs/Lab4Exercise1" --include_path="/opt/ti/tirtos_cc13xx_cc26xx_2_21_01_08/products/cc13xxware_2_04_03_17272" --include_path="/opt/ti/ccs1040/ccs/tools/compiler/ti-cgt-arm_20.2.5.LTS/include" -g --c99 --gcc --diag_warning=225 --diag_warning=255 --diag_wrap=off --display_error_number --gen_func_subsections=on--abi=eabi --preproc_with_compile --preproc_dependency="ccfg.d_raw"  "../ccfg.c"
subdir_rules.mk:7: recipe for target 'ccfg.obj' failed
Building file: "../timer_module.c"
Invoking: Arm Compiler
"/opt/ti/ccs1040/ccs/tools/compiler/ti-cgt-arm_20.2.5.LTS/bin/armcl" -mv7M3 --code_state=16 -me --include_path="/home/martin/Documents/School/Winter2023/CMPT464/Labs/Lab4Exercise1" --include_path="/home/martin/Documents/School/Winter2023/CMPT464/Labs/Lab4Exercise1" --include_path="/opt/ti/tirtos_cc13xx_cc26xx_2_21_01_08/products/cc13xxware_2_04_03_17272" --include_path="/opt/ti/ccs1040/ccs/tools/compiler/ti-cgt-arm_20.2.5.LTS/include" -g --c99 --gcc --diag_warning=225 --diag_warning=255 --diag_wrap=off --display_error_number --gen_func_subsections=on--abi=eabi --preproc_with_compile --preproc_dependency="timer_module.d_raw"  "../timer_module.c"
subdir_rules.mk:7: recipe for target 'timer_module.obj' failed
gmake: Target 'all' not remade because of errors.

**** Build Finished ****

**** Build of configuration Debug for project Lab4Exercise1 ****

/opt/ti/ccs1040/ccs/utils/bin/gmake -k -j 4 all -O 
 
Building file: "../startup_ccs.c"
Invoking: Arm Compiler
"/opt/ti/ccs1040/ccs/tools/compiler/ti-cgt-arm_20.2.5.LTS/bin/armcl" -mv7M3 --code_state=16 -me --include_path="/home/martin/Documents/School/Winter2023/CMPT464/Labs/Lab4Exercise1" --include_path="/home/martin/Documents/School/Winter2023/CMPT464/Labs/Lab4Exercise1" --include_path="/opt/ti/tirtos_cc13xx_cc26xx_2_21_01_08/products/cc13xxware_2_04_03_17272" --include_path="/opt/ti/ccs1040/ccs/tools/compiler/ti-cgt-arm_20.2.5.LTS/include" -g --c99 --gcc --diag_warning=225 --diag_warning=255 --diag_wrap=off --display_error_number --preproc_with_compile --preproc_dependency="startup_ccs.d_raw"  "../startup_ccs.c"
Finished building: "../startup_ccs.c"
 
Building file: "../main.c"
Invoking: Arm Compiler
"/opt/ti/ccs1040/ccs/tools/compiler/ti-cgt-arm_20.2.5.LTS/bin/armcl" -mv7M3 --code_state=16 -me --include_path="/home/martin/Documents/School/Winter2023/CMPT464/Labs/Lab4Exercise1" --include_path="/home/martin/Documents/School/Winter2023/CMPT464/Labs/Lab4Exercise1" --include_path="/opt/ti/tirtos_cc13xx_cc26xx_2_21_01_08/products/cc13xxware_2_04_03_17272" --include_path="/opt/ti/ccs1040/ccs/tools/compiler/ti-cgt-arm_20.2.5.LTS/include" -g --c99 --gcc --diag_warning=225 --diag_warning=255 --diag_wrap=off --display_error_number --preproc_with_compile --preproc_dependency="main.d_raw"  "../main.c"
Finished building: "../main.c"
 
Building file: "../ccfg.c"
Invoking: Arm Compiler
"/opt/ti/ccs1040/ccs/tools/compiler/ti-cgt-arm_20.2.5.LTS/bin/armcl" -mv7M3 --code_state=16 -me --include_path="/home/martin/Documents/School/Winter2023/CMPT464/Labs/Lab4Exercise1" --include_path="/home/martin/Documents/School/Winter2023/CMPT464/Labs/Lab4Exercise1" --include_path="/opt/ti/tirtos_cc13xx_cc26xx_2_21_01_08/products/cc13xxware_2_04_03_17272" --include_path="/opt/ti/ccs1040/ccs/tools/compiler/ti-cgt-arm_20.2.5.LTS/include" -g --c99 --gcc --diag_warning=225 --diag_warning=255 --diag_wrap=off --display_error_number --preproc_with_compile --preproc_dependency="ccfg.d_raw"  "../ccfg.c"
Finished building: "../ccfg.c"
 
Building file: "../timer_module.c"
Invoking: Arm Compiler
"/opt/ti/ccs1040/ccs/tools/compiler/ti-cgt-arm_20.2.5.LTS/bin/armcl" -mv7M3 --code_state=16 -me --include_path="/home/martin/Documents/School/Winter2023/CMPT464/Labs/Lab4Exercise1" --include_path="/home/martin/Documents/School/Winter2023/CMPT464/Labs/Lab4Exercise1" --include_path="/opt/ti/tirtos_cc13xx_cc26xx_2_21_01_08/products/cc13xxware_2_04_03_17272" --include_path="/opt/ti/ccs1040/ccs/tools/compiler/ti-cgt-arm_20.2.5.LTS/include" -g --c99 --gcc --diag_warning=225 --diag_warning=255 --diag_wrap=off --display_error_number --preproc_with_compile --preproc_dependency="timer_module.d_raw"  "../timer_module.c"
Finished building: "../timer_module.c"
 
Building file: "../uart_module.c"
Invoking: Arm Compiler
"/opt/ti/ccs1040/ccs/tools/compiler/ti-cgt-arm_20.2.5.LTS/bin/armcl" -mv7M3 --code_state=16 -me --include_path="/home/martin/Documents/School/Winter2023/CMPT464/Labs/Lab4Exercise1" --include_path="/home/martin/Documents/School/Winter2023/CMPT464/Labs/Lab4Exercise1" --include_path="/opt/ti/tirtos_cc13xx_cc26xx_2_21_01_08/products/cc13xxware_2_04_03_17272" --include_path="/opt/ti/ccs1040/ccs/tools/compiler/ti-cgt-arm_20.2.5.LTS/include" -g --c99 --gcc --diag_warning=225 --diag_warning=255 --diag_wrap=off --display_error_number --preproc_with_compile --preproc_dependency="uart_module.d_raw"  "../uart_module.c"
 
>> Compilation failure
subdir_rules.mk:7: recipe for target 'uart_module.obj' failed
"../uart_module.c", line 20: error #143: expression must have pointer-to-object type
"../uart_module.c", line 24: warning #1105-D: standard requires that parameter "baudRate" be given a type by a subsequent declaration ("int" assumed)
1 error detected in the compilation of "../uart_module.c".
gmake: *** [uart_module.obj] Error 1
gmake: Target 'all' not remade because of errors.

**** Build Finished ****

**** Build of configuration Debug for project Lab4Exercise1 ****

/opt/ti/ccs1040/ccs/utils/bin/gmake -k -j 4 all -O 
 
Building file: "../uart_module.c"
Invoking: Arm Compiler
"/opt/ti/ccs1040/ccs/tools/compiler/ti-cgt-arm_20.2.5.LTS/bin/armcl" -mv7M3 --code_state=16 -me --include_path="/home/martin/Documents/School/Winter2023/CMPT464/Labs/Lab4Exercise1" --include_path="/home/martin/Documents/School/Winter2023/CMPT464/Labs/Lab4Exercise1" --include_path="/opt/ti/tirtos_cc13xx_cc26xx_2_21_01_08/products/cc13xxware_2_04_03_17272" --include_path="/opt/ti/ccs1040/ccs/tools/compiler/ti-cgt-arm_20.2.5.LTS/include" -g --c99 --gcc --diag_warning=225 --diag_warning=255 --diag_wrap=off --display_error_number --preproc_with_compile --preproc_dependency="uart_module.d_raw"  "../uart_module.c"
Finished building: "../uart_module.c"
 
Building target: "Lab4Exercise1.out"
Invoking: Arm Linker
"/opt/ti/ccs1040/ccs/tools/compiler/ti-cgt-arm_20.2.5.LTS/bin/armcl" -mv7M3 --code_state=16 -me -g --c99 --gcc --diag_warning=225 --diag_warning=255 --diag_wrap=off --display_error_number -z -m"Lab4Exercise1.map" --heap_size=0 --stack_size=256 -i"/opt/ti/ccs1040/ccs/tools/compiler/ti-cgt-arm_20.2.5.LTS/lib" -i"/opt/ti/ccs1040/ccs/tools/compiler/ti-cgt-arm_20.2.5.LTS/include" --reread_libs --diag_suppress=16002-D --diag_suppress=10247-D --diag_suppress=10325-D --diag_suppress=10229-D --diag_wrap=off --display_error_number --warn_sections --xml_link_info="Lab4Exercise1_linkInfo.xml" --rom_model -o "Lab4Exercise1.out" "./ccfg.obj" "./main.obj" "./startup_ccs.obj" "./timer_module.obj" "./uart_module.obj" "../cc13x0f128.cmd"  -l"/opt/ti/tirtos_cc13xx_cc26xx_2_21_01_08/products/cc13xxware_2_04_03_17272/driverlib/bin/ccs/driverlib.lib" -llibc.a 
<Linking>
"../uart_module.c", line 24: warning #1105-D: standard requires that parameter "baudRate" be given a type by a subsequent declaration ("int" assumed)
Finished building target: "Lab4Exercise1.out"
 

**** Build Finished ****

**** Build of configuration Debug for project Lab4Exercise1 ****

/opt/ti/ccs1040/ccs/utils/bin/gmake -k -j 4 all -O 
 
Building file: "../uart_module.c"
Invoking: Arm Compiler
"/opt/ti/ccs1040/ccs/tools/compiler/ti-cgt-arm_20.2.5.LTS/bin/armcl" -mv7M3 --code_state=16 -me --include_path="/home/martin/Documents/School/Winter2023/CMPT464/Labs/Lab4Exercise1" --include_path="/home/martin/Documents/School/Winter2023/CMPT464/Labs/Lab4Exercise1" --include_path="/opt/ti/tirtos_cc13xx_cc26xx_2_21_01_08/products/cc13xxware_2_04_03_17272" --include_path="/opt/ti/ccs1040/ccs/tools/compiler/ti-cgt-arm_20.2.5.LTS/include" -g --c99 --gcc --diag_warning=225 --diag_warning=255 --diag_wrap=off --display_error_number --preproc_with_compile --preproc_dependency="uart_module.d_raw"  "../uart_module.c"
Finished building: "../uart_module.c"
 
Building target: "Lab4Exercise1.out"
Invoking: Arm Linker
"/opt/ti/ccs1040/ccs/tools/compiler/ti-cgt-arm_20.2.5.LTS/bin/armcl" -mv7M3 --code_state=16 -me -g --c99 --gcc --diag_warning=225 --diag_warning=255 --diag_wrap=off --display_error_number -z -m"Lab4Exercise1.map" --heap_size=0 --stack_size=256 -i"/opt/ti/ccs1040/ccs/tools/compiler/ti-cgt-arm_20.2.5.LTS/lib" -i"/opt/ti/ccs1040/ccs/tools/compiler/ti-cgt-arm_20.2.5.LTS/include" --reread_libs --diag_suppress=16002-D --diag_suppress=10247-D --diag_suppress=10325-D --diag_suppress=10229-D --diag_wrap=off --display_error_number --warn_sections --xml_link_info="Lab4Exercise1_linkInfo.xml" --rom_model -o "Lab4Exercise1.out" "./ccfg.obj" "./main.obj" "./startup_ccs.obj" "./timer_module.obj" "./uart_module.obj" "../cc13x0f128.cmd"  -l"/opt/ti/tirtos_cc13xx_cc26xx_2_21_01_08/products/cc13xxware_2_04_03_17272/driverlib/bin/ccs/driverlib.lib" -llibc.a 
<Linking>
Finished building target: "Lab4Exercise1.out"
 

**** Build Finished ****

**** Build of configuration Debug for project Lab4Exercise1 ****

/opt/ti/ccs1040/ccs/utils/bin/gmake -k -j 4 all -O 
 
gmake[1]: 'Lab4Exercise1.out' is up to date.

**** Build Finished ****

**** Build of configuration Debug for project Lab4Exercise1 ****

/opt/ti/ccs1040/ccs/utils/bin/gmake -k -j 4 all -O 
 
Building file: "../main.c"
Invoking: Arm Compiler
"/opt/ti/ccs1040/ccs/tools/compiler/ti-cgt-arm_20.2.5.LTS/bin/armcl" -mv7M3 --code_state=16 -me --include_path="/home/martin/Documents/School/Winter2023/CMPT464/Labs/Lab4Exercise1" --include_path="/home/martin/Documents/School/Winter2023/CMPT464/Labs/Lab4Exercise1" --include_path="/opt/ti/tirtos_cc13xx_cc26xx_2_21_01_08/products/cc13xxware_2_04_03_17272" --include_path="/opt/ti/ccs1040/ccs/tools/compiler/ti-cgt-arm_20.2.5.LTS/include" -g --c99 --gcc --diag_warning=225 --diag_warning=255 --diag_wrap=off --display_error_number --preproc_with_compile --preproc_dependency="main.d_raw"  "../main.c"
Finished building: "../main.c"
 
Building target: "Lab4Exercise1.out"
Invoking: Arm Linker
"/opt/ti/ccs1040/ccs/tools/compiler/ti-cgt-arm_20.2.5.LTS/bin/armcl" -mv7M3 --code_state=16 -me -g --c99 --gcc --diag_warning=225 --diag_warning=255 --diag_wrap=off --display_error_number -z -m"Lab4Exercise1.map" --heap_size=0 --stack_size=256 -i"/opt/ti/ccs1040/ccs/tools/compiler/ti-cgt-arm_20.2.5.LTS/lib" -i"/opt/ti/ccs1040/ccs/tools/compiler/ti-cgt-arm_20.2.5.LTS/include" --reread_libs --diag_suppress=16002-D --diag_suppress=10247-D --diag_suppress=10325-D --diag_suppress=10229-D --diag_wrap=off --display_error_number --warn_sections --xml_link_info="Lab4Exercise1_linkInfo.xml" --rom_model -o "Lab4Exercise1.out" "./ccfg.obj" "./main.obj" "./startup_ccs.obj" "./timer_module.obj" "./uart_module.obj" "../cc13x0f128.cmd"  -l"/opt/ti/tirtos_cc13xx_cc26xx_2_21_01_08/products/cc13xxware_2_04_03_17272/driverlib/bin/ccs/driverlib.lib" -llibc.a 
<Linking>
Finished building target: "Lab4Exercise1.out"
 

**** Build Finished ****

**** Build of configuration Debug for project Lab4Exercise1 ****

/opt/ti/ccs1040/ccs/utils/bin/gmake -k -j 4 all -O 
 
gmake[1]: 'Lab4Exercise1.out' is up to date.

**** Build Finished ****

**** Build of configuration Debug for project Lab4Exercise1 ****

/opt/ti/ccs1040/ccs/utils/bin/gmake -k -j 4 all -O 
 
gmake[1]: 'Lab4Exercise1.out' is up to date.

**** Build Finished ****

**** Build of configuration Debug for project Lab4Exercise1 ****

/opt/ti/ccs1040/ccs/utils/bin/gmake -k -j 4 all -O 
 
Building file: "../uart_module.c"
Invoking: Arm Compiler
"/opt/ti/ccs1040/ccs/tools/compiler/ti-cgt-arm_20.2.5.LTS/bin/armcl" -mv7M3 --code_state=16 -me --include_path="/home/martin/Documents/School/Winter2023/CMPT464/Labs/Lab4Exercise1" --include_path="/home/martin/Documents/School/Winter2023/CMPT464/Labs/Lab4Exercise1" --include_path="/opt/ti/tirtos_cc13xx_cc26xx_2_21_01_08/products/cc13xxware_2_04_03_17272" --include_path="/opt/ti/ccs1040/ccs/tools/compiler/ti-cgt-arm_20.2.5.LTS/include" -g --c99 --gcc --diag_warning=225 --diag_warning=255 --diag_wrap=off --display_error_number --preproc_with_compile --preproc_dependency="uart_module.d_raw"  "../uart_module.c"
Finished building: "../uart_module.c"
 
Building target: "Lab4Exercise1.out"
Invoking: Arm Linker
"/opt/ti/ccs1040/ccs/tools/compiler/ti-cgt-arm_20.2.5.LTS/bin/armcl" -mv7M3 --code_state=16 -me -g --c99 --gcc --diag_warning=225 --diag_warning=255 --diag_wrap=off --display_error_number -z -m"Lab4Exercise1.map" --heap_size=0 --stack_size=256 -i"/opt/ti/ccs1040/ccs/tools/compiler/ti-cgt-arm_20.2.5.LTS/lib" -i"/opt/ti/ccs1040/ccs/tools/compiler/ti-cgt-arm_20.2.5.LTS/include" --reread_libs --diag_suppress=16002-D --diag_suppress=10247-D --diag_suppress=10325-D --diag_suppress=10229-D --diag_wrap=off --display_error_number --warn_sections --xml_link_info="Lab4Exercise1_linkInfo.xml" --rom_model -o "Lab4Exercise1.out" "./ccfg.obj" "./main.obj" "./startup_ccs.obj" "./timer_module.obj" "./uart_module.obj" "../cc13x0f128.cmd"  -l"/opt/ti/tirtos_cc13xx_cc26xx_2_21_01_08/products/cc13xxware_2_04_03_17272/driverlib/bin/ccs/driverlib.lib" -llibc.a 
<Linking>
Finished building target: "Lab4Exercise1.out"
 

**** Build Finished ****

**** Clean-only build of configuration Debug for project Lab4Exercise2 ****

/opt/ti/ccs1040/ccs/utils/bin/gmake -k -j 4 clean -O 
 
gmake: *** No rule to make target 'clean'.

**** Build Finished ****

**** Build of configuration Debug for project Lab4Exercise2 ****

/opt/ti/ccs1040/ccs/utils/bin/gmake -k -j 4 all -O 
 
Building file: "../ccfg.c"
Invoking: Arm Compiler
"/opt/ti/ccs1040/ccs/tools/compiler/ti-cgt-arm_20.2.5.LTS/bin/armcl" -mv7M3 --code_state=16 -me --include_path="/home/martin/Documents/School/Winter2023/CMPT464/Labs/Lab4Exercise2" --include_path="/home/martin/Documents/School/Winter2023/CMPT464/Labs/Lab4Exercise2" --include_path="/opt/ti/tirtos_cc13xx_cc26xx_2_21_01_08/products/cc13xxware_2_04_03_17272" --include_path="/opt/ti/ccs1040/ccs/tools/compiler/ti-cgt-arm_20.2.5.LTS/include" -g --c99 --gcc --diag_warning=225 --diag_warning=255 --diag_wrap=off --display_error_number --gen_func_subsections=on--abi=eabi --preproc_with_compile --preproc_dependency="ccfg.d_raw"  "../ccfg.c"
subdir_rules.mk:7: recipe for target 'ccfg.obj' failed
error #24015-D: bad argument to option --gen_func_subsections: should be one of {on,off}
gmake: *** [ccfg.obj] Error 1
error #24015-D: bad argument to option --gen_func_subsections: should be one of {on,off}
gmake: *** [main.obj] Error 1
error #24015-D: bad argument to option --gen_func_subsections: should be one of {on,off}
gmake: *** [startup_ccs.obj] Error 1
Building file: "../main.c"
Invoking: Arm Compiler
"/opt/ti/ccs1040/ccs/tools/compiler/ti-cgt-arm_20.2.5.LTS/bin/armcl" -mv7M3 --code_state=16 -me --include_path="/home/martin/Documents/School/Winter2023/CMPT464/Labs/Lab4Exercise2" --include_path="/home/martin/Documents/School/Winter2023/CMPT464/Labs/Lab4Exercise2" --include_path="/opt/ti/tirtos_cc13xx_cc26xx_2_21_01_08/products/cc13xxware_2_04_03_17272" --include_path="/opt/ti/ccs1040/ccs/tools/compiler/ti-cgt-arm_20.2.5.LTS/include" -g --c99 --gcc --diag_warning=225 --diag_warning=255 --diag_wrap=off --display_error_number --gen_func_subsections=on--abi=eabi --preproc_with_compile --preproc_dependency="main.d_raw"  "../main.c"
subdir_rules.mk:7: recipe for target 'main.obj' failed
Building file: "../startup_ccs.c"
Invoking: Arm Compiler
"/opt/ti/ccs1040/ccs/tools/compiler/ti-cgt-arm_20.2.5.LTS/bin/armcl" -mv7M3 --code_state=16 -me --include_path="/home/martin/Documents/School/Winter2023/CMPT464/Labs/Lab4Exercise2" --include_path="/home/martin/Documents/School/Winter2023/CMPT464/Labs/Lab4Exercise2" --include_path="/opt/ti/tirtos_cc13xx_cc26xx_2_21_01_08/products/cc13xxware_2_04_03_17272" --include_path="/opt/ti/ccs1040/ccs/tools/compiler/ti-cgt-arm_20.2.5.LTS/include" -g --c99 --gcc --diag_warning=225 --diag_warning=255 --diag_wrap=off --display_error_number --gen_func_subsections=on--abi=eabi --preproc_with_compile --preproc_dependency="startup_ccs.d_raw"  "../startup_ccs.c"
subdir_rules.mk:7: recipe for target 'startup_ccs.obj' failed
gmake: Target 'all' not remade because of errors.

**** Build Finished ****

**** Build of configuration Debug for project Lab4Exercise2 ****

/opt/ti/ccs1040/ccs/utils/bin/gmake -k -j 4 all -O 
 
Building file: "../ccfg.c"
Invoking: Arm Compiler
"/opt/ti/ccs1040/ccs/tools/compiler/ti-cgt-arm_20.2.5.LTS/bin/armcl" -mv7M3 --code_state=16 -me --include_path="/home/martin/Documents/School/Winter2023/CMPT464/Labs/Lab4Exercise2" --include_path="/home/martin/Documents/School/Winter2023/CMPT464/Labs/Lab4Exercise2" --include_path="/opt/ti/tirtos_cc13xx_cc26xx_2_21_01_08/products/cc13xxware_2_04_03_17272" --include_path="/opt/ti/ccs1040/ccs/tools/compiler/ti-cgt-arm_20.2.5.LTS/include" -g --c99 --gcc --diag_warning=225 --diag_warning=255 --diag_wrap=off --display_error_number --gen_func_subsections=on--abi=eabi --preproc_with_compile --preproc_dependency="ccfg.d_raw"  "../ccfg.c"
subdir_rules.mk:7: recipe for target 'ccfg.obj' failed
error #24015-D: bad argument to option --gen_func_subsections: should be one of {on,off}
gmake: *** [ccfg.obj] Error 1
error #24015-D: bad argument to option --gen_func_subsections: should be one of {on,off}
gmake: *** [main.obj] Error 1
Building file: "../main.c"
Invoking: Arm Compiler
"/opt/ti/ccs1040/ccs/tools/compiler/ti-cgt-arm_20.2.5.LTS/bin/armcl" -mv7M3 --code_state=16 -me --include_path="/home/martin/Documents/School/Winter2023/CMPT464/Labs/Lab4Exercise2" --include_path="/home/martin/Documents/School/Winter2023/CMPT464/Labs/Lab4Exercise2" --include_path="/opt/ti/tirtos_cc13xx_cc26xx_2_21_01_08/products/cc13xxware_2_04_03_17272" --include_path="/opt/ti/ccs1040/ccs/tools/compiler/ti-cgt-arm_20.2.5.LTS/include" -g --c99 --gcc --diag_warning=225 --diag_warning=255 --diag_wrap=off --display_error_number --gen_func_subsections=on--abi=eabi --preproc_with_compile --preproc_dependency="main.d_raw"  "../main.c"
subdir_rules.mk:7: recipe for target 'main.obj' failed
Building file: "../startup_ccs.c"
Invoking: Arm Compiler
"/opt/ti/ccs1040/ccs/tools/compiler/ti-cgt-arm_20.2.5.LTS/bin/armcl" -mv7M3 --code_state=16 -me --include_path="/home/martin/Documents/School/Winter2023/CMPT464/Labs/Lab4Exercise2" --include_path="/home/martin/Documents/School/Winter2023/CMPT464/Labs/Lab4Exercise2" --include_path="/opt/ti/tirtos_cc13xx_cc26xx_2_21_01_08/products/cc13xxware_2_04_03_17272" --include_path="/opt/ti/ccs1040/ccs/tools/compiler/ti-cgt-arm_20.2.5.LTS/include" -g --c99 --gcc --diag_warning=225 --diag_warning=255 --diag_wrap=off --display_error_number --gen_func_subsections=on--abi=eabi --preproc_with_compile --preproc_dependency="startup_ccs.d_raw"  "../startup_ccs.c"
subdir_rules.mk:7: recipe for target 'startup_ccs.obj' failed
error #24015-D: bad argument to option --gen_func_subsections: should be one of {on,off}
gmake: *** [startup_ccs.obj] Error 1
gmake: Target 'all' not remade because of errors.

**** Build Finished ****

**** Build of configuration Debug for project Lab4Exercise2 ****

/opt/ti/ccs1040/ccs/utils/bin/gmake -k -j 4 all -O 
 
Building file: "../ccfg.c"
Invoking: Arm Compiler
"/opt/ti/ccs1040/ccs/tools/compiler/ti-cgt-arm_20.2.5.LTS/bin/armcl" -mv7M3 --code_state=16 -me --include_path="/home/martin/Documents/School/Winter2023/CMPT464/Labs/Lab4Exercise2" --include_path="/home/martin/Documents/School/Winter2023/CMPT464/Labs/Lab4Exercise2" --include_path="/opt/ti/tirtos_cc13xx_cc26xx_2_21_01_08/products/cc13xxware_2_04_03_17272" --include_path="/opt/ti/ccs1040/ccs/tools/compiler/ti-cgt-arm_20.2.5.LTS/include" -g --c99 --gcc --diag_warning=225 --diag_warning=255 --diag_wrap=off --display_error_number --preproc_with_compile --preproc_dependency="ccfg.d_raw"  "../ccfg.c"
Finished building: "../ccfg.c"
 
Building file: "../main.c"
Invoking: Arm Compiler
"/opt/ti/ccs1040/ccs/tools/compiler/ti-cgt-arm_20.2.5.LTS/bin/armcl" -mv7M3 --code_state=16 -me --include_path="/home/martin/Documents/School/Winter2023/CMPT464/Labs/Lab4Exercise2" --include_path="/home/martin/Documents/School/Winter2023/CMPT464/Labs/Lab4Exercise2" --include_path="/opt/ti/tirtos_cc13xx_cc26xx_2_21_01_08/products/cc13xxware_2_04_03_17272" --include_path="/opt/ti/ccs1040/ccs/tools/compiler/ti-cgt-arm_20.2.5.LTS/include" -g --c99 --gcc --diag_warning=225 --diag_warning=255 --diag_wrap=off --display_error_number --preproc_with_compile --preproc_dependency="main.d_raw"  "../main.c"
Finished building: "../main.c"
 
Building file: "../startup_ccs.c"
Invoking: Arm Compiler
"/opt/ti/ccs1040/ccs/tools/compiler/ti-cgt-arm_20.2.5.LTS/bin/armcl" -mv7M3 --code_state=16 -me --include_path="/home/martin/Documents/School/Winter2023/CMPT464/Labs/Lab4Exercise2" --include_path="/home/martin/Documents/School/Winter2023/CMPT464/Labs/Lab4Exercise2" --include_path="/opt/ti/tirtos_cc13xx_cc26xx_2_21_01_08/products/cc13xxware_2_04_03_17272" --include_path="/opt/ti/ccs1040/ccs/tools/compiler/ti-cgt-arm_20.2.5.LTS/include" -g --c99 --gcc --diag_warning=225 --diag_warning=255 --diag_wrap=off --display_error_number --preproc_with_compile --preproc_dependency="startup_ccs.d_raw"  "../startup_ccs.c"
Finished building: "../startup_ccs.c"
 
Building target: "Lab4Exercise2.out"
Invoking: Arm Linker
"/opt/ti/ccs1040/ccs/tools/compiler/ti-cgt-arm_20.2.5.LTS/bin/armcl" -mv7M3 --code_state=16 -me -g --c99 --gcc --diag_warning=225 --diag_warning=255 --diag_wrap=off --display_error_number -z --heap_size=0 --stack_size=256 -i"/opt/ti/ccs1040/ccs/tools/compiler/ti-cgt-arm_20.2.5.LTS/lib" -i"/opt/ti/ccs1040/ccs/tools/compiler/ti-cgt-arm_20.2.5.LTS/include" --reread_libs --diag_suppress=16002-D --diag_suppress=10247-D --diag_suppress=10325-D --diag_suppress=10229-D --diag_wrap=off --display_error_number --warn_sections --xml_link_info="Lab4Exercise2_linkInfo.xml" --rom_model m"Lab4Exercise2.map" -o "Lab4Exercise2.out" "./ccfg.obj" "./main.obj" "./startup_ccs.obj" "../cc13x0f128.cmd"  -l"/opt/ti/tirtos_cc13xx_cc26xx_2_21_01_08/products/cc13xxware_2_04_03_17272/driverlib/bin/ccs/driverlib.lib" -llibc.a 
<Linking>
error #10008-D: cannot find file "mLab4Exercise2.map"
error #10010: errors encountered during linking; "Lab4Exercise2.out" not built
 
>> Compilation failure
makefile:142: recipe for target 'Lab4Exercise2.out' failed
makefile:138: recipe for target 'all' failed
gmake[1]: *** [Lab4Exercise2.out] Error 1
gmake: *** [all] Error 2

**** Build Finished ****

**** Build of configuration Debug for project Lab4Exercise2 ****

/opt/ti/ccs1040/ccs/utils/bin/gmake -k -j 4 all -O 
 
Building target: "Lab4Exercise2.out"
Invoking: Arm Linker
"/opt/ti/ccs1040/ccs/tools/compiler/ti-cgt-arm_20.2.5.LTS/bin/armcl" -mv7M3 --code_state=16 -me -g --c99 --gcc --diag_warning=225 --diag_warning=255 --diag_wrap=off --display_error_number -z --heap_size=0 --stack_size=256 -i"/opt/ti/ccs1040/ccs/tools/compiler/ti-cgt-arm_20.2.5.LTS/lib" -i"/opt/ti/ccs1040/ccs/tools/compiler/ti-cgt-arm_20.2.5.LTS/include" --reread_libs --diag_suppress=16002-D --diag_suppress=10247-D --diag_suppress=10325-D --diag_suppress=10229-D --diag_wrap=off --display_error_number --warn_sections --xml_link_info="Lab4Exercise2_linkInfo.xml" --rom_model m"Lab4Exercise2.map" -o "Lab4Exercise2.out" "./ccfg.obj" "./main.obj" "./startup_ccs.obj" "../cc13x0f128.cmd"  -l"/opt/ti/tirtos_cc13xx_cc26xx_2_21_01_08/products/cc13xxware_2_04_03_17272/driverlib/bin/ccs/driverlib.lib" -llibc.a 
<Linking>
error #10008-D: cannot find file "mLab4Exercise2.map"
error #10010: errors encountered during linking; "Lab4Exercise2.out" not built
 
>> Compilation failure
makefile:142: recipe for target 'Lab4Exercise2.out' failed
gmake[1]: *** [Lab4Exercise2.out] Error 1
gmake: *** [all] Error 2
makefile:138: recipe for target 'all' failed

**** Build Finished ****

**** Build of configuration Debug for project Lab4Exercise2 ****

/opt/ti/ccs1040/ccs/utils/bin/gmake -k -j 4 all -O 
 
Building target: "Lab4Exercise2.out"
Invoking: Arm Linker
"/opt/ti/ccs1040/ccs/tools/compiler/ti-cgt-arm_20.2.5.LTS/bin/armcl" -mv7M3 --code_state=16 -me -g --c99 --gcc --diag_warning=225 --diag_warning=255 --diag_wrap=off --display_error_number -z --heap_size=0 --stack_size=256 -i"/opt/ti/ccs1040/ccs/tools/compiler/ti-cgt-arm_20.2.5.LTS/lib" -i"/opt/ti/ccs1040/ccs/tools/compiler/ti-cgt-arm_20.2.5.LTS/include" --reread_libs --diag_suppress=16002-D --diag_suppress=10247-D --diag_suppress=10325-D --diag_suppress=10229-D --diag_wrap=off --display_error_number --warn_sections --xml_link_info="Lab4Exercise2_linkInfo.xml" --rom_model m"Lab4Exercise2.map" -o "Lab4Exercise2.out" "./ccfg.obj" "./main.obj" "./startup_ccs.obj" "../cc13x0f128.cmd"  -l"/opt/ti/tirtos_cc13xx_cc26xx_2_21_01_08/products/cc13xxware_2_04_03_17272/driverlib/bin/ccs/driverlib.lib" -llibc.a 
<Linking>
error #10008-D: cannot find file "mLab4Exercise2.map"
error #10010: errors encountered during linking; "Lab4Exercise2.out" not built
 
>> Compilation failure
makefile:142: recipe for target 'Lab4Exercise2.out' failed
gmake[1]: *** [Lab4Exercise2.out] Error 1
gmake: *** [all] Error 2
makefile:138: recipe for target 'all' failed

**** Build Finished ****

**** Build of configuration Debug for project Lab4Exercise2 ****

/opt/ti/ccs1040/ccs/utils/bin/gmake -k -j 4 all -O 
 
Building file: "../ccfg.c"
Invoking: Arm Compiler
"/opt/ti/ccs1040/ccs/tools/compiler/ti-cgt-arm_20.2.5.LTS/bin/armcl" -mv7M3 --code_state=16 -me --include_path="/home/martin/Documents/School/Winter2023/CMPT464/Labs/Lab4Exercise2" --include_path="/home/martin/Documents/School/Winter2023/CMPT464/Labs/Lab4Exercise2" --include_path="/opt/ti/tirtos_cc13xx_cc26xx_2_21_01_08/products/cc13xxware_2_04_03_17272" --include_path="/opt/ti/ccs1040/ccs/tools/compiler/ti-cgt-arm_20.2.5.LTS/include" -g --c99 --gcc --diag_warning=225 --diag_warning=255 --diag_wrap=off --display_error_number --gen_func_subsections=on--abi=eabi --preproc_with_compile --preproc_dependency="ccfg.d_raw"  "../ccfg.c"
subdir_rules.mk:7: recipe for target 'ccfg.obj' failed
error #24015-D: bad argument to option --gen_func_subsections: should be one of {on,off}
gmake: *** [ccfg.obj] Error 1
Building file: "../main.c"
Invoking: Arm Compiler
"/opt/ti/ccs1040/ccs/tools/compiler/ti-cgt-arm_20.2.5.LTS/bin/armcl" -mv7M3 --code_state=16 -me --include_path="/home/martin/Documents/School/Winter2023/CMPT464/Labs/Lab4Exercise2" --include_path="/home/martin/Documents/School/Winter2023/CMPT464/Labs/Lab4Exercise2" --include_path="/opt/ti/tirtos_cc13xx_cc26xx_2_21_01_08/products/cc13xxware_2_04_03_17272" --include_path="/opt/ti/ccs1040/ccs/tools/compiler/ti-cgt-arm_20.2.5.LTS/include" -g --c99 --gcc --diag_warning=225 --diag_warning=255 --diag_wrap=off --display_error_number --gen_func_subsections=on--abi=eabi --preproc_with_compile --preproc_dependency="main.d_raw"  "../main.c"
subdir_rules.mk:7: recipe for target 'main.obj' failed
Building file: "../startup_ccs.c"
Invoking: Arm Compiler
"/opt/ti/ccs1040/ccs/tools/compiler/ti-cgt-arm_20.2.5.LTS/bin/armcl" -mv7M3 --code_state=16 -me --include_path="/home/martin/Documents/School/Winter2023/CMPT464/Labs/Lab4Exercise2" --include_path="/home/martin/Documents/School/Winter2023/CMPT464/Labs/Lab4Exercise2" --include_path="/opt/ti/tirtos_cc13xx_cc26xx_2_21_01_08/products/cc13xxware_2_04_03_17272" --include_path="/opt/ti/ccs1040/ccs/tools/compiler/ti-cgt-arm_20.2.5.LTS/include" -g --c99 --gcc --diag_warning=225 --diag_warning=255 --diag_wrap=off --display_error_number --gen_func_subsections=on--abi=eabi --preproc_with_compile --preproc_dependency="startup_ccs.d_raw"  "../startup_ccs.c"
subdir_rules.mk:7: recipe for target 'startup_ccs.obj' failed
error #24015-D: bad argument to option --gen_func_subsections: should be one of {on,off}
gmake: *** [main.obj] Error 1
error #24015-D: bad argument to option --gen_func_subsections: should be one of {on,off}
gmake: *** [startup_ccs.obj] Error 1
gmake: Target 'all' not remade because of errors.

**** Build Finished ****

**** Build of configuration Debug for project Lab4Exercise2 ****

/opt/ti/ccs1040/ccs/utils/bin/gmake -k -j 4 all -O 
 
Building file: "../ccfg.c"
Invoking: Arm Compiler
"/opt/ti/ccs1040/ccs/tools/compiler/ti-cgt-arm_20.2.5.LTS/bin/armcl" -mv7M3 --code_state=16 -me --include_path="/home/martin/Documents/School/Winter2023/CMPT464/Labs/Lab4Exercise2" --include_path="/home/martin/Documents/School/Winter2023/CMPT464/Labs/Lab4Exercise2" --include_path="/opt/ti/tirtos_cc13xx_cc26xx_2_21_01_08/products/cc13xxware_2_04_03_17272" --include_path="/opt/ti/ccs1040/ccs/tools/compiler/ti-cgt-arm_20.2.5.LTS/include" -g --c99 --gcc --diag_warning=225 --diag_warning=255 --diag_wrap=off --display_error_number --preproc_with_compile --preproc_dependency="ccfg.d_raw"  "../ccfg.c"
Finished building: "../ccfg.c"
 
Building file: "../main.c"
Invoking: Arm Compiler
"/opt/ti/ccs1040/ccs/tools/compiler/ti-cgt-arm_20.2.5.LTS/bin/armcl" -mv7M3 --code_state=16 -me --include_path="/home/martin/Documents/School/Winter2023/CMPT464/Labs/Lab4Exercise2" --include_path="/home/martin/Documents/School/Winter2023/CMPT464/Labs/Lab4Exercise2" --include_path="/opt/ti/tirtos_cc13xx_cc26xx_2_21_01_08/products/cc13xxware_2_04_03_17272" --include_path="/opt/ti/ccs1040/ccs/tools/compiler/ti-cgt-arm_20.2.5.LTS/include" -g --c99 --gcc --diag_warning=225 --diag_warning=255 --diag_wrap=off --display_error_number --preproc_with_compile --preproc_dependency="main.d_raw"  "../main.c"
Finished building: "../main.c"
 
Building file: "../startup_ccs.c"
Invoking: Arm Compiler
"/opt/ti/ccs1040/ccs/tools/compiler/ti-cgt-arm_20.2.5.LTS/bin/armcl" -mv7M3 --code_state=16 -me --include_path="/home/martin/Documents/School/Winter2023/CMPT464/Labs/Lab4Exercise2" --include_path="/home/martin/Documents/School/Winter2023/CMPT464/Labs/Lab4Exercise2" --include_path="/opt/ti/tirtos_cc13xx_cc26xx_2_21_01_08/products/cc13xxware_2_04_03_17272" --include_path="/opt/ti/ccs1040/ccs/tools/compiler/ti-cgt-arm_20.2.5.LTS/include" -g --c99 --gcc --diag_warning=225 --diag_warning=255 --diag_wrap=off --display_error_number --preproc_with_compile --preproc_dependency="startup_ccs.d_raw"  "../startup_ccs.c"
Finished building: "../startup_ccs.c"
 
Building target: "Lab4Exercise2.out"
Invoking: Arm Linker
"/opt/ti/ccs1040/ccs/tools/compiler/ti-cgt-arm_20.2.5.LTS/bin/armcl" -mv7M3 --code_state=16 -me -g --c99 --gcc --diag_warning=225 --diag_warning=255 --diag_wrap=off --display_error_number -z -m"Lab4Exercise2.map" --heap_size=0 --stack_size=256 -i"/opt/ti/ccs1040/ccs/tools/compiler/ti-cgt-arm_20.2.5.LTS/lib" -i"/opt/ti/ccs1040/ccs/tools/compiler/ti-cgt-arm_20.2.5.LTS/include" --reread_libs --diag_suppress=16002-D --diag_suppress=10247-D --diag_suppress=10325-D --diag_suppress=10229-D --diag_wrap=off --display_error_number --warn_sections --xml_link_info="Lab4Exercise2_linkInfo.xml" --rom_model -o "Lab4Exercise2.out" "./ccfg.obj" "./main.obj" "./startup_ccs.obj" "../cc13x0f128.cmd"  -llibc.a -l"/opt/ti/tirtos_cc13xx_cc26xx_2_21_01_08/products/cc13xxware_2_04_03_17272/driverlib/bin/ccs/driverlib.lib" 
<Linking>
Finished building target: "Lab4Exercise2.out"
 

**** Build Finished ****

**** Build of configuration Debug for project Lab4Exercise1 ****

/opt/ti/ccs1040/ccs/utils/bin/gmake -k -j 4 all -O 
 
Building file: "../timer_module.c"
Invoking: Arm Compiler
"/opt/ti/ccs1040/ccs/tools/compiler/ti-cgt-arm_20.2.5.LTS/bin/armcl" -mv7M3 --code_state=16 -me --include_path="/home/martin/Documents/School/Winter2023/CMPT464/Labs/Lab4Exercise1" --include_path="/home/martin/Documents/School/Winter2023/CMPT464/Labs/Lab4Exercise1" --include_path="/opt/ti/tirtos_cc13xx_cc26xx_2_21_01_08/products/cc13xxware_2_04_03_17272" --include_path="/opt/ti/ccs1040/ccs/tools/compiler/ti-cgt-arm_20.2.5.LTS/include" -g --c99 --gcc --diag_warning=225 --diag_warning=255 --diag_wrap=off --display_error_number --preproc_with_compile --preproc_dependency="timer_module.d_raw"  "../timer_module.c"
 
>> Compilation failure
subdir_rules.mk:7: recipe for target 'timer_module.obj' failed
"../timer_module.c", line 52: error #148: declaration is incompatible with "void timer_setup(void (*)(void), int)" (declared at line 19 of "../timer_module.h")
1 error detected in the compilation of "../timer_module.c".
gmake: *** [timer_module.obj] Error 1
Building file: "../ccfg.c"
Invoking: Arm Compiler
"/opt/ti/ccs1040/ccs/tools/compiler/ti-cgt-arm_20.2.5.LTS/bin/armcl" -mv7M3 --code_state=16 -me --include_path="/home/martin/Documents/School/Winter2023/CMPT464/Labs/Lab4Exercise1" --include_path="/home/martin/Documents/School/Winter2023/CMPT464/Labs/Lab4Exercise1" --include_path="/opt/ti/tirtos_cc13xx_cc26xx_2_21_01_08/products/cc13xxware_2_04_03_17272" --include_path="/opt/ti/ccs1040/ccs/tools/compiler/ti-cgt-arm_20.2.5.LTS/include" -g --c99 --gcc --diag_warning=225 --diag_warning=255 --diag_wrap=off --display_error_number --preproc_with_compile --preproc_dependency="ccfg.d_raw"  "../ccfg.c"
"../uart_module.c", line 25: error #148: declaration is incompatible with "void uart_setup(int)" (declared at line 17 of "../uart_module.h")
1 error detected in the compilation of "../uart_module.c".
gmake: *** [uart_module.obj] Error 1
Finished building: "../ccfg.c"
 
Building file: "../uart_module.c"
Invoking: Arm Compiler
"/opt/ti/ccs1040/ccs/tools/compiler/ti-cgt-arm_20.2.5.LTS/bin/armcl" -mv7M3 --code_state=16 -me --include_path="/home/martin/Documents/School/Winter2023/CMPT464/Labs/Lab4Exercise1" --include_path="/home/martin/Documents/School/Winter2023/CMPT464/Labs/Lab4Exercise1" --include_path="/opt/ti/tirtos_cc13xx_cc26xx_2_21_01_08/products/cc13xxware_2_04_03_17272" --include_path="/opt/ti/ccs1040/ccs/tools/compiler/ti-cgt-arm_20.2.5.LTS/include" -g --c99 --gcc --diag_warning=225 --diag_warning=255 --diag_wrap=off --display_error_number --preproc_with_compile --preproc_dependency="uart_module.d_raw"  "../uart_module.c"
 
>> Compilation failure
subdir_rules.mk:7: recipe for target 'uart_module.obj' failed
Building file: "../startup_ccs.c"
Invoking: Arm Compiler
"/opt/ti/ccs1040/ccs/tools/compiler/ti-cgt-arm_20.2.5.LTS/bin/armcl" -mv7M3 --code_state=16 -me --include_path="/home/martin/Documents/School/Winter2023/CMPT464/Labs/Lab4Exercise1" --include_path="/home/martin/Documents/School/Winter2023/CMPT464/Labs/Lab4Exercise1" --include_path="/opt/ti/tirtos_cc13xx_cc26xx_2_21_01_08/products/cc13xxware_2_04_03_17272" --include_path="/opt/ti/ccs1040/ccs/tools/compiler/ti-cgt-arm_20.2.5.LTS/include" -g --c99 --gcc --diag_warning=225 --diag_warning=255 --diag_wrap=off --display_error_number --preproc_with_compile --preproc_dependency="startup_ccs.d_raw"  "../startup_ccs.c"
Finished building: "../startup_ccs.c"
 
Building file: "../main.c"
Invoking: Arm Compiler
"/opt/ti/ccs1040/ccs/tools/compiler/ti-cgt-arm_20.2.5.LTS/bin/armcl" -mv7M3 --code_state=16 -me --include_path="/home/martin/Documents/School/Winter2023/CMPT464/Labs/Lab4Exercise1" --include_path="/home/martin/Documents/School/Winter2023/CMPT464/Labs/Lab4Exercise1" --include_path="/opt/ti/tirtos_cc13xx_cc26xx_2_21_01_08/products/cc13xxware_2_04_03_17272" --include_path="/opt/ti/ccs1040/ccs/tools/compiler/ti-cgt-arm_20.2.5.LTS/include" -g --c99 --gcc --diag_warning=225 --diag_warning=255 --diag_wrap=off --display_error_number --preproc_with_compile --preproc_dependency="main.d_raw"  "../main.c"
"../main.c", line 41: warning #169-D: argument of type "void (*)(void *)" is incompatible with parameter of type "void (*)(void)"
Finished building: "../main.c"
 
gmake: Target 'all' not remade because of errors.

**** Build Finished ****

**** Build of configuration Debug for project Lab4Exercise1 ****

/opt/ti/ccs1040/ccs/utils/bin/gmake -k -j 4 all -O 
 
Building file: "../uart_module.c"
Invoking: Arm Compiler
"/opt/ti/ccs1040/ccs/tools/compiler/ti-cgt-arm_20.2.5.LTS/bin/armcl" -mv7M3 --code_state=16 -me --include_path="/home/martin/Documents/School/Winter2023/CMPT464/Labs/Lab4Exercise1" --include_path="/home/martin/Documents/School/Winter2023/CMPT464/Labs/Lab4Exercise1" --include_path="/opt/ti/tirtos_cc13xx_cc26xx_2_21_01_08/products/cc13xxware_2_04_03_17272" --include_path="/opt/ti/ccs1040/ccs/tools/compiler/ti-cgt-arm_20.2.5.LTS/include" -g --c99 --gcc --diag_warning=225 --diag_warning=255 --diag_wrap=off --display_error_number --preproc_with_compile --preproc_dependency="uart_module.d_raw"  "../uart_module.c"
 
>> Compilation failure
subdir_rules.mk:7: recipe for target 'uart_module.obj' failed
"../uart_module.c", line 25: error #148: declaration is incompatible with "void uart_setup(int)" (declared at line 17 of "../uart_module.h")
1 error detected in the compilation of "../uart_module.c".
gmake: *** [uart_module.obj] Error 1
Building file: "../timer_module.c"
Invoking: Arm Compiler
"/opt/ti/ccs1040/ccs/tools/compiler/ti-cgt-arm_20.2.5.LTS/bin/armcl" -mv7M3 --code_state=16 -me --include_path="/home/martin/Documents/School/Winter2023/CMPT464/Labs/Lab4Exercise1" --include_path="/home/martin/Documents/School/Winter2023/CMPT464/Labs/Lab4Exercise1" --include_path="/opt/ti/tirtos_cc13xx_cc26xx_2_21_01_08/products/cc13xxware_2_04_03_17272" --include_path="/opt/ti/ccs1040/ccs/tools/compiler/ti-cgt-arm_20.2.5.LTS/include" -g --c99 --gcc --diag_warning=225 --diag_warning=255 --diag_wrap=off --display_error_number --preproc_with_compile --preproc_dependency="timer_module.d_raw"  "../timer_module.c"
Finished building: "../timer_module.c"
 
Building file: "../main.c"
Invoking: Arm Compiler
"/opt/ti/ccs1040/ccs/tools/compiler/ti-cgt-arm_20.2.5.LTS/bin/armcl" -mv7M3 --code_state=16 -me --include_path="/home/martin/Documents/School/Winter2023/CMPT464/Labs/Lab4Exercise1" --include_path="/home/martin/Documents/School/Winter2023/CMPT464/Labs/Lab4Exercise1" --include_path="/opt/ti/tirtos_cc13xx_cc26xx_2_21_01_08/products/cc13xxware_2_04_03_17272" --include_path="/opt/ti/ccs1040/ccs/tools/compiler/ti-cgt-arm_20.2.5.LTS/include" -g --c99 --gcc --diag_warning=225 --diag_warning=255 --diag_wrap=off --display_error_number --preproc_with_compile --preproc_dependency="main.d_raw"  "../main.c"
Finished building: "../main.c"
 
gmake: Target 'all' not remade because of errors.

**** Build Finished ****

**** Build of configuration Debug for project Lab4Exercise1 ****

/opt/ti/ccs1040/ccs/utils/bin/gmake -k -j 4 all -O 
 
Building file: "../main.c"
Invoking: Arm Compiler
"/opt/ti/ccs1040/ccs/tools/compiler/ti-cgt-arm_20.2.5.LTS/bin/armcl" -mv7M3 --code_state=16 -me --include_path="/home/martin/Documents/School/Winter2023/CMPT464/Labs/Lab4Exercise1" --include_path="/home/martin/Documents/School/Winter2023/CMPT464/Labs/Lab4Exercise1" --include_path="/opt/ti/tirtos_cc13xx_cc26xx_2_21_01_08/products/cc13xxware_2_04_03_17272" --include_path="/opt/ti/ccs1040/ccs/tools/compiler/ti-cgt-arm_20.2.5.LTS/include" -g --c99 --gcc --diag_warning=225 --diag_warning=255 --diag_wrap=off --display_error_number --preproc_with_compile --preproc_dependency="main.d_raw"  "../main.c"
Finished building: "../main.c"
 
Building file: "../uart_module.c"
Invoking: Arm Compiler
"/opt/ti/ccs1040/ccs/tools/compiler/ti-cgt-arm_20.2.5.LTS/bin/armcl" -mv7M3 --code_state=16 -me --include_path="/home/martin/Documents/School/Winter2023/CMPT464/Labs/Lab4Exercise1" --include_path="/home/martin/Documents/School/Winter2023/CMPT464/Labs/Lab4Exercise1" --include_path="/opt/ti/tirtos_cc13xx_cc26xx_2_21_01_08/products/cc13xxware_2_04_03_17272" --include_path="/opt/ti/ccs1040/ccs/tools/compiler/ti-cgt-arm_20.2.5.LTS/include" -g --c99 --gcc --diag_warning=225 --diag_warning=255 --diag_wrap=off --display_error_number --preproc_with_compile --preproc_dependency="uart_module.d_raw"  "../uart_module.c"
Finished building: "../uart_module.c"
 
Building target: "Lab4Exercise1.out"
Invoking: Arm Linker
"/opt/ti/ccs1040/ccs/tools/compiler/ti-cgt-arm_20.2.5.LTS/bin/armcl" -mv7M3 --code_state=16 -me -g --c99 --gcc --diag_warning=225 --diag_warning=255 --diag_wrap=off --display_error_number -z -m"Lab4Exercise1.map" --heap_size=0 --stack_size=256 -i"/opt/ti/ccs1040/ccs/tools/compiler/ti-cgt-arm_20.2.5.LTS/lib" -i"/opt/ti/ccs1040/ccs/tools/compiler/ti-cgt-arm_20.2.5.LTS/include" --reread_libs --diag_suppress=16002-D --diag_suppress=10247-D --diag_suppress=10325-D --diag_suppress=10229-D --diag_wrap=off --display_error_number --warn_sections --xml_link_info="Lab4Exercise1_linkInfo.xml" --rom_model -o "Lab4Exercise1.out" "./ccfg.obj" "./main.obj" "./startup_ccs.obj" "./timer_module.obj" "./uart_module.obj" "../cc13x0f128.cmd"  -l"/opt/ti/tirtos_cc13xx_cc26xx_2_21_01_08/products/cc13xxware_2_04_03_17272/driverlib/bin/ccs/driverlib.lib" -llibc.a 
<Linking>
Finished building target: "Lab4Exercise1.out"
 

**** Build Finished ****

**** Build of configuration Debug for project Lab4Exercise2 ****

/opt/ti/ccs1040/ccs/utils/bin/gmake -k -j 4 all -O 
 
Building file: "../uart_module.c"
Invoking: Arm Compiler
"/opt/ti/ccs1040/ccs/tools/compiler/ti-cgt-arm_20.2.5.LTS/bin/armcl" -mv7M3 --code_state=16 -me --include_path="/home/martin/Documents/School/Winter2023/CMPT464/Labs/Lab4Exercise2" --include_path="/home/martin/Documents/School/Winter2023/CMPT464/Labs/Lab4Exercise2" --include_path="/opt/ti/tirtos_cc13xx_cc26xx_2_21_01_08/products/cc13xxware_2_04_03_17272" --include_path="/opt/ti/ccs1040/ccs/tools/compiler/ti-cgt-arm_20.2.5.LTS/include" -g --c99 --gcc --diag_warning=225 --diag_warning=255 --diag_wrap=off --display_error_number --preproc_with_compile --preproc_dependency="uart_module.d_raw"  "../uart_module.c"
 
>> Compilation failure
subdir_rules.mk:7: recipe for target 'uart_module.obj' failed
"../uart_module.c", line 61: error #148: declaration is incompatible with "void uart_setup(void (*)(char), uint32_t)" (declared at line 17 of "../uart_module.h")
"../uart_module.c", line 92: error #20: identifier "UART_Interrupt_Handler" is undefined
2 errors detected in the compilation of "../uart_module.c".
gmake: *** [uart_module.obj] Error 1
Building file: "../main.c"
Invoking: Arm Compiler
"/opt/ti/ccs1040/ccs/tools/compiler/ti-cgt-arm_20.2.5.LTS/bin/armcl" -mv7M3 --code_state=16 -me --include_path="/home/martin/Documents/School/Winter2023/CMPT464/Labs/Lab4Exercise2" --include_path="/home/martin/Documents/School/Winter2023/CMPT464/Labs/Lab4Exercise2" --include_path="/opt/ti/tirtos_cc13xx_cc26xx_2_21_01_08/products/cc13xxware_2_04_03_17272" --include_path="/opt/ti/ccs1040/ccs/tools/compiler/ti-cgt-arm_20.2.5.LTS/include" -g --c99 --gcc --diag_warning=225 --diag_warning=255 --diag_wrap=off --display_error_number --preproc_with_compile --preproc_dependency="main.d_raw"  "../main.c"
 
>> Compilation failure
subdir_rules.mk:7: recipe for target 'main.obj' failed
"../main.c", line 11: error #66: expected a ";"
"../main.c", line 12: error #41: expected an identifier
"../main.c", line 12: error #17: expected a "]"
"../main.c", line 12: error #171: expected a declaration
"../main.c", line 17: error #256: type name is not allowed
"../main.c", line 17: error #18: expected a ")"
"../main.c", line 18: error #41: expected an identifier
"../main.c", line 18: error #256: type name is not allowed
"../main.c", line 19: error #41: expected an identifier
"../main.c", line 19: error #18: expected a ")"
"../main.c", line 19: error #29: expected an expression
"../main.c", line 20: error #41: expected an identifier
"../main.c", line 26: error #256: type name is not allowed
"../main.c", line 27: warning #225-D: function "malloc" declared implicitly
"../main.c", line 29: error #256: type name is not allowed
"../main.c", line 29: error #256: type name is not allowed
"../main.c", line 31: error #41: expected an identifier
"../main.c", line 31: error #18: expected a ")"
"../main.c", line 31: error #29: expected an expression
"../main.c", line 32: error #41: expected an identifier
"../main.c", line 36: warning #225-D: function "free" declared implicitly
"../main.c", line 41: warning #169-D: argument of type "void (*)(int32_t)" is incompatible with parameter of type "void (*)(char)"
"../main.c", line 41: error #167: too few arguments in function call
"../main.c", line 42: error #167: too few arguments in function call
21 errors detected in the compilation of "../main.c".
gmake: *** [main.obj] Error 1
Building file: "../timer_module.c"
Invoking: Arm Compiler
"/opt/ti/ccs1040/ccs/tools/compiler/ti-cgt-arm_20.2.5.LTS/bin/armcl" -mv7M3 --code_state=16 -me --include_path="/home/martin/Documents/School/Winter2023/CMPT464/Labs/Lab4Exercise2" --include_path="/home/martin/Documents/School/Winter2023/CMPT464/Labs/Lab4Exercise2" --include_path="/opt/ti/tirtos_cc13xx_cc26xx_2_21_01_08/products/cc13xxware_2_04_03_17272" --include_path="/opt/ti/ccs1040/ccs/tools/compiler/ti-cgt-arm_20.2.5.LTS/include" -g --c99 --gcc --diag_warning=225 --diag_warning=255 --diag_wrap=off --display_error_number --preproc_with_compile --preproc_dependency="timer_module.d_raw"  "../timer_module.c"
Finished building: "../timer_module.c"
 
gmake: Target 'all' not remade because of errors.

**** Build Finished ****

**** Build of configuration Debug for project Lab4Exercise2 ****

/opt/ti/ccs1040/ccs/utils/bin/gmake -k -j 4 all -O 
 
Building file: "../main.c"
Invoking: Arm Compiler
"/opt/ti/ccs1040/ccs/tools/compiler/ti-cgt-arm_20.2.5.LTS/bin/armcl" -mv7M3 --code_state=16 -me --include_path="/home/martin/Documents/School/Winter2023/CMPT464/Labs/Lab4Exercise2" --include_path="/home/martin/Documents/School/Winter2023/CMPT464/Labs/Lab4Exercise2" --include_path="/opt/ti/tirtos_cc13xx_cc26xx_2_21_01_08/products/cc13xxware_2_04_03_17272" --include_path="/opt/ti/ccs1040/ccs/tools/compiler/ti-cgt-arm_20.2.5.LTS/include" -g --c99 --gcc --diag_warning=225 --diag_warning=255 --diag_wrap=off --display_error_number --preproc_with_compile --preproc_dependency="main.d_raw"  "../main.c"
 
>> Compilation failure
subdir_rules.mk:7: recipe for target 'main.obj' failed
"../main.c", line 11: error #66: expected a ";"
"../main.c", line 12: error #41: expected an identifier
"../main.c", line 12: error #17: expected a "]"
"../main.c", line 12: error #171: expected a declaration
"../main.c", line 17: error #256: type name is not allowed
"../main.c", line 17: error #18: expected a ")"
"../main.c", line 18: error #41: expected an identifier
"../main.c", line 18: error #256: type name is not allowed
"../main.c", line 19: error #41: expected an identifier
"../main.c", line 19: error #18: expected a ")"
"../main.c", line 19: error #29: expected an expression
"../main.c", line 20: error #41: expected an identifier
"../main.c", line 26: error #256: type name is not allowed
"../main.c", line 27: warning #225-D: function "malloc" declared implicitly
"../main.c", line 29: error #256: type name is not allowed
"../main.c", line 29: error #256: type name is not allowed
"../main.c", line 31: error #41: expected an identifier
"../main.c", line 31: error #18: expected a ")"
"../main.c", line 31: error #29: expected an expression
"../main.c", line 32: error #41: expected an identifier
"../main.c", line 36: warning #225-D: function "free" declared implicitly
19 errors detected in the compilation of "../main.c".
gmake: *** [main.obj] Error 1
"../uart_module.c", line 92: error #20: identifier "UART_Interrupt_Handler" is undefined
1 error detected in the compilation of "../uart_module.c".
gmake: *** [uart_module.obj] Error 1
Building file: "../uart_module.c"
Invoking: Arm Compiler
"/opt/ti/ccs1040/ccs/tools/compiler/ti-cgt-arm_20.2.5.LTS/bin/armcl" -mv7M3 --code_state=16 -me --include_path="/home/martin/Documents/School/Winter2023/CMPT464/Labs/Lab4Exercise2" --include_path="/home/martin/Documents/School/Winter2023/CMPT464/Labs/Lab4Exercise2" --include_path="/opt/ti/tirtos_cc13xx_cc26xx_2_21_01_08/products/cc13xxware_2_04_03_17272" --include_path="/opt/ti/ccs1040/ccs/tools/compiler/ti-cgt-arm_20.2.5.LTS/include" -g --c99 --gcc --diag_warning=225 --diag_warning=255 --diag_wrap=off --display_error_number --preproc_with_compile --preproc_dependency="uart_module.d_raw"  "../uart_module.c"
 
>> Compilation failure
subdir_rules.mk:7: recipe for target 'uart_module.obj' failed
gmake: Target 'all' not remade because of errors.

**** Build Finished ****

**** Build of configuration Debug for project Lab4Exercise2 ****

/opt/ti/ccs1040/ccs/utils/bin/gmake -k -j 4 all -O 
 
Building file: "../main.c"
Invoking: Arm Compiler
"/opt/ti/ccs1040/ccs/tools/compiler/ti-cgt-arm_20.2.5.LTS/bin/armcl" -mv7M3 --code_state=16 -me --include_path="/home/martin/Documents/School/Winter2023/CMPT464/Labs/Lab4Exercise2" --include_path="/home/martin/Documents/School/Winter2023/CMPT464/Labs/Lab4Exercise2" --include_path="/opt/ti/tirtos_cc13xx_cc26xx_2_21_01_08/products/cc13xxware_2_04_03_17272" --include_path="/opt/ti/ccs1040/ccs/tools/compiler/ti-cgt-arm_20.2.5.LTS/include" -g --c99 --gcc --diag_warning=225 --diag_warning=255 --diag_wrap=off --display_error_number --preproc_with_compile --preproc_dependency="main.d_raw"  "../main.c"
 
>> Compilation failure
subdir_rules.mk:7: recipe for target 'main.obj' failed
"../main.c", line 11: error #66: expected a ";"
"../main.c", line 12: error #17: expected a "]"
"../main.c", line 12: error #171: expected a declaration
"../main.c", line 17: error #256: type name is not allowed
"../main.c", line 17: error #18: expected a ")"
"../main.c", line 18: error #41: expected an identifier
"../main.c", line 18: error #256: type name is not allowed
"../main.c", line 19: error #41: expected an identifier
"../main.c", line 19: error #18: expected a ")"
"../main.c", line 19: error #29: expected an expression
"../main.c", line 20: error #41: expected an identifier
"../main.c", line 26: error #256: type name is not allowed
"../main.c", line 27: warning #225-D: function "malloc" declared implicitly
"../main.c", line 29: error #256: type name is not allowed
"../main.c", line 29: error #256: type name is not allowed
"../main.c", line 31: error #41: expected an identifier
"../main.c", line 31: error #18: expected a ")"
"../main.c", line 31: error #29: expected an expression
"../main.c", line 32: error #41: expected an identifier
"../main.c", line 36: warning #225-D: function "free" declared implicitly
18 errors detected in the compilation of "../main.c".
gmake: *** [main.obj] Error 1
"../uart_module.c", line 92: error #20: identifier "UART_Interrupt_Handler" is undefined
1 error detected in the compilation of "../uart_module.c".
gmake: *** [uart_module.obj] Error 1
Building file: "../uart_module.c"
Invoking: Arm Compiler
"/opt/ti/ccs1040/ccs/tools/compiler/ti-cgt-arm_20.2.5.LTS/bin/armcl" -mv7M3 --code_state=16 -me --include_path="/home/martin/Documents/School/Winter2023/CMPT464/Labs/Lab4Exercise2" --include_path="/home/martin/Documents/School/Winter2023/CMPT464/Labs/Lab4Exercise2" --include_path="/opt/ti/tirtos_cc13xx_cc26xx_2_21_01_08/products/cc13xxware_2_04_03_17272" --include_path="/opt/ti/ccs1040/ccs/tools/compiler/ti-cgt-arm_20.2.5.LTS/include" -g --c99 --gcc --diag_warning=225 --diag_warning=255 --diag_wrap=off --display_error_number --preproc_with_compile --preproc_dependency="uart_module.d_raw"  "../uart_module.c"
 
>> Compilation failure
subdir_rules.mk:7: recipe for target 'uart_module.obj' failed
gmake: Target 'all' not remade because of errors.

**** Build Finished ****

**** Build of configuration Debug for project Lab4Exercise2 ****

/opt/ti/ccs1040/ccs/utils/bin/gmake -k -j 4 all -O 
 
Building file: "../main.c"
Invoking: Arm Compiler
"/opt/ti/ccs1040/ccs/tools/compiler/ti-cgt-arm_20.2.5.LTS/bin/armcl" -mv7M3 --code_state=16 -me --include_path="/home/martin/Documents/School/Winter2023/CMPT464/Labs/Lab4Exercise2" --include_path="/home/martin/Documents/School/Winter2023/CMPT464/Labs/Lab4Exercise2" --include_path="/opt/ti/tirtos_cc13xx_cc26xx_2_21_01_08/products/cc13xxware_2_04_03_17272" --include_path="/opt/ti/ccs1040/ccs/tools/compiler/ti-cgt-arm_20.2.5.LTS/include" -g --c99 --gcc --diag_warning=225 --diag_warning=255 --diag_wrap=off --display_error_number --preproc_with_compile --preproc_dependency="main.d_raw"  "../main.c"
 
>> Compilation failure
subdir_rules.mk:7: recipe for target 'main.obj' failed
"../main.c", line 12: error #17: expected a "]"
"../main.c", line 12: error #171: expected a declaration
"../main.c", line 19: error #18: expected a ")"
"../main.c", line 20: error #138-D: expression must be a modifiable lvalue
"../main.c", line 21: error #18: expected a ")"
"../main.c", line 21: error #29: expected an expression
"../main.c", line 21: error #138-D: expression must be a modifiable lvalue
"../main.c", line 22: error #138-D: expression must be a modifiable lvalue
"../main.c", line 29: warning #225-D: function "malloc" declared implicitly
"../main.c", line 31: error #256: type name is not allowed
"../main.c", line 33: error #20: identifier "BUFFERSIZE" is undefined
"../main.c", line 33: error #138-D: expression must be a modifiable lvalue
"../main.c", line 34: error #138-D: expression must be a modifiable lvalue
"../main.c", line 38: warning #225-D: function "free" declared implicitly
"../main.c", line 43: error #138-D: expression must be a modifiable lvalue
"../main.c", line 44: error #138-D: expression must be a modifiable lvalue
"../main.c", line 45: error #138-D: expression must be a modifiable lvalue
15 errors detected in the compilation of "../main.c".
gmake: *** [main.obj] Error 1
Building file: "../uart_module.c"
Invoking: Arm Compiler
"/opt/ti/ccs1040/ccs/tools/compiler/ti-cgt-arm_20.2.5.LTS/bin/armcl" -mv7M3 --code_state=16 -me --include_path="/home/martin/Documents/School/Winter2023/CMPT464/Labs/Lab4Exercise2" --include_path="/home/martin/Documents/School/Winter2023/CMPT464/Labs/Lab4Exercise2" --include_path="/opt/ti/tirtos_cc13xx_cc26xx_2_21_01_08/products/cc13xxware_2_04_03_17272" --include_path="/opt/ti/ccs1040/ccs/tools/compiler/ti-cgt-arm_20.2.5.LTS/include" -g --c99 --gcc --diag_warning=225 --diag_warning=255 --diag_wrap=off --display_error_number --preproc_with_compile --preproc_dependency="uart_module.d_raw"  "../uart_module.c"
 
>> Compilation failure
subdir_rules.mk:7: recipe for target 'uart_module.obj' failed
"../uart_module.c", line 92: error #20: identifier "UART_Interrupt_Handler" is undefined
1 error detected in the compilation of "../uart_module.c".
gmake: *** [uart_module.obj] Error 1
gmake: Target 'all' not remade because of errors.

**** Build Finished ****

**** Build of configuration Debug for project Lab4Exercise2 ****

/opt/ti/ccs1040/ccs/utils/bin/gmake -k -j 4 all -O 
 
Building file: "../uart_module.c"
Invoking: Arm Compiler
"/opt/ti/ccs1040/ccs/tools/compiler/ti-cgt-arm_20.2.5.LTS/bin/armcl" -mv7M3 --code_state=16 -me --include_path="/home/martin/Documents/School/Winter2023/CMPT464/Labs/Lab4Exercise2" --include_path="/home/martin/Documents/School/Winter2023/CMPT464/Labs/Lab4Exercise2" --include_path="/opt/ti/tirtos_cc13xx_cc26xx_2_21_01_08/products/cc13xxware_2_04_03_17272" --include_path="/opt/ti/ccs1040/ccs/tools/compiler/ti-cgt-arm_20.2.5.LTS/include" -g --c99 --gcc --diag_warning=225 --diag_warning=255 --diag_wrap=off --display_error_number --preproc_with_compile --preproc_dependency="uart_module.d_raw"  "../uart_module.c"
 
>> Compilation failure
subdir_rules.mk:7: recipe for target 'uart_module.obj' failed
"../uart_module.c", line 92: error #20: identifier "UART_Interrupt_Handler" is undefined
1 error detected in the compilation of "../uart_module.c".
gmake: *** [uart_module.obj] Error 1
Building file: "../main.c"
Invoking: Arm Compiler
"/opt/ti/ccs1040/ccs/tools/compiler/ti-cgt-arm_20.2.5.LTS/bin/armcl" -mv7M3 --code_state=16 -me --include_path="/home/martin/Documents/School/Winter2023/CMPT464/Labs/Lab4Exercise2" --include_path="/home/martin/Documents/School/Winter2023/CMPT464/Labs/Lab4Exercise2" --include_path="/opt/ti/tirtos_cc13xx_cc26xx_2_21_01_08/products/cc13xxware_2_04_03_17272" --include_path="/opt/ti/ccs1040/ccs/tools/compiler/ti-cgt-arm_20.2.5.LTS/include" -g --c99 --gcc --diag_warning=225 --diag_warning=255 --diag_wrap=off --display_error_number --preproc_with_compile --preproc_dependency="main.d_raw"  "../main.c"
 
>> Compilation failure
subdir_rules.mk:7: recipe for target 'main.obj' failed
"../main.c", line 14: error #17: expected a "]"
"../main.c", line 14: error #171: expected a declaration
"../main.c", line 21: error #18: expected a ")"
"../main.c", line 22: error #138-D: expression must be a modifiable lvalue
"../main.c", line 23: error #18: expected a ")"
"../main.c", line 23: error #29: expected an expression
"../main.c", line 23: error #138-D: expression must be a modifiable lvalue
"../main.c", line 24: error #138-D: expression must be a modifiable lvalue
"../main.c", line 33: error #256: type name is not allowed
"../main.c", line 35: error #20: identifier "BUFFERSIZE" is undefined
"../main.c", line 35: error #138-D: expression must be a modifiable lvalue
"../main.c", line 36: error #138-D: expression must be a modifiable lvalue
"../main.c", line 45: error #138-D: expression must be a modifiable lvalue
"../main.c", line 46: error #138-D: expression must be a modifiable lvalue
"../main.c", line 47: error #138-D: expression must be a modifiable lvalue
15 errors detected in the compilation of "../main.c".
gmake: *** [main.obj] Error 1
gmake: Target 'all' not remade because of errors.

**** Build Finished ****

**** Build of configuration Debug for project Lab4Exercise2 ****

/opt/ti/ccs1040/ccs/utils/bin/gmake -k -j 4 all -O 
 
Building file: "../uart_module.c"
Invoking: Arm Compiler
"/opt/ti/ccs1040/ccs/tools/compiler/ti-cgt-arm_20.2.5.LTS/bin/armcl" -mv7M3 --code_state=16 -me --include_path="/home/martin/Documents/School/Winter2023/CMPT464/Labs/Lab4Exercise2" --include_path="/home/martin/Documents/School/Winter2023/CMPT464/Labs/Lab4Exercise2" --include_path="/opt/ti/tirtos_cc13xx_cc26xx_2_21_01_08/products/cc13xxware_2_04_03_17272" --include_path="/opt/ti/ccs1040/ccs/tools/compiler/ti-cgt-arm_20.2.5.LTS/include" -g --c99 --gcc --diag_warning=225 --diag_warning=255 --diag_wrap=off --display_error_number --preproc_with_compile --preproc_dependency="uart_module.d_raw"  "../uart_module.c"
 
>> Compilation failure
subdir_rules.mk:7: recipe for target 'uart_module.obj' failed
"../uart_module.c", line 92: error #20: identifier "UART_Interrupt_Handler" is undefined
1 error detected in the compilation of "../uart_module.c".
gmake: *** [uart_module.obj] Error 1
Building file: "../main.c"
Invoking: Arm Compiler
"/opt/ti/ccs1040/ccs/tools/compiler/ti-cgt-arm_20.2.5.LTS/bin/armcl" -mv7M3 --code_state=16 -me --include_path="/home/martin/Documents/School/Winter2023/CMPT464/Labs/Lab4Exercise2" --include_path="/home/martin/Documents/School/Winter2023/CMPT464/Labs/Lab4Exercise2" --include_path="/opt/ti/tirtos_cc13xx_cc26xx_2_21_01_08/products/cc13xxware_2_04_03_17272" --include_path="/opt/ti/ccs1040/ccs/tools/compiler/ti-cgt-arm_20.2.5.LTS/include" -g --c99 --gcc --diag_warning=225 --diag_warning=255 --diag_wrap=off --display_error_number --preproc_with_compile --preproc_dependency="main.d_raw"  "../main.c"
 
>> Compilation failure
subdir_rules.mk:7: recipe for target 'main.obj' failed
"../main.c", line 16: error #17: expected a "]"
"../main.c", line 16: error #171: expected a declaration
"../main.c", line 23: error #18: expected a ")"
"../main.c", line 24: error #138-D: expression must be a modifiable lvalue
"../main.c", line 25: error #18: expected a ")"
"../main.c", line 25: error #29: expected an expression
"../main.c", line 25: error #138-D: expression must be a modifiable lvalue
"../main.c", line 26: error #138-D: expression must be a modifiable lvalue
"../main.c", line 35: error #256: type name is not allowed
"../main.c", line 37: error #20: identifier "BUFFERSIZE" is undefined
"../main.c", line 37: error #138-D: expression must be a modifiable lvalue
"../main.c", line 38: error #138-D: expression must be a modifiable lvalue
"../main.c", line 47: error #138-D: expression must be a modifiable lvalue
"../main.c", line 48: error #138-D: expression must be a modifiable lvalue
"../main.c", line 49: error #138-D: expression must be a modifiable lvalue
15 errors detected in the compilation of "../main.c".
gmake: *** [main.obj] Error 1
gmake: Target 'all' not remade because of errors.

**** Build Finished ****

**** Build of configuration Debug for project Lab4Exercise2 ****

/opt/ti/ccs1040/ccs/utils/bin/gmake -k -j 4 all -O 
 
Building file: "../uart_module.c"
Invoking: Arm Compiler
"/opt/ti/ccs1040/ccs/tools/compiler/ti-cgt-arm_20.2.5.LTS/bin/armcl" -mv7M3 --code_state=16 -me --include_path="/home/martin/Documents/School/Winter2023/CMPT464/Labs/Lab4Exercise2" --include_path="/home/martin/Documents/School/Winter2023/CMPT464/Labs/Lab4Exercise2" --include_path="/opt/ti/tirtos_cc13xx_cc26xx_2_21_01_08/products/cc13xxware_2_04_03_17272" --include_path="/opt/ti/ccs1040/ccs/tools/compiler/ti-cgt-arm_20.2.5.LTS/include" -g --c99 --gcc --diag_warning=225 --diag_warning=255 --diag_wrap=off --display_error_number --preproc_with_compile --preproc_dependency="uart_module.d_raw"  "../uart_module.c"
 
>> Compilation failure
subdir_rules.mk:7: recipe for target 'uart_module.obj' failed
"../uart_module.c", line 92: error #20: identifier "UART_Interrupt_Handler" is undefined
1 error detected in the compilation of "../uart_module.c".
gmake: *** [uart_module.obj] Error 1
"../main.c", line 16: error #17: expected a "]"
"../main.c", line 16: error #171: expected a declaration
"../main.c", line 19: error #20: identifier "loop_buffer" is undefined
"../main.c", line 23: error #18: expected a ")"
"../main.c", line 25: error #20: identifier "loop_buffer" is undefined
"../main.c", line 25: error #20: identifier "BUFFERSIZE" is undefined
"../main.c", line 35: error #20: identifier "loop_buffer" is undefined
"../main.c", line 37: error #20: identifier "BUFFERSIZE" is undefined
8 errors detected in the compilation of "../main.c".
gmake: *** [main.obj] Error 1
Building file: "../main.c"
Invoking: Arm Compiler
"/opt/ti/ccs1040/ccs/tools/compiler/ti-cgt-arm_20.2.5.LTS/bin/armcl" -mv7M3 --code_state=16 -me --include_path="/home/martin/Documents/School/Winter2023/CMPT464/Labs/Lab4Exercise2" --include_path="/home/martin/Documents/School/Winter2023/CMPT464/Labs/Lab4Exercise2" --include_path="/opt/ti/tirtos_cc13xx_cc26xx_2_21_01_08/products/cc13xxware_2_04_03_17272" --include_path="/opt/ti/ccs1040/ccs/tools/compiler/ti-cgt-arm_20.2.5.LTS/include" -g --c99 --gcc --diag_warning=225 --diag_warning=255 --diag_wrap=off --display_error_number --preproc_with_compile --preproc_dependency="main.d_raw"  "../main.c"
 
>> Compilation failure
subdir_rules.mk:7: recipe for target 'main.obj' failed
gmake: Target 'all' not remade because of errors.

**** Build Finished ****

**** Build of configuration Debug for project Lab4Exercise2 ****

/opt/ti/ccs1040/ccs/utils/bin/gmake -k -j 4 all -O 
 
Building file: "../main.c"
Invoking: Arm Compiler
"/opt/ti/ccs1040/ccs/tools/compiler/ti-cgt-arm_20.2.5.LTS/bin/armcl" -mv7M3 --code_state=16 -me --include_path="/home/martin/Documents/School/Winter2023/CMPT464/Labs/Lab4Exercise2" --include_path="/home/martin/Documents/School/Winter2023/CMPT464/Labs/Lab4Exercise2" --include_path="/opt/ti/tirtos_cc13xx_cc26xx_2_21_01_08/products/cc13xxware_2_04_03_17272" --include_path="/opt/ti/ccs1040/ccs/tools/compiler/ti-cgt-arm_20.2.5.LTS/include" -g --c99 --gcc --diag_warning=225 --diag_warning=255 --diag_wrap=off --display_error_number --preproc_with_compile --preproc_dependency="main.d_raw"  "../main.c"
 
>> Compilation failure
subdir_rules.mk:7: recipe for target 'main.obj' failed
"../main.c", line 16: error #17: expected a "]"
"../main.c", line 16: error #171: expected a declaration
"../main.c", line 19: error #20: identifier "loop_buffer" is undefined
"../main.c", line 23: error #18: expected a ")"
"../main.c", line 25: error #20: identifier "loop_buffer" is undefined
"../main.c", line 25: error #20: identifier "BUFFERSIZE" is undefined
"../main.c", line 35: error #20: identifier "loop_buffer" is undefined
"../main.c", line 37: error #20: identifier "BUFFERSIZE" is undefined
8 errors detected in the compilation of "../main.c".
gmake: *** [main.obj] Error 1
Building file: "../uart_module.c"
Invoking: Arm Compiler
"/opt/ti/ccs1040/ccs/tools/compiler/ti-cgt-arm_20.2.5.LTS/bin/armcl" -mv7M3 --code_state=16 -me --include_path="/home/martin/Documents/School/Winter2023/CMPT464/Labs/Lab4Exercise2" --include_path="/home/martin/Documents/School/Winter2023/CMPT464/Labs/Lab4Exercise2" --include_path="/opt/ti/tirtos_cc13xx_cc26xx_2_21_01_08/products/cc13xxware_2_04_03_17272" --include_path="/opt/ti/ccs1040/ccs/tools/compiler/ti-cgt-arm_20.2.5.LTS/include" -g --c99 --gcc --diag_warning=225 --diag_warning=255 --diag_wrap=off --display_error_number --preproc_with_compile --preproc_dependency="uart_module.d_raw"  "../uart_module.c"
 
>> Compilation failure
subdir_rules.mk:7: recipe for target 'uart_module.obj' failed
"../uart_module.c", line 92: error #20: identifier "uart_Interrupt_Handler" is undefined
1 error detected in the compilation of "../uart_module.c".
gmake: *** [uart_module.obj] Error 1
gmake: Target 'all' not remade because of errors.

**** Build Finished ****

**** Build of configuration Debug for project Lab4Exercise2 ****

/opt/ti/ccs1040/ccs/utils/bin/gmake -k -j 4 all -O 
 
Building file: "../uart_module.c"
Invoking: Arm Compiler
"/opt/ti/ccs1040/ccs/tools/compiler/ti-cgt-arm_20.2.5.LTS/bin/armcl" -mv7M3 --code_state=16 -me --include_path="/home/martin/Documents/School/Winter2023/CMPT464/Labs/Lab4Exercise2" --include_path="/home/martin/Documents/School/Winter2023/CMPT464/Labs/Lab4Exercise2" --include_path="/opt/ti/tirtos_cc13xx_cc26xx_2_21_01_08/products/cc13xxware_2_04_03_17272" --include_path="/opt/ti/ccs1040/ccs/tools/compiler/ti-cgt-arm_20.2.5.LTS/include" -g --c99 --gcc --diag_warning=225 --diag_warning=255 --diag_wrap=off --display_error_number --preproc_with_compile --preproc_dependency="uart_module.d_raw"  "../uart_module.c"
 
>> Compilation failure
subdir_rules.mk:7: recipe for target 'uart_module.obj' failed
"../uart_module.c", line 92: error #20: identifier "uart_Interrupt_Handler" is undefined
1 error detected in the compilation of "../uart_module.c".
gmake: *** [uart_module.obj] Error 1
"../main.c", line 16: error #17: expected a "]"
"../main.c", line 16: error #171: expected a declaration
"../main.c", line 23: error #18: expected a ")"
"../main.c", line 25: error #20: identifier "loop_buffer" is undefined
"../main.c", line 35: error #20: identifier "loop_buffer" is undefined
5 errors detected in the compilation of "../main.c".
gmake: *** [main.obj] Error 1
Building file: "../main.c"
Invoking: Arm Compiler
"/opt/ti/ccs1040/ccs/tools/compiler/ti-cgt-arm_20.2.5.LTS/bin/armcl" -mv7M3 --code_state=16 -me --include_path="/home/martin/Documents/School/Winter2023/CMPT464/Labs/Lab4Exercise2" --include_path="/home/martin/Documents/School/Winter2023/CMPT464/Labs/Lab4Exercise2" --include_path="/opt/ti/tirtos_cc13xx_cc26xx_2_21_01_08/products/cc13xxware_2_04_03_17272" --include_path="/opt/ti/ccs1040/ccs/tools/compiler/ti-cgt-arm_20.2.5.LTS/include" -g --c99 --gcc --diag_warning=225 --diag_warning=255 --diag_wrap=off --display_error_number --preproc_with_compile --preproc_dependency="main.d_raw"  "../main.c"
 
>> Compilation failure
subdir_rules.mk:7: recipe for target 'main.obj' failed
gmake: Target 'all' not remade because of errors.

**** Build Finished ****

**** Build of configuration Debug for project Lab4Exercise2 ****

/opt/ti/ccs1040/ccs/utils/bin/gmake -k -j 4 all -O 
 
Building file: "../main.c"
Invoking: Arm Compiler
"/opt/ti/ccs1040/ccs/tools/compiler/ti-cgt-arm_20.2.5.LTS/bin/armcl" -mv7M3 --code_state=16 -me --include_path="/home/martin/Documents/School/Winter2023/CMPT464/Labs/Lab4Exercise2" --include_path="/home/martin/Documents/School/Winter2023/CMPT464/Labs/Lab4Exercise2" --include_path="/opt/ti/tirtos_cc13xx_cc26xx_2_21_01_08/products/cc13xxware_2_04_03_17272" --include_path="/opt/ti/ccs1040/ccs/tools/compiler/ti-cgt-arm_20.2.5.LTS/include" -g --c99 --gcc --diag_warning=225 --diag_warning=255 --diag_wrap=off --display_error_number --preproc_with_compile --preproc_dependency="main.d_raw"  "../main.c"
 
>> Compilation failure
subdir_rules.mk:7: recipe for target 'main.obj' failed
"../main.c", line 16: error #17: expected a "]"
"../main.c", line 16: error #171: expected a declaration
"../main.c", line 23: error #18: expected a ")"
"../main.c", line 25: error #20: identifier "loop_buffer" is undefined
"../main.c", line 35: error #20: identifier "loop_buffer" is undefined
5 errors detected in the compilation of "../main.c".
gmake: *** [main.obj] Error 1
Building file: "../uart_module.c"
Invoking: Arm Compiler
"/opt/ti/ccs1040/ccs/tools/compiler/ti-cgt-arm_20.2.5.LTS/bin/armcl" -mv7M3 --code_state=16 -me --include_path="/home/martin/Documents/School/Winter2023/CMPT464/Labs/Lab4Exercise2" --include_path="/home/martin/Documents/School/Winter2023/CMPT464/Labs/Lab4Exercise2" --include_path="/opt/ti/tirtos_cc13xx_cc26xx_2_21_01_08/products/cc13xxware_2_04_03_17272" --include_path="/opt/ti/ccs1040/ccs/tools/compiler/ti-cgt-arm_20.2.5.LTS/include" -g --c99 --gcc --diag_warning=225 --diag_warning=255 --diag_wrap=off --display_error_number --preproc_with_compile --preproc_dependency="uart_module.d_raw"  "../uart_module.c"
Finished building: "../uart_module.c"
 
gmake: Target 'all' not remade because of errors.

**** Build Finished ****

**** Build of configuration Debug for project Lab4Exercise2 ****

/opt/ti/ccs1040/ccs/utils/bin/gmake -k -j 4 all -O 
 
Building file: "../main.c"
Invoking: Arm Compiler
"/opt/ti/ccs1040/ccs/tools/compiler/ti-cgt-arm_20.2.5.LTS/bin/armcl" -mv7M3 --code_state=16 -me --include_path="/home/martin/Documents/School/Winter2023/CMPT464/Labs/Lab4Exercise2" --include_path="/home/martin/Documents/School/Winter2023/CMPT464/Labs/Lab4Exercise2" --include_path="/opt/ti/tirtos_cc13xx_cc26xx_2_21_01_08/products/cc13xxware_2_04_03_17272" --include_path="/opt/ti/ccs1040/ccs/tools/compiler/ti-cgt-arm_20.2.5.LTS/include" -g --c99 --gcc --diag_warning=225 --diag_warning=255 --diag_wrap=off --display_error_number --preproc_with_compile --preproc_dependency="main.d_raw"  "../main.c"
 
>> Compilation failure
subdir_rules.mk:7: recipe for target 'main.obj' failed
"../main.c", line 16: warning #2170-D: use of a const variable in a constant expression is nonstandard in C
"../main.c", line 25: error #20: identifier "loop_buffer" is undefined
"../main.c", line 35: error #20: identifier "loop_buffer" is undefined
2 errors detected in the compilation of "../main.c".
gmake: *** [main.obj] Error 1
gmake: Target 'all' not remade because of errors.

**** Build Finished ****

**** Build of configuration Debug for project Lab4Exercise2 ****

/opt/ti/ccs1040/ccs/utils/bin/gmake -k -j 4 all -O 
 
Building file: "../main.c"
Invoking: Arm Compiler
"/opt/ti/ccs1040/ccs/tools/compiler/ti-cgt-arm_20.2.5.LTS/bin/armcl" -mv7M3 --code_state=16 -me --include_path="/home/martin/Documents/School/Winter2023/CMPT464/Labs/Lab4Exercise2" --include_path="/home/martin/Documents/School/Winter2023/CMPT464/Labs/Lab4Exercise2" --include_path="/opt/ti/tirtos_cc13xx_cc26xx_2_21_01_08/products/cc13xxware_2_04_03_17272" --include_path="/opt/ti/ccs1040/ccs/tools/compiler/ti-cgt-arm_20.2.5.LTS/include" -g --c99 --gcc --diag_warning=225 --diag_warning=255 --diag_wrap=off --display_error_number --preproc_with_compile --preproc_dependency="main.d_raw"  "../main.c"
"../main.c", line 16: warning #2170-D: use of a const variable in a constant expression is nonstandard in C
Finished building: "../main.c"
 
Building target: "Lab4Exercise2.out"
Invoking: Arm Linker
"/opt/ti/ccs1040/ccs/tools/compiler/ti-cgt-arm_20.2.5.LTS/bin/armcl" -mv7M3 --code_state=16 -me -g --c99 --gcc --diag_warning=225 --diag_warning=255 --diag_wrap=off --display_error_number -z -m"Lab4Exercise2.map" --heap_size=0 --stack_size=256 -i"/opt/ti/ccs1040/ccs/tools/compiler/ti-cgt-arm_20.2.5.LTS/lib" -i"/opt/ti/ccs1040/ccs/tools/compiler/ti-cgt-arm_20.2.5.LTS/include" --reread_libs --diag_suppress=16002-D --diag_suppress=10247-D --diag_suppress=10325-D --diag_suppress=10229-D --diag_wrap=off --display_error_number --warn_sections --xml_link_info="Lab4Exercise2_linkInfo.xml" --rom_model -o "Lab4Exercise2.out" "./ccfg.obj" "./main.obj" "./startup_ccs.obj" "./timer_module.obj" "./uart_module.obj" "../cc13x0f128.cmd"  -llibc.a -l"/opt/ti/tirtos_cc13xx_cc26xx_2_21_01_08/products/cc13xxware_2_04_03_17272/driverlib/bin/ccs/driverlib.lib" 
<Linking>
error #10056: symbol "callback" redefined: first defined in "./timer_module.obj"; redefined in "./uart_module.obj"
error #10010: errors encountered during linking; "Lab4Exercise2.out" not built
 
>> Compilation failure
makefile:144: recipe for target 'Lab4Exercise2.out' failed
gmake[1]: *** [Lab4Exercise2.out] Error 1
makefile:140: recipe for target 'all' failed
gmake: *** [all] Error 2

**** Build Finished ****

**** Build of configuration Debug for project Lab4Exercise2 ****

/opt/ti/ccs1040/ccs/utils/bin/gmake -k -j 4 all -O 
 
Building file: "../uart_module.c"
Invoking: Arm Compiler
"/opt/ti/ccs1040/ccs/tools/compiler/ti-cgt-arm_20.2.5.LTS/bin/armcl" -mv7M3 --code_state=16 -me --include_path="/home/martin/Documents/School/Winter2023/CMPT464/Labs/Lab4Exercise2" --include_path="/home/martin/Documents/School/Winter2023/CMPT464/Labs/Lab4Exercise2" --include_path="/opt/ti/tirtos_cc13xx_cc26xx_2_21_01_08/products/cc13xxware_2_04_03_17272" --include_path="/opt/ti/ccs1040/ccs/tools/compiler/ti-cgt-arm_20.2.5.LTS/include" -g --c99 --gcc --diag_warning=225 --diag_warning=255 --diag_wrap=off --display_error_number --preproc_with_compile --preproc_dependency="uart_module.d_raw"  "../uart_module.c"
 
>> Compilation failure
subdir_rules.mk:7: recipe for target 'uart_module.obj' failed
"../uart_module.c", line 46: error #20: identifier "callback" is undefined
1 error detected in the compilation of "../uart_module.c".
gmake: *** [uart_module.obj] Error 1
"../timer_module.c", line 26: error #20: identifier "callback" is undefined
1 error detected in the compilation of "../timer_module.c".
gmake: *** [timer_module.obj] Error 1
Building file: "../timer_module.c"
Invoking: Arm Compiler
"/opt/ti/ccs1040/ccs/tools/compiler/ti-cgt-arm_20.2.5.LTS/bin/armcl" -mv7M3 --code_state=16 -me --include_path="/home/martin/Documents/School/Winter2023/CMPT464/Labs/Lab4Exercise2" --include_path="/home/martin/Documents/School/Winter2023/CMPT464/Labs/Lab4Exercise2" --include_path="/opt/ti/tirtos_cc13xx_cc26xx_2_21_01_08/products/cc13xxware_2_04_03_17272" --include_path="/opt/ti/ccs1040/ccs/tools/compiler/ti-cgt-arm_20.2.5.LTS/include" -g --c99 --gcc --diag_warning=225 --diag_warning=255 --diag_wrap=off --display_error_number --preproc_with_compile --preproc_dependency="timer_module.d_raw"  "../timer_module.c"
 
>> Compilation failure
subdir_rules.mk:7: recipe for target 'timer_module.obj' failed
gmake: Target 'all' not remade because of errors.

**** Build Finished ****

**** Build of configuration Debug for project Lab4Exercise2 ****

/opt/ti/ccs1040/ccs/utils/bin/gmake -k -j 4 all -O 
 
Building file: "../timer_module.c"
Invoking: Arm Compiler
"/opt/ti/ccs1040/ccs/tools/compiler/ti-cgt-arm_20.2.5.LTS/bin/armcl" -mv7M3 --code_state=16 -me --include_path="/home/martin/Documents/School/Winter2023/CMPT464/Labs/Lab4Exercise2" --include_path="/home/martin/Documents/School/Winter2023/CMPT464/Labs/Lab4Exercise2" --include_path="/opt/ti/tirtos_cc13xx_cc26xx_2_21_01_08/products/cc13xxware_2_04_03_17272" --include_path="/opt/ti/ccs1040/ccs/tools/compiler/ti-cgt-arm_20.2.5.LTS/include" -g --c99 --gcc --diag_warning=225 --diag_warning=255 --diag_wrap=off --display_error_number --preproc_with_compile --preproc_dependency="timer_module.d_raw"  "../timer_module.c"
Finished building: "../timer_module.c"
 
Building file: "../uart_module.c"
Invoking: Arm Compiler
"/opt/ti/ccs1040/ccs/tools/compiler/ti-cgt-arm_20.2.5.LTS/bin/armcl" -mv7M3 --code_state=16 -me --include_path="/home/martin/Documents/School/Winter2023/CMPT464/Labs/Lab4Exercise2" --include_path="/home/martin/Documents/School/Winter2023/CMPT464/Labs/Lab4Exercise2" --include_path="/opt/ti/tirtos_cc13xx_cc26xx_2_21_01_08/products/cc13xxware_2_04_03_17272" --include_path="/opt/ti/ccs1040/ccs/tools/compiler/ti-cgt-arm_20.2.5.LTS/include" -g --c99 --gcc --diag_warning=225 --diag_warning=255 --diag_wrap=off --display_error_number --preproc_with_compile --preproc_dependency="uart_module.d_raw"  "../uart_module.c"
Finished building: "../uart_module.c"
 
Building target: "Lab4Exercise2.out"
Invoking: Arm Linker
"/opt/ti/ccs1040/ccs/tools/compiler/ti-cgt-arm_20.2.5.LTS/bin/armcl" -mv7M3 --code_state=16 -me -g --c99 --gcc --diag_warning=225 --diag_warning=255 --diag_wrap=off --display_error_number -z -m"Lab4Exercise2.map" --heap_size=0 --stack_size=256 -i"/opt/ti/ccs1040/ccs/tools/compiler/ti-cgt-arm_20.2.5.LTS/lib" -i"/opt/ti/ccs1040/ccs/tools/compiler/ti-cgt-arm_20.2.5.LTS/include" --reread_libs --diag_suppress=16002-D --diag_suppress=10247-D --diag_suppress=10325-D --diag_suppress=10229-D --diag_wrap=off --display_error_number --warn_sections --xml_link_info="Lab4Exercise2_linkInfo.xml" --rom_model -o "Lab4Exercise2.out" "./ccfg.obj" "./main.obj" "./startup_ccs.obj" "./timer_module.obj" "./uart_module.obj" "../cc13x0f128.cmd"  -llibc.a -l"/opt/ti/tirtos_cc13xx_cc26xx_2_21_01_08/products/cc13xxware_2_04_03_17272/driverlib/bin/ccs/driverlib.lib" 
<Linking>
Finished building target: "Lab4Exercise2.out"
 

**** Build Finished ****

**** Build of configuration Debug for project Lab4Exercise2 ****

/opt/ti/ccs1040/ccs/utils/bin/gmake -k -j 4 all -O 
 
gmake[1]: 'Lab4Exercise2.out' is up to date.

**** Build Finished ****

**** Build of configuration Debug for project Lab4Exercise2 ****

/opt/ti/ccs1040/ccs/utils/bin/gmake -k -j 4 all -O 
 
gmake[1]: 'Lab4Exercise2.out' is up to date.

**** Build Finished ****

**** Build of configuration Debug for project Lab4Exercise2 ****

/opt/ti/ccs1040/ccs/utils/bin/gmake -k -j 4 all -O 
 
gmake[1]: 'Lab4Exercise2.out' is up to date.

**** Build Finished ****

**** Build of configuration Debug for project Lab4Exercise2 ****

/opt/ti/ccs1040/ccs/utils/bin/gmake -k -j 4 all -O 
 
gmake[1]: 'Lab4Exercise2.out' is up to date.

**** Build Finished ****

**** Build of configuration Debug for project Lab4Exercise2 ****

/opt/ti/ccs1040/ccs/utils/bin/gmake -k -j 4 all -O 
 
Building file: "../main.c"
Invoking: Arm Compiler
"/opt/ti/ccs1040/ccs/tools/compiler/ti-cgt-arm_20.2.5.LTS/bin/armcl" -mv7M3 --code_state=16 -me --include_path="/home/martin/Documents/School/Winter2023/CMPT464/Labs/Lab4Exercise2" --include_path="/home/martin/Documents/School/Winter2023/CMPT464/Labs/Lab4Exercise2" --include_path="/opt/ti/tirtos_cc13xx_cc26xx_2_21_01_08/products/cc13xxware_2_04_03_17272" --include_path="/opt/ti/ccs1040/ccs/tools/compiler/ti-cgt-arm_20.2.5.LTS/include" -g --c99 --gcc --diag_warning=225 --diag_warning=255 --diag_wrap=off --display_error_number --preproc_with_compile --preproc_dependency="main.d_raw"  "../main.c"
"../main.c", line 16: warning #2170-D: use of a const variable in a constant expression is nonstandard in C
Finished building: "../main.c"
 
Building target: "Lab4Exercise2.out"
Invoking: Arm Linker
"/opt/ti/ccs1040/ccs/tools/compiler/ti-cgt-arm_20.2.5.LTS/bin/armcl" -mv7M3 --code_state=16 -me -g --c99 --gcc --diag_warning=225 --diag_warning=255 --diag_wrap=off --display_error_number -z -m"Lab4Exercise2.map" --heap_size=0 --stack_size=256 -i"/opt/ti/ccs1040/ccs/tools/compiler/ti-cgt-arm_20.2.5.LTS/lib" -i"/opt/ti/ccs1040/ccs/tools/compiler/ti-cgt-arm_20.2.5.LTS/include" --reread_libs --diag_suppress=16002-D --diag_suppress=10247-D --diag_suppress=10325-D --diag_suppress=10229-D --diag_wrap=off --display_error_number --warn_sections --xml_link_info="Lab4Exercise2_linkInfo.xml" --rom_model -o "Lab4Exercise2.out" "./ccfg.obj" "./main.obj" "./startup_ccs.obj" "./timer_module.obj" "./uart_module.obj" "../cc13x0f128.cmd"  -llibc.a -l"/opt/ti/tirtos_cc13xx_cc26xx_2_21_01_08/products/cc13xxware_2_04_03_17272/driverlib/bin/ccs/driverlib.lib" 
<Linking>
Finished building target: "Lab4Exercise2.out"
 

**** Build Finished ****

**** Build of configuration Debug for project Lab4Exercise2 ****

/opt/ti/ccs1040/ccs/utils/bin/gmake -k -j 4 all -O 
 
gmake[1]: 'Lab4Exercise2.out' is up to date.

**** Build Finished ****

**** Clean-only build of configuration Debug for project NoOperation ****

/opt/ti/ccs1040/ccs/utils/bin/gmake -k -j 4 clean -O 
 
rm -rf  "NoOperation.hex"  "NoOperation.out" 
rm -rf "ccfg.obj" "main.obj" "startup_ccs.obj" 
rm -rf "ccfg.d" "main.d" "startup_ccs.d" 
Finished clean
 

**** Build Finished ****

**** Build of configuration Debug for project NoOperation ****

/opt/ti/ccs1040/ccs/utils/bin/gmake -k -j 4 all -O 
 
Building file: "../main.c"
Invoking: Arm Compiler
"/opt/ti/ccs1040/ccs/tools/compiler/ti-cgt-arm_20.2.5.LTS/bin/armcl" -mv7M3 --code_state=16 -me --include_path="/home/martin/Documents/School/Winter2023/CMPT464/Labs/NoOperation/NoOperation" --include_path="/home/martin/Documents/School/Winter2023/CMPT464/Labs/NoOperation/NoOperation" --include_path="/C:/ti/tirtos_cc13xx_cc26xx_2_21_01_08/products/cc13xxware_2_04_03_17272" --include_path="/opt/ti/ccs1040/ccs/tools/compiler/ti-cgt-arm_20.2.5.LTS/include" -g --c99 --gcc --diag_warning=225 --diag_warning=255 --diag_wrap=off --display_error_number --gen_func_subsections=on --abi=eabi --preproc_with_compile --preproc_dependency="main.d_raw"  "../main.c"
 
>> Compilation failure
subdir_rules.mk:7: recipe for target 'main.obj' failed
"../main.c", line 1: fatal error #1965: cannot open source file "driverlib/prcm.h"
1 catastrophic error detected in the compilation of "../main.c".
Compilation terminated.
gmake: *** [main.obj] Error 1
"../startup_ccs.c", line 50: fatal error #1965: cannot open source file "inc/hw_types.h"
1 catastrophic error detected in the compilation of "../startup_ccs.c".
Compilation terminated.
gmake: *** [startup_ccs.obj] Error 1
Building file: "../startup_ccs.c"
Invoking: Arm Compiler
"/opt/ti/ccs1040/ccs/tools/compiler/ti-cgt-arm_20.2.5.LTS/bin/armcl" -mv7M3 --code_state=16 -me --include_path="/home/martin/Documents/School/Winter2023/CMPT464/Labs/NoOperation/NoOperation" --include_path="/home/martin/Documents/School/Winter2023/CMPT464/Labs/NoOperation/NoOperation" --include_path="/C:/ti/tirtos_cc13xx_cc26xx_2_21_01_08/products/cc13xxware_2_04_03_17272" --include_path="/opt/ti/ccs1040/ccs/tools/compiler/ti-cgt-arm_20.2.5.LTS/include" -g --c99 --gcc --diag_warning=225 --diag_warning=255 --diag_wrap=off --display_error_number --gen_func_subsections=on --abi=eabi --preproc_with_compile --preproc_dependency="startup_ccs.d_raw"  "../startup_ccs.c"
 
>> Compilation failure
subdir_rules.mk:7: recipe for target 'startup_ccs.obj' failed
Building file: "../ccfg.c"
Invoking: Arm Compiler
"/opt/ti/ccs1040/ccs/tools/compiler/ti-cgt-arm_20.2.5.LTS/bin/armcl" -mv7M3 --code_state=16 -me --include_path="/home/martin/Documents/School/Winter2023/CMPT464/Labs/NoOperation/NoOperation" --include_path="/home/martin/Documents/School/Winter2023/CMPT464/Labs/NoOperation/NoOperation" --include_path="/C:/ti/tirtos_cc13xx_cc26xx_2_21_01_08/products/cc13xxware_2_04_03_17272" --include_path="/opt/ti/ccs1040/ccs/tools/compiler/ti-cgt-arm_20.2.5.LTS/include" -g --c99 --gcc --diag_warning=225 --diag_warning=255 --diag_wrap=off --display_error_number --gen_func_subsections=on --abi=eabi --preproc_with_compile --preproc_dependency="ccfg.d_raw"  "../ccfg.c"
 
>> Compilation failure
subdir_rules.mk:7: recipe for target 'ccfg.obj' failed
"../ccfg.c", line 41: fatal error #1965: cannot open source file "inc/hw_types.h"
1 catastrophic error detected in the compilation of "../ccfg.c".
Compilation terminated.
gmake: *** [ccfg.obj] Error 1
gmake: Target 'all' not remade because of errors.

**** Build Finished ****

**** Build of configuration Debug for project NoOperation ****

/opt/ti/ccs1040/ccs/utils/bin/gmake -k -j 4 all -O 
 
Building file: "../ccfg.c"
Invoking: Arm Compiler
"/opt/ti/ccs1040/ccs/tools/compiler/ti-cgt-arm_20.2.5.LTS/bin/armcl" -mv7M3 --code_state=16 -me --include_path="/home/martin/Documents/School/Winter2023/CMPT464/Labs/NoOperation/NoOperation" --include_path="/home/martin/Documents/School/Winter2023/CMPT464/Labs/NoOperation/NoOperation" --include_path="/C:/ti/tirtos_cc13xx_cc26xx_2_21_01_08/products/cc13xxware_2_04_03_17272" --include_path="/opt/ti/ccs1040/ccs/tools/compiler/ti-cgt-arm_20.2.5.LTS/include" -g --c99 --gcc --diag_warning=225 --diag_warning=255 --diag_wrap=off --display_error_number --gen_func_subsections=on --abi=eabi --preproc_with_compile --preproc_dependency="ccfg.d_raw"  "../ccfg.c"
 
>> Compilation failure
subdir_rules.mk:7: recipe for target 'ccfg.obj' failed
"../ccfg.c", line 41: fatal error #1965: cannot open source file "inc/hw_types.h"
1 catastrophic error detected in the compilation of "../ccfg.c".
Compilation terminated.
gmake: *** [ccfg.obj] Error 1
"../main.c", line 1: fatal error #1965: cannot open source file "driverlib/prcm.h"
1 catastrophic error detected in the compilation of "../main.c".
Compilation terminated.
gmake: *** [main.obj] Error 1
"../startup_ccs.c", line 50: fatal error #1965: cannot open source file "inc/hw_types.h"
1 catastrophic error detected in the compilation of "../startup_ccs.c".
Compilation terminated.
gmake: *** [startup_ccs.obj] Error 1
Building file: "../main.c"
Invoking: Arm Compiler
"/opt/ti/ccs1040/ccs/tools/compiler/ti-cgt-arm_20.2.5.LTS/bin/armcl" -mv7M3 --code_state=16 -me --include_path="/home/martin/Documents/School/Winter2023/CMPT464/Labs/NoOperation/NoOperation" --include_path="/home/martin/Documents/School/Winter2023/CMPT464/Labs/NoOperation/NoOperation" --include_path="/C:/ti/tirtos_cc13xx_cc26xx_2_21_01_08/products/cc13xxware_2_04_03_17272" --include_path="/opt/ti/ccs1040/ccs/tools/compiler/ti-cgt-arm_20.2.5.LTS/include" -g --c99 --gcc --diag_warning=225 --diag_warning=255 --diag_wrap=off --display_error_number --gen_func_subsections=on --abi=eabi --preproc_with_compile --preproc_dependency="main.d_raw"  "../main.c"
 
>> Compilation failure
subdir_rules.mk:7: recipe for target 'main.obj' failed
Building file: "../startup_ccs.c"
Invoking: Arm Compiler
"/opt/ti/ccs1040/ccs/tools/compiler/ti-cgt-arm_20.2.5.LTS/bin/armcl" -mv7M3 --code_state=16 -me --include_path="/home/martin/Documents/School/Winter2023/CMPT464/Labs/NoOperation/NoOperation" --include_path="/home/martin/Documents/School/Winter2023/CMPT464/Labs/NoOperation/NoOperation" --include_path="/C:/ti/tirtos_cc13xx_cc26xx_2_21_01_08/products/cc13xxware_2_04_03_17272" --include_path="/opt/ti/ccs1040/ccs/tools/compiler/ti-cgt-arm_20.2.5.LTS/include" -g --c99 --gcc --diag_warning=225 --diag_warning=255 --diag_wrap=off --display_error_number --gen_func_subsections=on --abi=eabi --preproc_with_compile --preproc_dependency="startup_ccs.d_raw"  "../startup_ccs.c"
 
>> Compilation failure
subdir_rules.mk:7: recipe for target 'startup_ccs.obj' failed
gmake: Target 'all' not remade because of errors.

**** Build Finished ****

**** Build of configuration Debug for project NoOperation ****

/opt/ti/ccs1040/ccs/utils/bin/gmake -k -j 4 all -O 
 
Building file: "../startup_ccs.c"
Invoking: Arm Compiler
"/opt/ti/ccs1040/ccs/tools/compiler/ti-cgt-arm_20.2.5.LTS/bin/armcl" -mv7M3 --code_state=16 -me --include_path="/home/martin/Documents/School/Winter2023/CMPT464/Labs/NoOperation/NoOperation" --include_path="/home/martin/Documents/School/Winter2023/CMPT464/Labs/NoOperation/NoOperation" --include_path="/C:/ti/tirtos_cc13xx_cc26xx_2_21_01_08/products/cc13xxware_2_04_03_17272" --include_path="/opt/ti/ccs1040/ccs/tools/compiler/ti-cgt-arm_20.2.5.LTS/include" -g --c99 --gcc --diag_warning=225 --diag_warning=255 --diag_wrap=off --display_error_number --gen_func_subsections=on --abi=eabi --preproc_with_compile --preproc_dependency="startup_ccs.d_raw"  "../startup_ccs.c"
 
>> Compilation failure
subdir_rules.mk:7: recipe for target 'startup_ccs.obj' failed
"../startup_ccs.c", line 50: fatal error #1965: cannot open source file "inc/hw_types.h"
1 catastrophic error detected in the compilation of "../startup_ccs.c".
Compilation terminated.
gmake: *** [startup_ccs.obj] Error 1
"../ccfg.c", line 41: fatal error #1965: cannot open source file "inc/hw_types.h"
1 catastrophic error detected in the compilation of "../ccfg.c".
Compilation terminated.
gmake: *** [ccfg.obj] Error 1
Building file: "../ccfg.c"
Invoking: Arm Compiler
"/opt/ti/ccs1040/ccs/tools/compiler/ti-cgt-arm_20.2.5.LTS/bin/armcl" -mv7M3 --code_state=16 -me --include_path="/home/martin/Documents/School/Winter2023/CMPT464/Labs/NoOperation/NoOperation" --include_path="/home/martin/Documents/School/Winter2023/CMPT464/Labs/NoOperation/NoOperation" --include_path="/C:/ti/tirtos_cc13xx_cc26xx_2_21_01_08/products/cc13xxware_2_04_03_17272" --include_path="/opt/ti/ccs1040/ccs/tools/compiler/ti-cgt-arm_20.2.5.LTS/include" -g --c99 --gcc --diag_warning=225 --diag_warning=255 --diag_wrap=off --display_error_number --gen_func_subsections=on --abi=eabi --preproc_with_compile --preproc_dependency="ccfg.d_raw"  "../ccfg.c"
 
>> Compilation failure
subdir_rules.mk:7: recipe for target 'ccfg.obj' failed
Building file: "../main.c"
Invoking: Arm Compiler
"/opt/ti/ccs1040/ccs/tools/compiler/ti-cgt-arm_20.2.5.LTS/bin/armcl" -mv7M3 --code_state=16 -me --include_path="/home/martin/Documents/School/Winter2023/CMPT464/Labs/NoOperation/NoOperation" --include_path="/home/martin/Documents/School/Winter2023/CMPT464/Labs/NoOperation/NoOperation" --include_path="/C:/ti/tirtos_cc13xx_cc26xx_2_21_01_08/products/cc13xxware_2_04_03_17272" --include_path="/opt/ti/ccs1040/ccs/tools/compiler/ti-cgt-arm_20.2.5.LTS/include" -g --c99 --gcc --diag_warning=225 --diag_warning=255 --diag_wrap=off --display_error_number --gen_func_subsections=on --abi=eabi --preproc_with_compile --preproc_dependency="main.d_raw"  "../main.c"
Finished building: "../main.c"
 
gmake: Target 'all' not remade because of errors.

**** Build Finished ****

**** Build of configuration Debug for project emptyProgram ****

/opt/ti/ccs1040/ccs/utils/bin/gmake -k -j 4 all -O 
 
Building file: "../main.c"
Invoking: Arm Compiler
"/opt/ti/ccs1040/ccs/tools/compiler/ti-cgt-arm_20.2.5.LTS/bin/armcl" -mv7M3 --code_state=16 -me --include_path="/home/martin/Documents/School/Winter2023/CMPT464/Labs/emptyProgram" --include_path="/home/martin/Documents/School/Winter2023/CMPT464/Labs/emptyProgram" --include_path="/opt/ti/tirtos_cc13xx_cc26xx_2_21_01_08/products/cc13xxware_2_04_03_17272" --include_path="/opt/ti/ccs1040/ccs/tools/compiler/ti-cgt-arm_20.2.5.LTS/include" -g --c99 --gcc --diag_warning=225 --diag_warning=255 --diag_wrap=off --display_error_number --gen_func_subsections=on--abi=eabi --preproc_with_compile --preproc_dependency="main.d_raw"  "../main.c"
subdir_rules.mk:7: recipe for target 'main.obj' failed
error #24015-D: bad argument to option --gen_func_subsections: should be one of {on,off}
gmake: *** [main.obj] Error 1
gmake: Target 'all' not remade because of errors.

**** Build Finished ****

**** Build of configuration Debug for project emptyProgram ****

/opt/ti/ccs1040/ccs/utils/bin/gmake -k -j 4 all -O 
 
Building file: "../ccfg.c"
Invoking: Arm Compiler
"/opt/ti/ccs1040/ccs/tools/compiler/ti-cgt-arm_20.2.5.LTS/bin/armcl" -mv7M3 --code_state=16 -me --include_path="/home/martin/Documents/School/Winter2023/CMPT464/Labs/emptyProgram" --include_path="/home/martin/Documents/School/Winter2023/CMPT464/Labs/emptyProgram" --include_path="/opt/ti/tirtos_cc13xx_cc26xx_2_21_01_08/products/cc13xxware_2_04_03_17272" --include_path="/opt/ti/ccs1040/ccs/tools/compiler/ti-cgt-arm_20.2.5.LTS/include" -g --c99 --gcc --diag_warning=225 --diag_warning=255 --diag_wrap=off --display_error_number --gen_func_subsections=on--abi=eabi --preproc_with_compile --preproc_dependency="ccfg.d_raw"  "../ccfg.c"
subdir_rules.mk:7: recipe for target 'ccfg.obj' failed
error #24015-D: bad argument to option --gen_func_subsections: should be one of {on,off}
gmake: *** [ccfg.obj] Error 1
error #24015-D: bad argument to option --gen_func_subsections: should be one of {on,off}
gmake: *** [main.obj] Error 1
error #24015-D: bad argument to option --gen_func_subsections: should be one of {on,off}
gmake: *** [startup_ccs.obj] Error 1
Building file: "../main.c"
Invoking: Arm Compiler
"/opt/ti/ccs1040/ccs/tools/compiler/ti-cgt-arm_20.2.5.LTS/bin/armcl" -mv7M3 --code_state=16 -me --include_path="/home/martin/Documents/School/Winter2023/CMPT464/Labs/emptyProgram" --include_path="/home/martin/Documents/School/Winter2023/CMPT464/Labs/emptyProgram" --include_path="/opt/ti/tirtos_cc13xx_cc26xx_2_21_01_08/products/cc13xxware_2_04_03_17272" --include_path="/opt/ti/ccs1040/ccs/tools/compiler/ti-cgt-arm_20.2.5.LTS/include" -g --c99 --gcc --diag_warning=225 --diag_warning=255 --diag_wrap=off --display_error_number --gen_func_subsections=on--abi=eabi --preproc_with_compile --preproc_dependency="main.d_raw"  "../main.c"
subdir_rules.mk:7: recipe for target 'main.obj' failed
Building file: "../startup_ccs.c"
Invoking: Arm Compiler
"/opt/ti/ccs1040/ccs/tools/compiler/ti-cgt-arm_20.2.5.LTS/bin/armcl" -mv7M3 --code_state=16 -me --include_path="/home/martin/Documents/School/Winter2023/CMPT464/Labs/emptyProgram" --include_path="/home/martin/Documents/School/Winter2023/CMPT464/Labs/emptyProgram" --include_path="/opt/ti/tirtos_cc13xx_cc26xx_2_21_01_08/products/cc13xxware_2_04_03_17272" --include_path="/opt/ti/ccs1040/ccs/tools/compiler/ti-cgt-arm_20.2.5.LTS/include" -g --c99 --gcc --diag_warning=225 --diag_warning=255 --diag_wrap=off --display_error_number --gen_func_subsections=on--abi=eabi --preproc_with_compile --preproc_dependency="startup_ccs.d_raw"  "../startup_ccs.c"
subdir_rules.mk:7: recipe for target 'startup_ccs.obj' failed
gmake: Target 'all' not remade because of errors.

**** Build Finished ****

**** Build of configuration Debug for project emptyProgram ****

/opt/ti/ccs1040/ccs/utils/bin/gmake -k -j 4 all -O 
 
Building file: "../main.c"
Invoking: Arm Compiler
"/opt/ti/ccs1040/ccs/tools/compiler/ti-cgt-arm_20.2.5.LTS/bin/armcl" -mv7M3 --code_state=16 -me --include_path="/home/martin/Documents/School/Winter2023/CMPT464/Labs/emptyProgram" --include_path="/home/martin/Documents/School/Winter2023/CMPT464/Labs/emptyProgram" --include_path="/opt/ti/tirtos_cc13xx_cc26xx_2_21_01_08/products/cc13xxware_2_04_03_17272" --include_path="/opt/ti/ccs1040/ccs/tools/compiler/ti-cgt-arm_20.2.5.LTS/include" -g --c99 --gcc --diag_warning=225 --diag_warning=255 --diag_wrap=off --display_error_number --preproc_with_compile --preproc_dependency="main.d_raw"  "../main.c"
Finished building: "../main.c"
 
Building file: "../ccfg.c"
Invoking: Arm Compiler
"/opt/ti/ccs1040/ccs/tools/compiler/ti-cgt-arm_20.2.5.LTS/bin/armcl" -mv7M3 --code_state=16 -me --include_path="/home/martin/Documents/School/Winter2023/CMPT464/Labs/emptyProgram" --include_path="/home/martin/Documents/School/Winter2023/CMPT464/Labs/emptyProgram" --include_path="/opt/ti/tirtos_cc13xx_cc26xx_2_21_01_08/products/cc13xxware_2_04_03_17272" --include_path="/opt/ti/ccs1040/ccs/tools/compiler/ti-cgt-arm_20.2.5.LTS/include" -g --c99 --gcc --diag_warning=225 --diag_warning=255 --diag_wrap=off --display_error_number --preproc_with_compile --preproc_dependency="ccfg.d_raw"  "../ccfg.c"
Finished building: "../ccfg.c"
 
Building file: "../startup_ccs.c"
Invoking: Arm Compiler
"/opt/ti/ccs1040/ccs/tools/compiler/ti-cgt-arm_20.2.5.LTS/bin/armcl" -mv7M3 --code_state=16 -me --include_path="/home/martin/Documents/School/Winter2023/CMPT464/Labs/emptyProgram" --include_path="/home/martin/Documents/School/Winter2023/CMPT464/Labs/emptyProgram" --include_path="/opt/ti/tirtos_cc13xx_cc26xx_2_21_01_08/products/cc13xxware_2_04_03_17272" --include_path="/opt/ti/ccs1040/ccs/tools/compiler/ti-cgt-arm_20.2.5.LTS/include" -g --c99 --gcc --diag_warning=225 --diag_warning=255 --diag_wrap=off --display_error_number --preproc_with_compile --preproc_dependency="startup_ccs.d_raw"  "../startup_ccs.c"
Finished building: "../startup_ccs.c"
 
Building target: "emptyProgram.out"
Invoking: Arm Linker
"/opt/ti/ccs1040/ccs/tools/compiler/ti-cgt-arm_20.2.5.LTS/bin/armcl" -mv7M3 --code_state=16 -me -g --c99 --gcc --diag_warning=225 --diag_warning=255 --diag_wrap=off --display_error_number -z -m"emptyProgram.map" --heap_size=0 --stack_size=256 -i"/opt/ti/ccs1040/ccs/tools/compiler/ti-cgt-arm_20.2.5.LTS/lib" -i"/opt/ti/ccs1040/ccs/tools/compiler/ti-cgt-arm_20.2.5.LTS/include" --reread_libs --diag_suppress=16002-D --diag_suppress=10247-D --diag_suppress=10325-D --diag_suppress=10229-D --diag_wrap=off --display_error_number --warn_sections --xml_link_info="emptyProgram_linkInfo.xml" --rom_model -o "emptyProgram.out" "./ccfg.obj" "./main.obj" "./startup_ccs.obj" "../cc13x0f128.cmd"  -llibc.a -l"/opt/ti/tirtos_cc13xx_cc26xx_2_21_01_08/products/cc13xxware_2_04_03_17272/driverlib/bin/ccs/driverlib.lib" 
<Linking>
Finished building target: "emptyProgram.out"
 

**** Build Finished ****

**** Build of configuration Debug for project Lab4Exercise2 ****

/opt/ti/ccs1040/ccs/utils/bin/gmake -k -j 4 all -O 
 
Building file: "../main.c"
Invoking: Arm Compiler
"/opt/ti/ccs1040/ccs/tools/compiler/ti-cgt-arm_20.2.5.LTS/bin/armcl" -mv7M3 --code_state=16 -me --include_path="/home/martin/Documents/School/Winter2023/CMPT464/Labs/Lab4Exercise2" --include_path="/home/martin/Documents/School/Winter2023/CMPT464/Labs/Lab4Exercise2" --include_path="/opt/ti/tirtos_cc13xx_cc26xx_2_21_01_08/products/cc13xxware_2_04_03_17272" --include_path="/opt/ti/ccs1040/ccs/tools/compiler/ti-cgt-arm_20.2.5.LTS/include" -g --c99 --gcc --diag_warning=225 --diag_warning=255 --diag_wrap=off --display_error_number --preproc_with_compile --preproc_dependency="main.d_raw"  "../main.c"
"../main.c", line 16: warning #2170-D: use of a const variable in a constant expression is nonstandard in C
Finished building: "../main.c"
 
Building target: "Lab4Exercise2.out"
Invoking: Arm Linker
"/opt/ti/ccs1040/ccs/tools/compiler/ti-cgt-arm_20.2.5.LTS/bin/armcl" -mv7M3 --code_state=16 -me -g --c99 --gcc --diag_warning=225 --diag_warning=255 --diag_wrap=off --display_error_number -z -m"Lab4Exercise2.map" --heap_size=0 --stack_size=256 -i"/opt/ti/ccs1040/ccs/tools/compiler/ti-cgt-arm_20.2.5.LTS/lib" -i"/opt/ti/ccs1040/ccs/tools/compiler/ti-cgt-arm_20.2.5.LTS/include" --reread_libs --diag_suppress=16002-D --diag_suppress=10247-D --diag_suppress=10325-D --diag_suppress=10229-D --diag_wrap=off --display_error_number --warn_sections --xml_link_info="Lab4Exercise2_linkInfo.xml" --rom_model -o "Lab4Exercise2.out" "./ccfg.obj" "./main.obj" "./startup_ccs.obj" "./timer_module.obj" "./uart_module.obj" "../cc13x0f128.cmd"  -llibc.a -l"/opt/ti/tirtos_cc13xx_cc26xx_2_21_01_08/products/cc13xxware_2_04_03_17272/driverlib/bin/ccs/driverlib.lib" 
<Linking>
Finished building target: "Lab4Exercise2.out"
 

**** Build Finished ****

**** Build of configuration Debug for project Lab4Exercise2 ****

/opt/ti/ccs1040/ccs/utils/bin/gmake -k -j 4 all -O 
 
gmake[1]: 'Lab4Exercise2.out' is up to date.

**** Build Finished ****

**** Build of configuration Debug for project Lab4Exercise2 ****

/opt/ti/ccs1040/ccs/utils/bin/gmake -k -j 4 all -O 
 
gmake[1]: 'Lab4Exercise2.out' is up to date.

**** Build Finished ****

**** Build of configuration Debug for project Lab4Exercise2 ****

/opt/ti/ccs1040/ccs/utils/bin/gmake -k -j 4 all -O 
 
Building file: "../main.c"
Invoking: Arm Compiler
"/opt/ti/ccs1040/ccs/tools/compiler/ti-cgt-arm_20.2.5.LTS/bin/armcl" -mv7M3 --code_state=16 -me --include_path="/home/martin/Documents/School/Winter2023/CMPT464/Labs/Lab4Exercise2" --include_path="/home/martin/Documents/School/Winter2023/CMPT464/Labs/Lab4Exercise2" --include_path="/opt/ti/tirtos_cc13xx_cc26xx_2_21_01_08/products/cc13xxware_2_04_03_17272" --include_path="/opt/ti/ccs1040/ccs/tools/compiler/ti-cgt-arm_20.2.5.LTS/include" -g --c99 --gcc --diag_warning=225 --diag_warning=255 --diag_wrap=off --display_error_number --preproc_with_compile --preproc_dependency="main.d_raw"  "../main.c"
 
>> Compilation failure
subdir_rules.mk:7: recipe for target 'main.obj' failed
"../main.c", line 16: error #29: expected an expression
"../main.c", line 16: error #17: expected a "]"
"../main.c", line 16: error #171: expected a declaration
"../main.c", line 23: error #29: expected an expression
"../main.c", line 25: error #29: expected an expression
"../main.c", line 37: error #29: expected an expression
6 errors detected in the compilation of "../main.c".
gmake: *** [main.obj] Error 1
gmake: Target 'all' not remade because of errors.

**** Build Finished ****

**** Build of configuration Debug for project Lab4Exercise2 ****

/opt/ti/ccs1040/ccs/utils/bin/gmake -k -j 4 all -O 
 
Building file: "../main.c"
Invoking: Arm Compiler
"/opt/ti/ccs1040/ccs/tools/compiler/ti-cgt-arm_20.2.5.LTS/bin/armcl" -mv7M3 --code_state=16 -me --include_path="/home/martin/Documents/School/Winter2023/CMPT464/Labs/Lab4Exercise2" --include_path="/home/martin/Documents/School/Winter2023/CMPT464/Labs/Lab4Exercise2" --include_path="/opt/ti/tirtos_cc13xx_cc26xx_2_21_01_08/products/cc13xxware_2_04_03_17272" --include_path="/opt/ti/ccs1040/ccs/tools/compiler/ti-cgt-arm_20.2.5.LTS/include" -g --c99 --gcc --diag_warning=225 --diag_warning=255 --diag_wrap=off --display_error_number --preproc_with_compile --preproc_dependency="main.d_raw"  "../main.c"
 
>> Compilation failure
subdir_rules.mk:7: recipe for target 'main.obj' failed
"../main.c", line 16: error #17: expected a "]"
"../main.c", line 16: error #171: expected a declaration
"../main.c", line 23: error #18: expected a ")"
3 errors detected in the compilation of "../main.c".
gmake: *** [main.obj] Error 1
gmake: Target 'all' not remade because of errors.

**** Build Finished ****

**** Build of configuration Debug for project Lab4Exercise2 ****

/opt/ti/ccs1040/ccs/utils/bin/gmake -k -j 4 all -O 
 
Building file: "../main.c"
Invoking: Arm Compiler
"/opt/ti/ccs1040/ccs/tools/compiler/ti-cgt-arm_20.2.5.LTS/bin/armcl" -mv7M3 --code_state=16 -me --include_path="/home/martin/Documents/School/Winter2023/CMPT464/Labs/Lab4Exercise2" --include_path="/home/martin/Documents/School/Winter2023/CMPT464/Labs/Lab4Exercise2" --include_path="/opt/ti/tirtos_cc13xx_cc26xx_2_21_01_08/products/cc13xxware_2_04_03_17272" --include_path="/opt/ti/ccs1040/ccs/tools/compiler/ti-cgt-arm_20.2.5.LTS/include" -g --c99 --gcc --diag_warning=225 --diag_warning=255 --diag_wrap=off --display_error_number --preproc_with_compile --preproc_dependency="main.d_raw"  "../main.c"
 
>> Compilation failure
subdir_rules.mk:7: recipe for target 'main.obj' failed
"../main.c", line 16: error #17: expected a "]"
"../main.c", line 16: error #171: expected a declaration
"../main.c", line 23: error #18: expected a ")"
"../main.c", line 24: warning #515-D: a value of type "char" cannot be assigned to an entity of type "char *"
"../main.c", line 35: warning #515-D: a value of type "char *" cannot be assigned to an entity of type "char"
3 errors detected in the compilation of "../main.c".
gmake: *** [main.obj] Error 1
gmake: Target 'all' not remade because of errors.

**** Build Finished ****

**** Build of configuration Debug for project Lab4Exercise2 ****

/opt/ti/ccs1040/ccs/utils/bin/gmake -k -j 4 all -O 
 
Building file: "../main.c"
Invoking: Arm Compiler
"/opt/ti/ccs1040/ccs/tools/compiler/ti-cgt-arm_20.2.5.LTS/bin/armcl" -mv7M3 --code_state=16 -me --include_path="/home/martin/Documents/School/Winter2023/CMPT464/Labs/Lab4Exercise2" --include_path="/home/martin/Documents/School/Winter2023/CMPT464/Labs/Lab4Exercise2" --include_path="/opt/ti/tirtos_cc13xx_cc26xx_2_21_01_08/products/cc13xxware_2_04_03_17272" --include_path="/opt/ti/ccs1040/ccs/tools/compiler/ti-cgt-arm_20.2.5.LTS/include" -g --c99 --gcc --diag_warning=225 --diag_warning=255 --diag_wrap=off --display_error_number --preproc_with_compile --preproc_dependency="main.d_raw"  "../main.c"
 
>> Compilation failure
subdir_rules.mk:7: recipe for target 'main.obj' failed
"../main.c", line 16: error #17: expected a "]"
"../main.c", line 16: error #171: expected a declaration
"../main.c", line 23: error #18: expected a ")"
3 errors detected in the compilation of "../main.c".
gmake: *** [main.obj] Error 1
gmake: Target 'all' not remade because of errors.

**** Build Finished ****

**** Build of configuration Debug for project Lab4Exercise2 ****

/opt/ti/ccs1040/ccs/utils/bin/gmake -k -j 4 all -O 
 
Building file: "../main.c"
Invoking: Arm Compiler
"/opt/ti/ccs1040/ccs/tools/compiler/ti-cgt-arm_20.2.5.LTS/bin/armcl" -mv7M3 --code_state=16 -me --include_path="/home/martin/Documents/School/Winter2023/CMPT464/Labs/Lab4Exercise2" --include_path="/home/martin/Documents/School/Winter2023/CMPT464/Labs/Lab4Exercise2" --include_path="/opt/ti/tirtos_cc13xx_cc26xx_2_21_01_08/products/cc13xxware_2_04_03_17272" --include_path="/opt/ti/ccs1040/ccs/tools/compiler/ti-cgt-arm_20.2.5.LTS/include" -g --c99 --gcc --diag_warning=225 --diag_warning=255 --diag_wrap=off --display_error_number --preproc_with_compile --preproc_dependency="main.d_raw"  "../main.c"
 
>> Compilation failure
subdir_rules.mk:7: recipe for target 'main.obj' failed
"../main.c", line 16: error #17: expected a "]"
"../main.c", line 16: error #171: expected a declaration
"../main.c", line 23: error #18: expected a ")"
"../main.c", line 24: error #137: struct "loop_buffer" has no field "characters"
"../main.c", line 35: error #137: struct "loop_buffer" has no field "characters"
5 errors detected in the compilation of "../main.c".
gmake: *** [main.obj] Error 1
gmake: Target 'all' not remade because of errors.

**** Build Finished ****

**** Build of configuration Debug for project Lab4Exercise2 ****

/opt/ti/ccs1040/ccs/utils/bin/gmake -k -j 4 all -O 
 
Building file: "../main.c"
Invoking: Arm Compiler
"/opt/ti/ccs1040/ccs/tools/compiler/ti-cgt-arm_20.2.5.LTS/bin/armcl" -mv7M3 --code_state=16 -me --include_path="/home/martin/Documents/School/Winter2023/CMPT464/Labs/Lab4Exercise2" --include_path="/home/martin/Documents/School/Winter2023/CMPT464/Labs/Lab4Exercise2" --include_path="/opt/ti/tirtos_cc13xx_cc26xx_2_21_01_08/products/cc13xxware_2_04_03_17272" --include_path="/opt/ti/ccs1040/ccs/tools/compiler/ti-cgt-arm_20.2.5.LTS/include" -g --c99 --gcc --diag_warning=225 --diag_warning=255 --diag_wrap=off --display_error_number --preproc_with_compile --preproc_dependency="main.d_raw"  "../main.c"
 
>> Compilation failure
subdir_rules.mk:7: recipe for target 'main.obj' failed
"../main.c", line 16: error #17: expected a "]"
"../main.c", line 16: error #171: expected a declaration
"../main.c", line 23: error #18: expected a ")"
"../main.c", line 24: error #137: struct "loop_buffer" has no field "characters"
"../main.c", line 35: error #137: struct "loop_buffer" has no field "characters"
5 errors detected in the compilation of "../main.c".
gmake: *** [main.obj] Error 1
gmake: Target 'all' not remade because of errors.

**** Build Finished ****

**** Build of configuration Debug for project Lab4Exercise2 ****

/opt/ti/ccs1040/ccs/utils/bin/gmake -k -j 4 all -O 
 
Building file: "../main.c"
Invoking: Arm Compiler
"/opt/ti/ccs1040/ccs/tools/compiler/ti-cgt-arm_20.2.5.LTS/bin/armcl" -mv7M3 --code_state=16 -me --include_path="/home/martin/Documents/School/Winter2023/CMPT464/Labs/Lab4Exercise2" --include_path="/home/martin/Documents/School/Winter2023/CMPT464/Labs/Lab4Exercise2" --include_path="/opt/ti/tirtos_cc13xx_cc26xx_2_21_01_08/products/cc13xxware_2_04_03_17272" --include_path="/opt/ti/ccs1040/ccs/tools/compiler/ti-cgt-arm_20.2.5.LTS/include" -g --c99 --gcc --diag_warning=225 --diag_warning=255 --diag_wrap=off --display_error_number --preproc_with_compile --preproc_dependency="main.d_raw"  "../main.c"
 
>> Compilation failure
subdir_rules.mk:7: recipe for target 'main.obj' failed
"../main.c", line 23: error #18: expected a ")"
"../main.c", line 52: error #18: expected a ")"
"../main.c", line 52: error #29: expected an expression
3 errors detected in the compilation of "../main.c".
gmake: *** [main.obj] Error 1
gmake: Target 'all' not remade because of errors.

**** Build Finished ****

**** Build of configuration Debug for project Lab4Exercise2 ****

/opt/ti/ccs1040/ccs/utils/bin/gmake -k -j 4 all -O 
 
Building file: "../main.c"
Invoking: Arm Compiler
"/opt/ti/ccs1040/ccs/tools/compiler/ti-cgt-arm_20.2.5.LTS/bin/armcl" -mv7M3 --code_state=16 -me --include_path="/home/martin/Documents/School/Winter2023/CMPT464/Labs/Lab4Exercise2" --include_path="/home/martin/Documents/School/Winter2023/CMPT464/Labs/Lab4Exercise2" --include_path="/opt/ti/tirtos_cc13xx_cc26xx_2_21_01_08/products/cc13xxware_2_04_03_17272" --include_path="/opt/ti/ccs1040/ccs/tools/compiler/ti-cgt-arm_20.2.5.LTS/include" -g --c99 --gcc --diag_warning=225 --diag_warning=255 --diag_wrap=off --display_error_number --preproc_with_compile --preproc_dependency="main.d_raw"  "../main.c"
Finished building: "../main.c"
 
Building target: "Lab4Exercise2.out"
Invoking: Arm Linker
"/opt/ti/ccs1040/ccs/tools/compiler/ti-cgt-arm_20.2.5.LTS/bin/armcl" -mv7M3 --code_state=16 -me -g --c99 --gcc --diag_warning=225 --diag_warning=255 --diag_wrap=off --display_error_number -z -m"Lab4Exercise2.map" --heap_size=0 --stack_size=256 -i"/opt/ti/ccs1040/ccs/tools/compiler/ti-cgt-arm_20.2.5.LTS/lib" -i"/opt/ti/ccs1040/ccs/tools/compiler/ti-cgt-arm_20.2.5.LTS/include" --reread_libs --diag_suppress=16002-D --diag_suppress=10247-D --diag_suppress=10325-D --diag_suppress=10229-D --diag_wrap=off --display_error_number --warn_sections --xml_link_info="Lab4Exercise2_linkInfo.xml" --rom_model -o "Lab4Exercise2.out" "./ccfg.obj" "./main.obj" "./startup_ccs.obj" "./timer_module.obj" "./uart_module.obj" "../cc13x0f128.cmd"  -llibc.a -l"/opt/ti/tirtos_cc13xx_cc26xx_2_21_01_08/products/cc13xxware_2_04_03_17272/driverlib/bin/ccs/driverlib.lib" 
<Linking>
Finished building target: "Lab4Exercise2.out"
 

**** Build Finished ****

**** Build of configuration Debug for project Lab4Exercise2 ****

/opt/ti/ccs1040/ccs/utils/bin/gmake -k -j 4 all -O 
 
Building file: "../main.c"
Invoking: Arm Compiler
"/opt/ti/ccs1040/ccs/tools/compiler/ti-cgt-arm_20.2.5.LTS/bin/armcl" -mv7M3 --code_state=16 -me --include_path="/home/martin/Documents/School/Winter2023/CMPT464/Labs/Lab4Exercise2" --include_path="/home/martin/Documents/School/Winter2023/CMPT464/Labs/Lab4Exercise2" --include_path="/opt/ti/tirtos_cc13xx_cc26xx_2_21_01_08/products/cc13xxware_2_04_03_17272" --include_path="/opt/ti/ccs1040/ccs/tools/compiler/ti-cgt-arm_20.2.5.LTS/include" -g --c99 --gcc --diag_warning=225 --diag_warning=255 --diag_wrap=off --display_error_number --preproc_with_compile --preproc_dependency="main.d_raw"  "../main.c"
Finished building: "../main.c"
 
Building target: "Lab4Exercise2.out"
Invoking: Arm Linker
"/opt/ti/ccs1040/ccs/tools/compiler/ti-cgt-arm_20.2.5.LTS/bin/armcl" -mv7M3 --code_state=16 -me -g --c99 --gcc --diag_warning=225 --diag_warning=255 --diag_wrap=off --display_error_number -z -m"Lab4Exercise2.map" --heap_size=0 --stack_size=256 -i"/opt/ti/ccs1040/ccs/tools/compiler/ti-cgt-arm_20.2.5.LTS/lib" -i"/opt/ti/ccs1040/ccs/tools/compiler/ti-cgt-arm_20.2.5.LTS/include" --reread_libs --diag_suppress=16002-D --diag_suppress=10247-D --diag_suppress=10325-D --diag_suppress=10229-D --diag_wrap=off --display_error_number --warn_sections --xml_link_info="Lab4Exercise2_linkInfo.xml" --rom_model -o "Lab4Exercise2.out" "./ccfg.obj" "./main.obj" "./startup_ccs.obj" "./timer_module.obj" "./uart_module.obj" "../cc13x0f128.cmd"  -llibc.a -l"/opt/ti/tirtos_cc13xx_cc26xx_2_21_01_08/products/cc13xxware_2_04_03_17272/driverlib/bin/ccs/driverlib.lib" 
<Linking>
Finished building target: "Lab4Exercise2.out"
 

**** Build Finished ****

**** Build of configuration Debug for project Lab4Exercise2 ****

/opt/ti/ccs1040/ccs/utils/bin/gmake -k -j 4 all -O 
 
Building file: "../main.c"
Invoking: Arm Compiler
"/opt/ti/ccs1040/ccs/tools/compiler/ti-cgt-arm_20.2.5.LTS/bin/armcl" -mv7M3 --code_state=16 -me --include_path="/home/martin/Documents/School/Winter2023/CMPT464/Labs/Lab4Exercise2" --include_path="/home/martin/Documents/School/Winter2023/CMPT464/Labs/Lab4Exercise2" --include_path="/opt/ti/tirtos_cc13xx_cc26xx_2_21_01_08/products/cc13xxware_2_04_03_17272" --include_path="/opt/ti/ccs1040/ccs/tools/compiler/ti-cgt-arm_20.2.5.LTS/include" -g --c99 --gcc --diag_warning=225 --diag_warning=255 --diag_wrap=off --display_error_number --preproc_with_compile --preproc_dependency="main.d_raw"  "../main.c"
Finished building: "../main.c"
 
Building target: "Lab4Exercise2.out"
Invoking: Arm Linker
"/opt/ti/ccs1040/ccs/tools/compiler/ti-cgt-arm_20.2.5.LTS/bin/armcl" -mv7M3 --code_state=16 -me -g --c99 --gcc --diag_warning=225 --diag_warning=255 --diag_wrap=off --display_error_number -z -m"Lab4Exercise2.map" --heap_size=0 --stack_size=256 -i"/opt/ti/ccs1040/ccs/tools/compiler/ti-cgt-arm_20.2.5.LTS/lib" -i"/opt/ti/ccs1040/ccs/tools/compiler/ti-cgt-arm_20.2.5.LTS/include" --reread_libs --diag_suppress=16002-D --diag_suppress=10247-D --diag_suppress=10325-D --diag_suppress=10229-D --diag_wrap=off --display_error_number --warn_sections --xml_link_info="Lab4Exercise2_linkInfo.xml" --rom_model -o "Lab4Exercise2.out" "./ccfg.obj" "./main.obj" "./startup_ccs.obj" "./timer_module.obj" "./uart_module.obj" "../cc13x0f128.cmd"  -llibc.a -l"/opt/ti/tirtos_cc13xx_cc26xx_2_21_01_08/products/cc13xxware_2_04_03_17272/driverlib/bin/ccs/driverlib.lib" 
<Linking>
Finished building target: "Lab4Exercise2.out"
 

**** Build Finished ****

**** Build of configuration Debug for project Lab4Exercise2 ****

/opt/ti/ccs1040/ccs/utils/bin/gmake -k -j 4 all -O 
 
Building file: "../main.c"
Invoking: Arm Compiler
"/opt/ti/ccs1040/ccs/tools/compiler/ti-cgt-arm_20.2.5.LTS/bin/armcl" -mv7M3 --code_state=16 -me --include_path="/home/martin/Documents/School/Winter2023/CMPT464/Labs/Lab4Exercise2" --include_path="/home/martin/Documents/School/Winter2023/CMPT464/Labs/Lab4Exercise2" --include_path="/opt/ti/tirtos_cc13xx_cc26xx_2_21_01_08/products/cc13xxware_2_04_03_17272" --include_path="/opt/ti/ccs1040/ccs/tools/compiler/ti-cgt-arm_20.2.5.LTS/include" -g --c99 --gcc --diag_warning=225 --diag_warning=255 --diag_wrap=off --display_error_number --preproc_with_compile --preproc_dependency="main.d_raw"  "../main.c"
Finished building: "../main.c"
 
Building target: "Lab4Exercise2.out"
Invoking: Arm Linker
"/opt/ti/ccs1040/ccs/tools/compiler/ti-cgt-arm_20.2.5.LTS/bin/armcl" -mv7M3 --code_state=16 -me -g --c99 --gcc --diag_warning=225 --diag_warning=255 --diag_wrap=off --display_error_number -z -m"Lab4Exercise2.map" --heap_size=0 --stack_size=256 -i"/opt/ti/ccs1040/ccs/tools/compiler/ti-cgt-arm_20.2.5.LTS/lib" -i"/opt/ti/ccs1040/ccs/tools/compiler/ti-cgt-arm_20.2.5.LTS/include" --reread_libs --diag_suppress=16002-D --diag_suppress=10247-D --diag_suppress=10325-D --diag_suppress=10229-D --diag_wrap=off --display_error_number --warn_sections --xml_link_info="Lab4Exercise2_linkInfo.xml" --rom_model -o "Lab4Exercise2.out" "./ccfg.obj" "./main.obj" "./startup_ccs.obj" "./timer_module.obj" "./uart_module.obj" "../cc13x0f128.cmd"  -llibc.a -l"/opt/ti/tirtos_cc13xx_cc26xx_2_21_01_08/products/cc13xxware_2_04_03_17272/driverlib/bin/ccs/driverlib.lib" 
<Linking>
Finished building target: "Lab4Exercise2.out"
 

**** Build Finished ****

**** Build of configuration Debug for project Lab4Exercise2 ****

/opt/ti/ccs1040/ccs/utils/bin/gmake -k -j 4 all -O 
 
Building file: "../main.c"
Invoking: Arm Compiler
"/opt/ti/ccs1040/ccs/tools/compiler/ti-cgt-arm_20.2.5.LTS/bin/armcl" -mv7M3 --code_state=16 -me --include_path="/home/martin/Documents/School/Winter2023/CMPT464/Labs/Lab4Exercise2" --include_path="/home/martin/Documents/School/Winter2023/CMPT464/Labs/Lab4Exercise2" --include_path="/opt/ti/tirtos_cc13xx_cc26xx_2_21_01_08/products/cc13xxware_2_04_03_17272" --include_path="/opt/ti/ccs1040/ccs/tools/compiler/ti-cgt-arm_20.2.5.LTS/include" -g --c99 --gcc --diag_warning=225 --diag_warning=255 --diag_wrap=off --display_error_number --preproc_with_compile --preproc_dependency="main.d_raw"  "../main.c"
Finished building: "../main.c"
 
Building target: "Lab4Exercise2.out"
Invoking: Arm Linker
"/opt/ti/ccs1040/ccs/tools/compiler/ti-cgt-arm_20.2.5.LTS/bin/armcl" -mv7M3 --code_state=16 -me -g --c99 --gcc --diag_warning=225 --diag_warning=255 --diag_wrap=off --display_error_number -z -m"Lab4Exercise2.map" --heap_size=0 --stack_size=256 -i"/opt/ti/ccs1040/ccs/tools/compiler/ti-cgt-arm_20.2.5.LTS/lib" -i"/opt/ti/ccs1040/ccs/tools/compiler/ti-cgt-arm_20.2.5.LTS/include" --reread_libs --diag_suppress=16002-D --diag_suppress=10247-D --diag_suppress=10325-D --diag_suppress=10229-D --diag_wrap=off --display_error_number --warn_sections --xml_link_info="Lab4Exercise2_linkInfo.xml" --rom_model -o "Lab4Exercise2.out" "./ccfg.obj" "./main.obj" "./startup_ccs.obj" "./timer_module.obj" "./uart_module.obj" "../cc13x0f128.cmd"  -llibc.a -l"/opt/ti/tirtos_cc13xx_cc26xx_2_21_01_08/products/cc13xxware_2_04_03_17272/driverlib/bin/ccs/driverlib.lib" 
<Linking>
Finished building target: "Lab4Exercise2.out"
 

**** Build Finished ****

**** Build of configuration Debug for project Lab4Exercise2 ****

/opt/ti/ccs1040/ccs/utils/bin/gmake -k -j 4 all -O 
 
Building file: "../main.c"
Invoking: Arm Compiler
"/opt/ti/ccs1040/ccs/tools/compiler/ti-cgt-arm_20.2.5.LTS/bin/armcl" -mv7M3 --code_state=16 -me --include_path="/home/martin/Documents/School/Winter2023/CMPT464/Labs/Lab4Exercise2" --include_path="/home/martin/Documents/School/Winter2023/CMPT464/Labs/Lab4Exercise2" --include_path="/opt/ti/tirtos_cc13xx_cc26xx_2_21_01_08/products/cc13xxware_2_04_03_17272" --include_path="/opt/ti/ccs1040/ccs/tools/compiler/ti-cgt-arm_20.2.5.LTS/include" -g --c99 --gcc --diag_warning=225 --diag_warning=255 --diag_wrap=off --display_error_number --preproc_with_compile --preproc_dependency="main.d_raw"  "../main.c"
Finished building: "../main.c"
 
Building target: "Lab4Exercise2.out"
Invoking: Arm Linker
"/opt/ti/ccs1040/ccs/tools/compiler/ti-cgt-arm_20.2.5.LTS/bin/armcl" -mv7M3 --code_state=16 -me -g --c99 --gcc --diag_warning=225 --diag_warning=255 --diag_wrap=off --display_error_number -z -m"Lab4Exercise2.map" --heap_size=0 --stack_size=256 -i"/opt/ti/ccs1040/ccs/tools/compiler/ti-cgt-arm_20.2.5.LTS/lib" -i"/opt/ti/ccs1040/ccs/tools/compiler/ti-cgt-arm_20.2.5.LTS/include" --reread_libs --diag_suppress=16002-D --diag_suppress=10247-D --diag_suppress=10325-D --diag_suppress=10229-D --diag_wrap=off --display_error_number --warn_sections --xml_link_info="Lab4Exercise2_linkInfo.xml" --rom_model -o "Lab4Exercise2.out" "./ccfg.obj" "./main.obj" "./startup_ccs.obj" "./timer_module.obj" "./uart_module.obj" "../cc13x0f128.cmd"  -llibc.a -l"/opt/ti/tirtos_cc13xx_cc26xx_2_21_01_08/products/cc13xxware_2_04_03_17272/driverlib/bin/ccs/driverlib.lib" 
<Linking>
Finished building target: "Lab4Exercise2.out"
 

**** Build Finished ****

**** Build of configuration Debug for project Lab4Exercise2 ****

/opt/ti/ccs1040/ccs/utils/bin/gmake -k -j 4 all -O 
 
Building file: "../main.c"
Invoking: Arm Compiler
"/opt/ti/ccs1040/ccs/tools/compiler/ti-cgt-arm_20.2.5.LTS/bin/armcl" -mv7M3 --code_state=16 -me --include_path="/home/martin/Documents/School/Winter2023/CMPT464/Labs/Lab4Exercise2" --include_path="/home/martin/Documents/School/Winter2023/CMPT464/Labs/Lab4Exercise2" --include_path="/opt/ti/tirtos_cc13xx_cc26xx_2_21_01_08/products/cc13xxware_2_04_03_17272" --include_path="/opt/ti/ccs1040/ccs/tools/compiler/ti-cgt-arm_20.2.5.LTS/include" -g --c99 --gcc --diag_warning=225 --diag_warning=255 --diag_wrap=off --display_error_number --preproc_with_compile --preproc_dependency="main.d_raw"  "../main.c"
Finished building: "../main.c"
 
Building target: "Lab4Exercise2.out"
Invoking: Arm Linker
"/opt/ti/ccs1040/ccs/tools/compiler/ti-cgt-arm_20.2.5.LTS/bin/armcl" -mv7M3 --code_state=16 -me -g --c99 --gcc --diag_warning=225 --diag_warning=255 --diag_wrap=off --display_error_number -z -m"Lab4Exercise2.map" --heap_size=0 --stack_size=256 -i"/opt/ti/ccs1040/ccs/tools/compiler/ti-cgt-arm_20.2.5.LTS/lib" -i"/opt/ti/ccs1040/ccs/tools/compiler/ti-cgt-arm_20.2.5.LTS/include" --reread_libs --diag_suppress=16002-D --diag_suppress=10247-D --diag_suppress=10325-D --diag_suppress=10229-D --diag_wrap=off --display_error_number --warn_sections --xml_link_info="Lab4Exercise2_linkInfo.xml" --rom_model -o "Lab4Exercise2.out" "./ccfg.obj" "./main.obj" "./startup_ccs.obj" "./timer_module.obj" "./uart_module.obj" "../cc13x0f128.cmd"  -llibc.a -l"/opt/ti/tirtos_cc13xx_cc26xx_2_21_01_08/products/cc13xxware_2_04_03_17272/driverlib/bin/ccs/driverlib.lib" 
<Linking>
Finished building target: "Lab4Exercise2.out"
 

**** Build Finished ****

**** Build of configuration Debug for project Lab4Exercise2 ****

/opt/ti/ccs1040/ccs/utils/bin/gmake -k -j 4 all -O 
 
Building file: "../main.c"
Invoking: Arm Compiler
"/opt/ti/ccs1040/ccs/tools/compiler/ti-cgt-arm_20.2.5.LTS/bin/armcl" -mv7M3 --code_state=16 -me --include_path="/home/martin/Documents/School/Winter2023/CMPT464/Labs/Lab4Exercise2" --include_path="/home/martin/Documents/School/Winter2023/CMPT464/Labs/Lab4Exercise2" --include_path="/opt/ti/tirtos_cc13xx_cc26xx_2_21_01_08/products/cc13xxware_2_04_03_17272" --include_path="/opt/ti/ccs1040/ccs/tools/compiler/ti-cgt-arm_20.2.5.LTS/include" -g --c99 --gcc --diag_warning=225 --diag_warning=255 --diag_wrap=off --display_error_number --preproc_with_compile --preproc_dependency="main.d_raw"  "../main.c"
Finished building: "../main.c"
 
Building target: "Lab4Exercise2.out"
Invoking: Arm Linker
"/opt/ti/ccs1040/ccs/tools/compiler/ti-cgt-arm_20.2.5.LTS/bin/armcl" -mv7M3 --code_state=16 -me -g --c99 --gcc --diag_warning=225 --diag_warning=255 --diag_wrap=off --display_error_number -z -m"Lab4Exercise2.map" --heap_size=0 --stack_size=256 -i"/opt/ti/ccs1040/ccs/tools/compiler/ti-cgt-arm_20.2.5.LTS/lib" -i"/opt/ti/ccs1040/ccs/tools/compiler/ti-cgt-arm_20.2.5.LTS/include" --reread_libs --diag_suppress=16002-D --diag_suppress=10247-D --diag_suppress=10325-D --diag_suppress=10229-D --diag_wrap=off --display_error_number --warn_sections --xml_link_info="Lab4Exercise2_linkInfo.xml" --rom_model -o "Lab4Exercise2.out" "./ccfg.obj" "./main.obj" "./startup_ccs.obj" "./timer_module.obj" "./uart_module.obj" "../cc13x0f128.cmd"  -llibc.a -l"/opt/ti/tirtos_cc13xx_cc26xx_2_21_01_08/products/cc13xxware_2_04_03_17272/driverlib/bin/ccs/driverlib.lib" 
<Linking>
Finished building target: "Lab4Exercise2.out"
 

**** Build Finished ****

**** Build of configuration Debug for project Lab4Exercise2 ****

/opt/ti/ccs1040/ccs/utils/bin/gmake -k -j 4 all -O 
 
Building file: "../main.c"
Invoking: Arm Compiler
"/opt/ti/ccs1040/ccs/tools/compiler/ti-cgt-arm_20.2.5.LTS/bin/armcl" -mv7M3 --code_state=16 -me --include_path="/home/martin/Documents/School/Winter2023/CMPT464/Labs/Lab4Exercise2" --include_path="/home/martin/Documents/School/Winter2023/CMPT464/Labs/Lab4Exercise2" --include_path="/opt/ti/tirtos_cc13xx_cc26xx_2_21_01_08/products/cc13xxware_2_04_03_17272" --include_path="/opt/ti/ccs1040/ccs/tools/compiler/ti-cgt-arm_20.2.5.LTS/include" -g --c99 --gcc --diag_warning=225 --diag_warning=255 --diag_wrap=off --display_error_number --preproc_with_compile --preproc_dependency="main.d_raw"  "../main.c"
Finished building: "../main.c"
 
Building target: "Lab4Exercise2.out"
Invoking: Arm Linker
"/opt/ti/ccs1040/ccs/tools/compiler/ti-cgt-arm_20.2.5.LTS/bin/armcl" -mv7M3 --code_state=16 -me -g --c99 --gcc --diag_warning=225 --diag_warning=255 --diag_wrap=off --display_error_number -z -m"Lab4Exercise2.map" --heap_size=0 --stack_size=256 -i"/opt/ti/ccs1040/ccs/tools/compiler/ti-cgt-arm_20.2.5.LTS/lib" -i"/opt/ti/ccs1040/ccs/tools/compiler/ti-cgt-arm_20.2.5.LTS/include" --reread_libs --diag_suppress=16002-D --diag_suppress=10247-D --diag_suppress=10325-D --diag_suppress=10229-D --diag_wrap=off --display_error_number --warn_sections --xml_link_info="Lab4Exercise2_linkInfo.xml" --rom_model -o "Lab4Exercise2.out" "./ccfg.obj" "./main.obj" "./startup_ccs.obj" "./timer_module.obj" "./uart_module.obj" "../cc13x0f128.cmd"  -llibc.a -l"/opt/ti/tirtos_cc13xx_cc26xx_2_21_01_08/products/cc13xxware_2_04_03_17272/driverlib/bin/ccs/driverlib.lib" 
<Linking>
Finished building target: "Lab4Exercise2.out"
 

**** Build Finished ****

**** Build of configuration Debug for project Lab4Exercise2 ****

/opt/ti/ccs1040/ccs/utils/bin/gmake -k -j 4 all -O 
 
Building file: "../main.c"
Invoking: Arm Compiler
"/opt/ti/ccs1040/ccs/tools/compiler/ti-cgt-arm_20.2.5.LTS/bin/armcl" -mv7M3 --code_state=16 -me --include_path="/home/martin/Documents/School/Winter2023/CMPT464/Labs/Lab4Exercise2" --include_path="/home/martin/Documents/School/Winter2023/CMPT464/Labs/Lab4Exercise2" --include_path="/opt/ti/tirtos_cc13xx_cc26xx_2_21_01_08/products/cc13xxware_2_04_03_17272" --include_path="/opt/ti/ccs1040/ccs/tools/compiler/ti-cgt-arm_20.2.5.LTS/include" -g --c99 --gcc --diag_warning=225 --diag_warning=255 --diag_wrap=off --display_error_number --preproc_with_compile --preproc_dependency="main.d_raw"  "../main.c"
Finished building: "../main.c"
 
Building target: "Lab4Exercise2.out"
Invoking: Arm Linker
"/opt/ti/ccs1040/ccs/tools/compiler/ti-cgt-arm_20.2.5.LTS/bin/armcl" -mv7M3 --code_state=16 -me -g --c99 --gcc --diag_warning=225 --diag_warning=255 --diag_wrap=off --display_error_number -z -m"Lab4Exercise2.map" --heap_size=0 --stack_size=256 -i"/opt/ti/ccs1040/ccs/tools/compiler/ti-cgt-arm_20.2.5.LTS/lib" -i"/opt/ti/ccs1040/ccs/tools/compiler/ti-cgt-arm_20.2.5.LTS/include" --reread_libs --diag_suppress=16002-D --diag_suppress=10247-D --diag_suppress=10325-D --diag_suppress=10229-D --diag_wrap=off --display_error_number --warn_sections --xml_link_info="Lab4Exercise2_linkInfo.xml" --rom_model -o "Lab4Exercise2.out" "./ccfg.obj" "./main.obj" "./startup_ccs.obj" "./timer_module.obj" "./uart_module.obj" "../cc13x0f128.cmd"  -llibc.a -l"/opt/ti/tirtos_cc13xx_cc26xx_2_21_01_08/products/cc13xxware_2_04_03_17272/driverlib/bin/ccs/driverlib.lib" 
<Linking>
Finished building target: "Lab4Exercise2.out"
 

**** Build Finished ****

**** Build of configuration Debug for project Lab4Exercise2 ****

/opt/ti/ccs1040/ccs/utils/bin/gmake -k -j 4 all -O 
 
Building file: "../main.c"
Invoking: Arm Compiler
"/opt/ti/ccs1040/ccs/tools/compiler/ti-cgt-arm_20.2.5.LTS/bin/armcl" -mv7M3 --code_state=16 -me --include_path="/home/martin/Documents/School/Winter2023/CMPT464/Labs/Lab4Exercise2" --include_path="/home/martin/Documents/School/Winter2023/CMPT464/Labs/Lab4Exercise2" --include_path="/opt/ti/tirtos_cc13xx_cc26xx_2_21_01_08/products/cc13xxware_2_04_03_17272" --include_path="/opt/ti/ccs1040/ccs/tools/compiler/ti-cgt-arm_20.2.5.LTS/include" -g --c99 --gcc --diag_warning=225 --diag_warning=255 --diag_wrap=off --display_error_number --preproc_with_compile --preproc_dependency="main.d_raw"  "../main.c"
Finished building: "../main.c"
 
Building target: "Lab4Exercise2.out"
Invoking: Arm Linker
"/opt/ti/ccs1040/ccs/tools/compiler/ti-cgt-arm_20.2.5.LTS/bin/armcl" -mv7M3 --code_state=16 -me -g --c99 --gcc --diag_warning=225 --diag_warning=255 --diag_wrap=off --display_error_number -z -m"Lab4Exercise2.map" --heap_size=0 --stack_size=256 -i"/opt/ti/ccs1040/ccs/tools/compiler/ti-cgt-arm_20.2.5.LTS/lib" -i"/opt/ti/ccs1040/ccs/tools/compiler/ti-cgt-arm_20.2.5.LTS/include" --reread_libs --diag_suppress=16002-D --diag_suppress=10247-D --diag_suppress=10325-D --diag_suppress=10229-D --diag_wrap=off --display_error_number --warn_sections --xml_link_info="Lab4Exercise2_linkInfo.xml" --rom_model -o "Lab4Exercise2.out" "./ccfg.obj" "./main.obj" "./startup_ccs.obj" "./timer_module.obj" "./uart_module.obj" "../cc13x0f128.cmd"  -llibc.a -l"/opt/ti/tirtos_cc13xx_cc26xx_2_21_01_08/products/cc13xxware_2_04_03_17272/driverlib/bin/ccs/driverlib.lib" 
<Linking>
Finished building target: "Lab4Exercise2.out"
 

**** Build Finished ****

**** Build of configuration Debug for project Lab4Exercise2 ****

/opt/ti/ccs1040/ccs/utils/bin/gmake -k -j 4 all -O 
 
Building file: "../uart_module.c"
Invoking: Arm Compiler
"/opt/ti/ccs1040/ccs/tools/compiler/ti-cgt-arm_20.2.5.LTS/bin/armcl" -mv7M3 --code_state=16 -me --include_path="/home/martin/Documents/School/Winter2023/CMPT464/Labs/Lab4Exercise2" --include_path="/home/martin/Documents/School/Winter2023/CMPT464/Labs/Lab4Exercise2" --include_path="/opt/ti/tirtos_cc13xx_cc26xx_2_21_01_08/products/cc13xxware_2_04_03_17272" --include_path="/opt/ti/ccs1040/ccs/tools/compiler/ti-cgt-arm_20.2.5.LTS/include" -g --c99 --gcc --diag_warning=225 --diag_warning=255 --diag_wrap=off --display_error_number --preproc_with_compile --preproc_dependency="uart_module.d_raw"  "../uart_module.c"
Finished building: "../uart_module.c"
 
Building target: "Lab4Exercise2.out"
Invoking: Arm Linker
"/opt/ti/ccs1040/ccs/tools/compiler/ti-cgt-arm_20.2.5.LTS/bin/armcl" -mv7M3 --code_state=16 -me -g --c99 --gcc --diag_warning=225 --diag_warning=255 --diag_wrap=off --display_error_number -z -m"Lab4Exercise2.map" --heap_size=0 --stack_size=256 -i"/opt/ti/ccs1040/ccs/tools/compiler/ti-cgt-arm_20.2.5.LTS/lib" -i"/opt/ti/ccs1040/ccs/tools/compiler/ti-cgt-arm_20.2.5.LTS/include" --reread_libs --diag_suppress=16002-D --diag_suppress=10247-D --diag_suppress=10325-D --diag_suppress=10229-D --diag_wrap=off --display_error_number --warn_sections --xml_link_info="Lab4Exercise2_linkInfo.xml" --rom_model -o "Lab4Exercise2.out" "./ccfg.obj" "./main.obj" "./startup_ccs.obj" "./timer_module.obj" "./uart_module.obj" "../cc13x0f128.cmd"  -llibc.a -l"/opt/ti/tirtos_cc13xx_cc26xx_2_21_01_08/products/cc13xxware_2_04_03_17272/driverlib/bin/ccs/driverlib.lib" 
<Linking>
Finished building target: "Lab4Exercise2.out"
 

**** Build Finished ****

**** Build of configuration Debug for project Lab4Exercise2 ****

/opt/ti/ccs1040/ccs/utils/bin/gmake -k -j 4 all -O 
 
gmake[1]: 'Lab4Exercise2.out' is up to date.

**** Build Finished ****

**** Build of configuration Debug for project Lab4Exercise2 ****

/opt/ti/ccs1040/ccs/utils/bin/gmake -k -j 4 all -O 
 
Building file: "../uart_module.c"
Invoking: Arm Compiler
"/opt/ti/ccs1040/ccs/tools/compiler/ti-cgt-arm_20.2.5.LTS/bin/armcl" -mv7M3 --code_state=16 -me --include_path="/home/martin/Documents/School/Winter2023/CMPT464/Labs/Lab4Exercise2" --include_path="/home/martin/Documents/School/Winter2023/CMPT464/Labs/Lab4Exercise2" --include_path="/opt/ti/tirtos_cc13xx_cc26xx_2_21_01_08/products/cc13xxware_2_04_03_17272" --include_path="/opt/ti/ccs1040/ccs/tools/compiler/ti-cgt-arm_20.2.5.LTS/include" -g --c99 --gcc --diag_warning=225 --diag_warning=255 --diag_wrap=off --display_error_number --preproc_with_compile --preproc_dependency="uart_module.d_raw"  "../uart_module.c"
Finished building: "../uart_module.c"
 
Building target: "Lab4Exercise2.out"
Invoking: Arm Linker
"/opt/ti/ccs1040/ccs/tools/compiler/ti-cgt-arm_20.2.5.LTS/bin/armcl" -mv7M3 --code_state=16 -me -g --c99 --gcc --diag_warning=225 --diag_warning=255 --diag_wrap=off --display_error_number -z -m"Lab4Exercise2.map" --heap_size=0 --stack_size=256 -i"/opt/ti/ccs1040/ccs/tools/compiler/ti-cgt-arm_20.2.5.LTS/lib" -i"/opt/ti/ccs1040/ccs/tools/compiler/ti-cgt-arm_20.2.5.LTS/include" --reread_libs --diag_suppress=16002-D --diag_suppress=10247-D --diag_suppress=10325-D --diag_suppress=10229-D --diag_wrap=off --display_error_number --warn_sections --xml_link_info="Lab4Exercise2_linkInfo.xml" --rom_model -o "Lab4Exercise2.out" "./ccfg.obj" "./main.obj" "./startup_ccs.obj" "./timer_module.obj" "./uart_module.obj" "../cc13x0f128.cmd"  -llibc.a -l"/opt/ti/tirtos_cc13xx_cc26xx_2_21_01_08/products/cc13xxware_2_04_03_17272/driverlib/bin/ccs/driverlib.lib" 
<Linking>
Finished building target: "Lab4Exercise2.out"
 

**** Build Finished ****

**** Build of configuration Debug for project Lab4Exercise2 ****

/opt/ti/ccs1040/ccs/utils/bin/gmake -k -j 4 all -O 
 
Building file: "../uart_module.c"
Invoking: Arm Compiler
"/opt/ti/ccs1040/ccs/tools/compiler/ti-cgt-arm_20.2.5.LTS/bin/armcl" -mv7M3 --code_state=16 -me --include_path="/home/martin/Documents/School/Winter2023/CMPT464/Labs/Lab4Exercise2" --include_path="/home/martin/Documents/School/Winter2023/CMPT464/Labs/Lab4Exercise2" --include_path="/opt/ti/tirtos_cc13xx_cc26xx_2_21_01_08/products/cc13xxware_2_04_03_17272" --include_path="/opt/ti/ccs1040/ccs/tools/compiler/ti-cgt-arm_20.2.5.LTS/include" -g --c99 --gcc --diag_warning=225 --diag_warning=255 --diag_wrap=off --display_error_number --preproc_with_compile --preproc_dependency="uart_module.d_raw"  "../uart_module.c"
"../uart_module.c", line 91: warning #225-D: function "UARTFIFODisabled" declared implicitly
Finished building: "../uart_module.c"
 
Building target: "Lab4Exercise2.out"
Invoking: Arm Linker
"/opt/ti/ccs1040/ccs/tools/compiler/ti-cgt-arm_20.2.5.LTS/bin/armcl" -mv7M3 --code_state=16 -me -g --c99 --gcc --diag_warning=225 --diag_warning=255 --diag_wrap=off --display_error_number -z -m"Lab4Exercise2.map" --heap_size=0 --stack_size=256 -i"/opt/ti/ccs1040/ccs/tools/compiler/ti-cgt-arm_20.2.5.LTS/lib" -i"/opt/ti/ccs1040/ccs/tools/compiler/ti-cgt-arm_20.2.5.LTS/include" --reread_libs --diag_suppress=16002-D --diag_suppress=10247-D --diag_suppress=10325-D --diag_suppress=10229-D --diag_wrap=off --display_error_number --warn_sections --xml_link_info="Lab4Exercise2_linkInfo.xml" --rom_model -o "Lab4Exercise2.out" "./ccfg.obj" "./main.obj" "./startup_ccs.obj" "./timer_module.obj" "./uart_module.obj" "../cc13x0f128.cmd"  -llibc.a -l"/opt/ti/tirtos_cc13xx_cc26xx_2_21_01_08/products/cc13xxware_2_04_03_17272/driverlib/bin/ccs/driverlib.lib" 
<Linking>
 
 undefined        first referenced 
  symbol              in file      
 ---------        ---------------- 
 UARTFIFODisabled ./uart_module.obj
 
error #10234-D: unresolved symbols remain
error #10010: errors encountered during linking; "Lab4Exercise2.out" not built
 
>> Compilation failure
makefile:144: recipe for target 'Lab4Exercise2.out' failed
gmake[1]: *** [Lab4Exercise2.out] Error 1
gmake: *** [all] Error 2
makefile:140: recipe for target 'all' failed

**** Build Finished ****

**** Build of configuration Debug for project Lab4Exercise2 ****

/opt/ti/ccs1040/ccs/utils/bin/gmake -k -j 4 all -O 
 
Building file: "../uart_module.c"
Invoking: Arm Compiler
"/opt/ti/ccs1040/ccs/tools/compiler/ti-cgt-arm_20.2.5.LTS/bin/armcl" -mv7M3 --code_state=16 -me --include_path="/home/martin/Documents/School/Winter2023/CMPT464/Labs/Lab4Exercise2" --include_path="/home/martin/Documents/School/Winter2023/CMPT464/Labs/Lab4Exercise2" --include_path="/opt/ti/tirtos_cc13xx_cc26xx_2_21_01_08/products/cc13xxware_2_04_03_17272" --include_path="/opt/ti/ccs1040/ccs/tools/compiler/ti-cgt-arm_20.2.5.LTS/include" -g --c99 --gcc --diag_warning=225 --diag_warning=255 --diag_wrap=off --display_error_number --preproc_with_compile --preproc_dependency="uart_module.d_raw"  "../uart_module.c"
Finished building: "../uart_module.c"
 
Building target: "Lab4Exercise2.out"
Invoking: Arm Linker
"/opt/ti/ccs1040/ccs/tools/compiler/ti-cgt-arm_20.2.5.LTS/bin/armcl" -mv7M3 --code_state=16 -me -g --c99 --gcc --diag_warning=225 --diag_warning=255 --diag_wrap=off --display_error_number -z -m"Lab4Exercise2.map" --heap_size=0 --stack_size=256 -i"/opt/ti/ccs1040/ccs/tools/compiler/ti-cgt-arm_20.2.5.LTS/lib" -i"/opt/ti/ccs1040/ccs/tools/compiler/ti-cgt-arm_20.2.5.LTS/include" --reread_libs --diag_suppress=16002-D --diag_suppress=10247-D --diag_suppress=10325-D --diag_suppress=10229-D --diag_wrap=off --display_error_number --warn_sections --xml_link_info="Lab4Exercise2_linkInfo.xml" --rom_model -o "Lab4Exercise2.out" "./ccfg.obj" "./main.obj" "./startup_ccs.obj" "./timer_module.obj" "./uart_module.obj" "../cc13x0f128.cmd"  -llibc.a -l"/opt/ti/tirtos_cc13xx_cc26xx_2_21_01_08/products/cc13xxware_2_04_03_17272/driverlib/bin/ccs/driverlib.lib" 
<Linking>
Finished building target: "Lab4Exercise2.out"
 

**** Build Finished ****

**** Build of configuration Debug for project Lab4Exercise2 ****

/opt/ti/ccs1040/ccs/utils/bin/gmake -k -j 4 all -O 
 
Building file: "../uart_module.c"
Invoking: Arm Compiler
"/opt/ti/ccs1040/ccs/tools/compiler/ti-cgt-arm_20.2.5.LTS/bin/armcl" -mv7M3 --code_state=16 -me --include_path="/home/martin/Documents/School/Winter2023/CMPT464/Labs/Lab4Exercise2" --include_path="/home/martin/Documents/School/Winter2023/CMPT464/Labs/Lab4Exercise2" --include_path="/opt/ti/tirtos_cc13xx_cc26xx_2_21_01_08/products/cc13xxware_2_04_03_17272" --include_path="/opt/ti/ccs1040/ccs/tools/compiler/ti-cgt-arm_20.2.5.LTS/include" -g --c99 --gcc --diag_warning=225 --diag_warning=255 --diag_wrap=off --display_error_number --preproc_with_compile --preproc_dependency="uart_module.d_raw"  "../uart_module.c"
Finished building: "../uart_module.c"
 
Building target: "Lab4Exercise2.out"
Invoking: Arm Linker
"/opt/ti/ccs1040/ccs/tools/compiler/ti-cgt-arm_20.2.5.LTS/bin/armcl" -mv7M3 --code_state=16 -me -g --c99 --gcc --diag_warning=225 --diag_warning=255 --diag_wrap=off --display_error_number -z -m"Lab4Exercise2.map" --heap_size=0 --stack_size=256 -i"/opt/ti/ccs1040/ccs/tools/compiler/ti-cgt-arm_20.2.5.LTS/lib" -i"/opt/ti/ccs1040/ccs/tools/compiler/ti-cgt-arm_20.2.5.LTS/include" --reread_libs --diag_suppress=16002-D --diag_suppress=10247-D --diag_suppress=10325-D --diag_suppress=10229-D --diag_wrap=off --display_error_number --warn_sections --xml_link_info="Lab4Exercise2_linkInfo.xml" --rom_model -o "Lab4Exercise2.out" "./ccfg.obj" "./main.obj" "./startup_ccs.obj" "./timer_module.obj" "./uart_module.obj" "../cc13x0f128.cmd"  -llibc.a -l"/opt/ti/tirtos_cc13xx_cc26xx_2_21_01_08/products/cc13xxware_2_04_03_17272/driverlib/bin/ccs/driverlib.lib" 
<Linking>
Finished building target: "Lab4Exercise2.out"
 

**** Build Finished ****

**** Build of configuration Debug for project Lab4Exercise2 ****

/opt/ti/ccs1040/ccs/utils/bin/gmake -k -j 4 all -O 
 
Building file: "../uart_module.c"
Invoking: Arm Compiler
"/opt/ti/ccs1040/ccs/tools/compiler/ti-cgt-arm_20.2.5.LTS/bin/armcl" -mv7M3 --code_state=16 -me --include_path="/home/martin/Documents/School/Winter2023/CMPT464/Labs/Lab4Exercise2" --include_path="/home/martin/Documents/School/Winter2023/CMPT464/Labs/Lab4Exercise2" --include_path="/opt/ti/tirtos_cc13xx_cc26xx_2_21_01_08/products/cc13xxware_2_04_03_17272" --include_path="/opt/ti/ccs1040/ccs/tools/compiler/ti-cgt-arm_20.2.5.LTS/include" -g --c99 --gcc --diag_warning=225 --diag_warning=255 --diag_wrap=off --display_error_number --preproc_with_compile --preproc_dependency="uart_module.d_raw"  "../uart_module.c"
Finished building: "../uart_module.c"
 
Building target: "Lab4Exercise2.out"
Invoking: Arm Linker
"/opt/ti/ccs1040/ccs/tools/compiler/ti-cgt-arm_20.2.5.LTS/bin/armcl" -mv7M3 --code_state=16 -me -g --c99 --gcc --diag_warning=225 --diag_warning=255 --diag_wrap=off --display_error_number -z -m"Lab4Exercise2.map" --heap_size=0 --stack_size=256 -i"/opt/ti/ccs1040/ccs/tools/compiler/ti-cgt-arm_20.2.5.LTS/lib" -i"/opt/ti/ccs1040/ccs/tools/compiler/ti-cgt-arm_20.2.5.LTS/include" --reread_libs --diag_suppress=16002-D --diag_suppress=10247-D --diag_suppress=10325-D --diag_suppress=10229-D --diag_wrap=off --display_error_number --warn_sections --xml_link_info="Lab4Exercise2_linkInfo.xml" --rom_model -o "Lab4Exercise2.out" "./ccfg.obj" "./main.obj" "./startup_ccs.obj" "./timer_module.obj" "./uart_module.obj" "../cc13x0f128.cmd"  -llibc.a -l"/opt/ti/tirtos_cc13xx_cc26xx_2_21_01_08/products/cc13xxware_2_04_03_17272/driverlib/bin/ccs/driverlib.lib" 
<Linking>
Finished building target: "Lab4Exercise2.out"
 

**** Build Finished ****

**** Build of configuration Debug for project Lab4Exercise2 ****

/opt/ti/ccs1040/ccs/utils/bin/gmake -k -j 4 all -O 
 
gmake[1]: 'Lab4Exercise2.out' is up to date.

**** Build Finished ****

**** Build of configuration Debug for project Lab4Exercise2 ****

/opt/ti/ccs1040/ccs/utils/bin/gmake -k -j 4 all -O 
 
gmake[1]: 'Lab4Exercise2.out' is up to date.

**** Build Finished ****

**** Build of configuration Debug for project Lab4Exercise2 ****

/opt/ti/ccs1040/ccs/utils/bin/gmake -k -j 4 all -O 
 
Building file: "../uart_module.c"
Invoking: Arm Compiler
"/opt/ti/ccs1040/ccs/tools/compiler/ti-cgt-arm_20.2.5.LTS/bin/armcl" -mv7M3 --code_state=16 -me --include_path="/home/martin/Documents/School/Winter2023/CMPT464/Labs/Lab4Exercise2" --include_path="/home/martin/Documents/School/Winter2023/CMPT464/Labs/Lab4Exercise2" --include_path="/opt/ti/tirtos_cc13xx_cc26xx_2_21_01_08/products/cc13xxware_2_04_03_17272" --include_path="/opt/ti/ccs1040/ccs/tools/compiler/ti-cgt-arm_20.2.5.LTS/include" -g --c99 --gcc --diag_warning=225 --diag_warning=255 --diag_wrap=off --display_error_number --preproc_with_compile --preproc_dependency="uart_module.d_raw"  "../uart_module.c"
Finished building: "../uart_module.c"
 
Building target: "Lab4Exercise2.out"
Invoking: Arm Linker
"/opt/ti/ccs1040/ccs/tools/compiler/ti-cgt-arm_20.2.5.LTS/bin/armcl" -mv7M3 --code_state=16 -me -g --c99 --gcc --diag_warning=225 --diag_warning=255 --diag_wrap=off --display_error_number -z -m"Lab4Exercise2.map" --heap_size=0 --stack_size=256 -i"/opt/ti/ccs1040/ccs/tools/compiler/ti-cgt-arm_20.2.5.LTS/lib" -i"/opt/ti/ccs1040/ccs/tools/compiler/ti-cgt-arm_20.2.5.LTS/include" --reread_libs --diag_suppress=16002-D --diag_suppress=10247-D --diag_suppress=10325-D --diag_suppress=10229-D --diag_wrap=off --display_error_number --warn_sections --xml_link_info="Lab4Exercise2_linkInfo.xml" --rom_model -o "Lab4Exercise2.out" "./ccfg.obj" "./main.obj" "./startup_ccs.obj" "./timer_module.obj" "./uart_module.obj" "../cc13x0f128.cmd"  -llibc.a -l"/opt/ti/tirtos_cc13xx_cc26xx_2_21_01_08/products/cc13xxware_2_04_03_17272/driverlib/bin/ccs/driverlib.lib" 
<Linking>
Finished building target: "Lab4Exercise2.out"
 

**** Build Finished ****

**** Build of configuration Debug for project Lab4Exercise2 ****

/opt/ti/ccs1040/ccs/utils/bin/gmake -k -j 4 all -O 
 
Building file: "../main.c"
Invoking: Arm Compiler
"/opt/ti/ccs1040/ccs/tools/compiler/ti-cgt-arm_20.2.5.LTS/bin/armcl" -mv7M3 --code_state=16 -me --include_path="/home/martin/Documents/School/Winter2023/CMPT464/Labs/Lab4Exercise2" --include_path="/home/martin/Documents/School/Winter2023/CMPT464/Labs/Lab4Exercise2" --include_path="/opt/ti/tirtos_cc13xx_cc26xx_2_21_01_08/products/cc13xxware_2_04_03_17272" --include_path="/opt/ti/ccs1040/ccs/tools/compiler/ti-cgt-arm_20.2.5.LTS/include" -g --c99 --gcc --diag_warning=225 --diag_warning=255 --diag_wrap=off --display_error_number --preproc_with_compile --preproc_dependency="main.d_raw"  "../main.c"
Finished building: "../main.c"
 
Building file: "../uart_module.c"
Invoking: Arm Compiler
"/opt/ti/ccs1040/ccs/tools/compiler/ti-cgt-arm_20.2.5.LTS/bin/armcl" -mv7M3 --code_state=16 -me --include_path="/home/martin/Documents/School/Winter2023/CMPT464/Labs/Lab4Exercise2" --include_path="/home/martin/Documents/School/Winter2023/CMPT464/Labs/Lab4Exercise2" --include_path="/opt/ti/tirtos_cc13xx_cc26xx_2_21_01_08/products/cc13xxware_2_04_03_17272" --include_path="/opt/ti/ccs1040/ccs/tools/compiler/ti-cgt-arm_20.2.5.LTS/include" -g --c99 --gcc --diag_warning=225 --diag_warning=255 --diag_wrap=off --display_error_number --preproc_with_compile --preproc_dependency="uart_module.d_raw"  "../uart_module.c"
Finished building: "../uart_module.c"
 
Building target: "Lab4Exercise2.out"
Invoking: Arm Linker
"/opt/ti/ccs1040/ccs/tools/compiler/ti-cgt-arm_20.2.5.LTS/bin/armcl" -mv7M3 --code_state=16 -me -g --c99 --gcc --diag_warning=225 --diag_warning=255 --diag_wrap=off --display_error_number -z -m"Lab4Exercise2.map" --heap_size=0 --stack_size=256 -i"/opt/ti/ccs1040/ccs/tools/compiler/ti-cgt-arm_20.2.5.LTS/lib" -i"/opt/ti/ccs1040/ccs/tools/compiler/ti-cgt-arm_20.2.5.LTS/include" --reread_libs --diag_suppress=16002-D --diag_suppress=10247-D --diag_suppress=10325-D --diag_suppress=10229-D --diag_wrap=off --display_error_number --warn_sections --xml_link_info="Lab4Exercise2_linkInfo.xml" --rom_model -o "Lab4Exercise2.out" "./ccfg.obj" "./main.obj" "./startup_ccs.obj" "./timer_module.obj" "./uart_module.obj" "../cc13x0f128.cmd"  -llibc.a -l"/opt/ti/tirtos_cc13xx_cc26xx_2_21_01_08/products/cc13xxware_2_04_03_17272/driverlib/bin/ccs/driverlib.lib" 
<Linking>
Finished building target: "Lab4Exercise2.out"
 

**** Build Finished ****

**** Build of configuration Debug for project Lab4Exercise2 ****

/opt/ti/ccs1040/ccs/utils/bin/gmake -k -j 4 all -O 
 
Building file: "../main.c"
Invoking: Arm Compiler
"/opt/ti/ccs1040/ccs/tools/compiler/ti-cgt-arm_20.2.5.LTS/bin/armcl" -mv7M3 --code_state=16 -me --include_path="/home/martin/Documents/School/Winter2023/CMPT464/Labs/Lab4Exercise2" --include_path="/home/martin/Documents/School/Winter2023/CMPT464/Labs/Lab4Exercise2" --include_path="/opt/ti/tirtos_cc13xx_cc26xx_2_21_01_08/products/cc13xxware_2_04_03_17272" --include_path="/opt/ti/ccs1040/ccs/tools/compiler/ti-cgt-arm_20.2.5.LTS/include" -g --c99 --gcc --diag_warning=225 --diag_warning=255 --diag_wrap=off --display_error_number --preproc_with_compile --preproc_dependency="main.d_raw"  "../main.c"
 
>> Compilation failure
subdir_rules.mk:7: recipe for target 'main.obj' failed
"../main.c", line 42: error #29: expected an expression
"../main.c", line 43: error #128: expected a statement
2 errors detected in the compilation of "../main.c".
gmake: *** [main.obj] Error 1
gmake: Target 'all' not remade because of errors.

**** Build Finished ****

**** Build of configuration Debug for project Lab4Exercise2 ****

/opt/ti/ccs1040/ccs/utils/bin/gmake -k -j 4 all -O 
 
Building file: "../main.c"
Invoking: Arm Compiler
"/opt/ti/ccs1040/ccs/tools/compiler/ti-cgt-arm_20.2.5.LTS/bin/armcl" -mv7M3 --code_state=16 -me --include_path="/home/martin/Documents/School/Winter2023/CMPT464/Labs/Lab4Exercise2" --include_path="/home/martin/Documents/School/Winter2023/CMPT464/Labs/Lab4Exercise2" --include_path="/opt/ti/tirtos_cc13xx_cc26xx_2_21_01_08/products/cc13xxware_2_04_03_17272" --include_path="/opt/ti/ccs1040/ccs/tools/compiler/ti-cgt-arm_20.2.5.LTS/include" -g --c99 --gcc --diag_warning=225 --diag_warning=255 --diag_wrap=off --display_error_number --preproc_with_compile --preproc_dependency="main.d_raw"  "../main.c"
 
>> Compilation failure
subdir_rules.mk:7: recipe for target 'main.obj' failed
"../main.c", line 44: error #66: expected a ";"
At end of source: warning #12-D: parsing restarts here after previous syntax error
At end of source: error #68: expected a "}"
2 errors detected in the compilation of "../main.c".
gmake: *** [main.obj] Error 1
gmake: Target 'all' not remade because of errors.

**** Build Finished ****

**** Build of configuration Debug for project Lab4Exercise2 ****

/opt/ti/ccs1040/ccs/utils/bin/gmake -k -j 4 all -O 
 
Building file: "../main.c"
Invoking: Arm Compiler
"/opt/ti/ccs1040/ccs/tools/compiler/ti-cgt-arm_20.2.5.LTS/bin/armcl" -mv7M3 --code_state=16 -me --include_path="/home/martin/Documents/School/Winter2023/CMPT464/Labs/Lab4Exercise2" --include_path="/home/martin/Documents/School/Winter2023/CMPT464/Labs/Lab4Exercise2" --include_path="/opt/ti/tirtos_cc13xx_cc26xx_2_21_01_08/products/cc13xxware_2_04_03_17272" --include_path="/opt/ti/ccs1040/ccs/tools/compiler/ti-cgt-arm_20.2.5.LTS/include" -g --c99 --gcc --diag_warning=225 --diag_warning=255 --diag_wrap=off --display_error_number --preproc_with_compile --preproc_dependency="main.d_raw"  "../main.c"
Finished building: "../main.c"
 
Building target: "Lab4Exercise2.out"
Invoking: Arm Linker
"/opt/ti/ccs1040/ccs/tools/compiler/ti-cgt-arm_20.2.5.LTS/bin/armcl" -mv7M3 --code_state=16 -me -g --c99 --gcc --diag_warning=225 --diag_warning=255 --diag_wrap=off --display_error_number -z -m"Lab4Exercise2.map" --heap_size=0 --stack_size=256 -i"/opt/ti/ccs1040/ccs/tools/compiler/ti-cgt-arm_20.2.5.LTS/lib" -i"/opt/ti/ccs1040/ccs/tools/compiler/ti-cgt-arm_20.2.5.LTS/include" --reread_libs --diag_suppress=16002-D --diag_suppress=10247-D --diag_suppress=10325-D --diag_suppress=10229-D --diag_wrap=off --display_error_number --warn_sections --xml_link_info="Lab4Exercise2_linkInfo.xml" --rom_model -o "Lab4Exercise2.out" "./ccfg.obj" "./main.obj" "./startup_ccs.obj" "./timer_module.obj" "./uart_module.obj" "../cc13x0f128.cmd"  -llibc.a -l"/opt/ti/tirtos_cc13xx_cc26xx_2_21_01_08/products/cc13xxware_2_04_03_17272/driverlib/bin/ccs/driverlib.lib" 
<Linking>
Finished building target: "Lab4Exercise2.out"
 

**** Build Finished ****

**** Build of configuration Debug for project Lab4Exercise2 ****

/opt/ti/ccs1040/ccs/utils/bin/gmake -k -j 4 all -O 
 
Building file: "../main.c"
Invoking: Arm Compiler
"/opt/ti/ccs1040/ccs/tools/compiler/ti-cgt-arm_20.2.5.LTS/bin/armcl" -mv7M3 --code_state=16 -me --include_path="/home/martin/Documents/School/Winter2023/CMPT464/Labs/Lab4Exercise2" --include_path="/home/martin/Documents/School/Winter2023/CMPT464/Labs/Lab4Exercise2" --include_path="/opt/ti/tirtos_cc13xx_cc26xx_2_21_01_08/products/cc13xxware_2_04_03_17272" --include_path="/opt/ti/ccs1040/ccs/tools/compiler/ti-cgt-arm_20.2.5.LTS/include" -g --c99 --gcc --diag_warning=225 --diag_warning=255 --diag_wrap=off --display_error_number --preproc_with_compile --preproc_dependency="main.d_raw"  "../main.c"
Finished building: "../main.c"
 
Building target: "Lab4Exercise2.out"
Invoking: Arm Linker
"/opt/ti/ccs1040/ccs/tools/compiler/ti-cgt-arm_20.2.5.LTS/bin/armcl" -mv7M3 --code_state=16 -me -g --c99 --gcc --diag_warning=225 --diag_warning=255 --diag_wrap=off --display_error_number -z -m"Lab4Exercise2.map" --heap_size=0 --stack_size=256 -i"/opt/ti/ccs1040/ccs/tools/compiler/ti-cgt-arm_20.2.5.LTS/lib" -i"/opt/ti/ccs1040/ccs/tools/compiler/ti-cgt-arm_20.2.5.LTS/include" --reread_libs --diag_suppress=16002-D --diag_suppress=10247-D --diag_suppress=10325-D --diag_suppress=10229-D --diag_wrap=off --display_error_number --warn_sections --xml_link_info="Lab4Exercise2_linkInfo.xml" --rom_model -o "Lab4Exercise2.out" "./ccfg.obj" "./main.obj" "./startup_ccs.obj" "./timer_module.obj" "./uart_module.obj" "../cc13x0f128.cmd"  -llibc.a -l"/opt/ti/tirtos_cc13xx_cc26xx_2_21_01_08/products/cc13xxware_2_04_03_17272/driverlib/bin/ccs/driverlib.lib" 
<Linking>
Finished building target: "Lab4Exercise2.out"
 

**** Build Finished ****

**** Build of configuration Debug for project Lab4Exercise2 ****

/opt/ti/ccs1040/ccs/utils/bin/gmake -k -j 4 all -O 
 
Building file: "../uart_module.c"
Invoking: Arm Compiler
"/opt/ti/ccs1040/ccs/tools/compiler/ti-cgt-arm_20.2.5.LTS/bin/armcl" -mv7M3 --code_state=16 -me --include_path="/home/martin/Documents/School/Winter2023/CMPT464/Labs/Lab4Exercise2" --include_path="/home/martin/Documents/School/Winter2023/CMPT464/Labs/Lab4Exercise2" --include_path="/opt/ti/tirtos_cc13xx_cc26xx_2_21_01_08/products/cc13xxware_2_04_03_17272" --include_path="/opt/ti/ccs1040/ccs/tools/compiler/ti-cgt-arm_20.2.5.LTS/include" -g --c99 --gcc --diag_warning=225 --diag_warning=255 --diag_wrap=off --display_error_number --preproc_with_compile --preproc_dependency="uart_module.d_raw"  "../uart_module.c"
Finished building: "../uart_module.c"
 
Building target: "Lab4Exercise2.out"
Invoking: Arm Linker
"/opt/ti/ccs1040/ccs/tools/compiler/ti-cgt-arm_20.2.5.LTS/bin/armcl" -mv7M3 --code_state=16 -me -g --c99 --gcc --diag_warning=225 --diag_warning=255 --diag_wrap=off --display_error_number -z -m"Lab4Exercise2.map" --heap_size=0 --stack_size=256 -i"/opt/ti/ccs1040/ccs/tools/compiler/ti-cgt-arm_20.2.5.LTS/lib" -i"/opt/ti/ccs1040/ccs/tools/compiler/ti-cgt-arm_20.2.5.LTS/include" --reread_libs --diag_suppress=16002-D --diag_suppress=10247-D --diag_suppress=10325-D --diag_suppress=10229-D --diag_wrap=off --display_error_number --warn_sections --xml_link_info="Lab4Exercise2_linkInfo.xml" --rom_model -o "Lab4Exercise2.out" "./ccfg.obj" "./main.obj" "./startup_ccs.obj" "./timer_module.obj" "./uart_module.obj" "../cc13x0f128.cmd"  -llibc.a -l"/opt/ti/tirtos_cc13xx_cc26xx_2_21_01_08/products/cc13xxware_2_04_03_17272/driverlib/bin/ccs/driverlib.lib" 
<Linking>
Finished building target: "Lab4Exercise2.out"
 

**** Build Finished ****

**** Build of configuration Debug for project Lab4Exercise2 ****

/opt/ti/ccs1040/ccs/utils/bin/gmake -k -j 4 all -O 
 
gmake[1]: 'Lab4Exercise2.out' is up to date.

**** Build Finished ****

**** Build of configuration Debug for project Lab4Exercise2 ****

/opt/ti/ccs1040/ccs/utils/bin/gmake -k -j 4 all -O 
 
gmake[1]: 'Lab4Exercise2.out' is up to date.

**** Build Finished ****

**** Build of configuration Debug for project Lab4Exercise2 ****

/opt/ti/ccs1040/ccs/utils/bin/gmake -k -j 4 all -O 
 
gmake[1]: 'Lab4Exercise2.out' is up to date.

**** Build Finished ****

**** Build of configuration Debug for project Lab4Exercise2 ****

/opt/ti/ccs1040/ccs/utils/bin/gmake -k -j 4 all -O 
 
gmake[1]: 'Lab4Exercise2.out' is up to date.

**** Build Finished ****

**** Build of configuration Debug for project Lab4Exercise2 ****

/opt/ti/ccs1040/ccs/utils/bin/gmake -k -j 4 all -O 
 
Building file: "../main.c"
Invoking: Arm Compiler
"/opt/ti/ccs1040/ccs/tools/compiler/ti-cgt-arm_20.2.5.LTS/bin/armcl" -mv7M3 --code_state=16 -me --include_path="/home/martin/Documents/School/Winter2023/CMPT464/Labs/Lab4Exercise2" --include_path="/home/martin/Documents/School/Winter2023/CMPT464/Labs/Lab4Exercise2" --include_path="/opt/ti/tirtos_cc13xx_cc26xx_2_21_01_08/products/cc13xxware_2_04_03_17272" --include_path="/opt/ti/ccs1040/ccs/tools/compiler/ti-cgt-arm_20.2.5.LTS/include" -g --c99 --gcc --diag_warning=225 --diag_warning=255 --diag_wrap=off --display_error_number --preproc_with_compile --preproc_dependency="main.d_raw"  "../main.c"
Finished building: "../main.c"
 
Building file: "../timer_module.c"
Invoking: Arm Compiler
"/opt/ti/ccs1040/ccs/tools/compiler/ti-cgt-arm_20.2.5.LTS/bin/armcl" -mv7M3 --code_state=16 -me --include_path="/home/martin/Documents/School/Winter2023/CMPT464/Labs/Lab4Exercise2" --include_path="/home/martin/Documents/School/Winter2023/CMPT464/Labs/Lab4Exercise2" --include_path="/opt/ti/tirtos_cc13xx_cc26xx_2_21_01_08/products/cc13xxware_2_04_03_17272" --include_path="/opt/ti/ccs1040/ccs/tools/compiler/ti-cgt-arm_20.2.5.LTS/include" -g --c99 --gcc --diag_warning=225 --diag_warning=255 --diag_wrap=off --display_error_number --preproc_with_compile --preproc_dependency="timer_module.d_raw"  "../timer_module.c"
Finished building: "../timer_module.c"
 
Building file: "../uart_module.c"
Invoking: Arm Compiler
"/opt/ti/ccs1040/ccs/tools/compiler/ti-cgt-arm_20.2.5.LTS/bin/armcl" -mv7M3 --code_state=16 -me --include_path="/home/martin/Documents/School/Winter2023/CMPT464/Labs/Lab4Exercise2" --include_path="/home/martin/Documents/School/Winter2023/CMPT464/Labs/Lab4Exercise2" --include_path="/opt/ti/tirtos_cc13xx_cc26xx_2_21_01_08/products/cc13xxware_2_04_03_17272" --include_path="/opt/ti/ccs1040/ccs/tools/compiler/ti-cgt-arm_20.2.5.LTS/include" -g --c99 --gcc --diag_warning=225 --diag_warning=255 --diag_wrap=off --display_error_number --preproc_with_compile --preproc_dependency="uart_module.d_raw"  "../uart_module.c"
Finished building: "../uart_module.c"
 
Building target: "Lab4Exercise2.out"
Invoking: Arm Linker
"/opt/ti/ccs1040/ccs/tools/compiler/ti-cgt-arm_20.2.5.LTS/bin/armcl" -mv7M3 --code_state=16 -me -g --c99 --gcc --diag_warning=225 --diag_warning=255 --diag_wrap=off --display_error_number -z -m"Lab4Exercise2.map" --heap_size=0 --stack_size=256 -i"/opt/ti/ccs1040/ccs/tools/compiler/ti-cgt-arm_20.2.5.LTS/lib" -i"/opt/ti/ccs1040/ccs/tools/compiler/ti-cgt-arm_20.2.5.LTS/include" --reread_libs --diag_suppress=16002-D --diag_suppress=10247-D --diag_suppress=10325-D --diag_suppress=10229-D --diag_wrap=off --display_error_number --warn_sections --xml_link_info="Lab4Exercise2_linkInfo.xml" --rom_model -o "Lab4Exercise2.out" "./ccfg.obj" "./main.obj" "./startup_ccs.obj" "./timer_module.obj" "./uart_module.obj" "../cc13x0f128.cmd"  -llibc.a -l"/opt/ti/tirtos_cc13xx_cc26xx_2_21_01_08/products/cc13xxware_2_04_03_17272/driverlib/bin/ccs/driverlib.lib" 
<Linking>
Finished building target: "Lab4Exercise2.out"
 

**** Build Finished ****

**** Build of configuration Debug for project Lab4Exercise2 ****

/opt/ti/ccs1040/ccs/utils/bin/gmake -k -j 4 all -O 
 
Building file: "../main.c"
Invoking: Arm Compiler
"/opt/ti/ccs1040/ccs/tools/compiler/ti-cgt-arm_20.2.5.LTS/bin/armcl" -mv7M3 --code_state=16 -me --include_path="/home/martin/Documents/School/Winter2023/CMPT464/Labs/Lab4Exercise2" --include_path="/home/martin/Documents/School/Winter2023/CMPT464/Labs/Lab4Exercise2" --include_path="/opt/ti/tirtos_cc13xx_cc26xx_2_21_01_08/products/cc13xxware_2_04_03_17272" --include_path="/opt/ti/ccs1040/ccs/tools/compiler/ti-cgt-arm_20.2.5.LTS/include" -g --c99 --gcc --diag_warning=225 --diag_warning=255 --diag_wrap=off --display_error_number --preproc_with_compile --preproc_dependency="main.d_raw"  "../main.c"
Finished building: "../main.c"
 
Building target: "Lab4Exercise2.out"
Invoking: Arm Linker
"/opt/ti/ccs1040/ccs/tools/compiler/ti-cgt-arm_20.2.5.LTS/bin/armcl" -mv7M3 --code_state=16 -me -g --c99 --gcc --diag_warning=225 --diag_warning=255 --diag_wrap=off --display_error_number -z -m"Lab4Exercise2.map" --heap_size=0 --stack_size=256 -i"/opt/ti/ccs1040/ccs/tools/compiler/ti-cgt-arm_20.2.5.LTS/lib" -i"/opt/ti/ccs1040/ccs/tools/compiler/ti-cgt-arm_20.2.5.LTS/include" --reread_libs --diag_suppress=16002-D --diag_suppress=10247-D --diag_suppress=10325-D --diag_suppress=10229-D --diag_wrap=off --display_error_number --warn_sections --xml_link_info="Lab4Exercise2_linkInfo.xml" --rom_model -o "Lab4Exercise2.out" "./ccfg.obj" "./main.obj" "./startup_ccs.obj" "./timer_module.obj" "./uart_module.obj" "../cc13x0f128.cmd"  -llibc.a -l"/opt/ti/tirtos_cc13xx_cc26xx_2_21_01_08/products/cc13xxware_2_04_03_17272/driverlib/bin/ccs/driverlib.lib" 
<Linking>
Finished building target: "Lab4Exercise2.out"
 

**** Build Finished ****

**** Build of configuration Debug for project Lab4Exercise2 ****

/opt/ti/ccs1040/ccs/utils/bin/gmake -k -j 4 all -O 
 
Building file: "../uart_module.c"
Invoking: Arm Compiler
"/opt/ti/ccs1040/ccs/tools/compiler/ti-cgt-arm_20.2.5.LTS/bin/armcl" -mv7M3 --code_state=16 -me --include_path="/home/martin/Documents/School/Winter2023/CMPT464/Labs/Lab4Exercise2" --include_path="/home/martin/Documents/School/Winter2023/CMPT464/Labs/Lab4Exercise2" --include_path="/opt/ti/tirtos_cc13xx_cc26xx_2_21_01_08/products/cc13xxware_2_04_03_17272" --include_path="/opt/ti/ccs1040/ccs/tools/compiler/ti-cgt-arm_20.2.5.LTS/include" -g --c99 --gcc --diag_warning=225 --diag_warning=255 --diag_wrap=off --display_error_number --preproc_with_compile --preproc_dependency="uart_module.d_raw"  "../uart_module.c"
Finished building: "../uart_module.c"
 
Building target: "Lab4Exercise2.out"
Invoking: Arm Linker
"/opt/ti/ccs1040/ccs/tools/compiler/ti-cgt-arm_20.2.5.LTS/bin/armcl" -mv7M3 --code_state=16 -me -g --c99 --gcc --diag_warning=225 --diag_warning=255 --diag_wrap=off --display_error_number -z -m"Lab4Exercise2.map" --heap_size=0 --stack_size=256 -i"/opt/ti/ccs1040/ccs/tools/compiler/ti-cgt-arm_20.2.5.LTS/lib" -i"/opt/ti/ccs1040/ccs/tools/compiler/ti-cgt-arm_20.2.5.LTS/include" --reread_libs --diag_suppress=16002-D --diag_suppress=10247-D --diag_suppress=10325-D --diag_suppress=10229-D --diag_wrap=off --display_error_number --warn_sections --xml_link_info="Lab4Exercise2_linkInfo.xml" --rom_model -o "Lab4Exercise2.out" "./ccfg.obj" "./main.obj" "./startup_ccs.obj" "./timer_module.obj" "./uart_module.obj" "../cc13x0f128.cmd"  -llibc.a -l"/opt/ti/tirtos_cc13xx_cc26xx_2_21_01_08/products/cc13xxware_2_04_03_17272/driverlib/bin/ccs/driverlib.lib" 
<Linking>
Finished building target: "Lab4Exercise2.out"
 

**** Build Finished ****

**** Build of configuration Debug for project Lab4Exercise2 ****

/opt/ti/ccs1040/ccs/utils/bin/gmake -k -j 4 all -O 
 
gmake[1]: 'Lab4Exercise2.out' is up to date.

**** Build Finished ****

**** Build of configuration Debug for project Lab4Exercise2 ****

/opt/ti/ccs1040/ccs/utils/bin/gmake -k -j 4 all -O 
 
gmake[1]: 'Lab4Exercise2.out' is up to date.

**** Build Finished ****
